

Microchip MPLAB XC8 Assembler V2.20 build 20200408173844 
                                                                                               Sun Nov 15 09:43:38 2020

Microchip MPLAB XC8 C Compiler v2.20 (Free license) build 20200408173844 Og1 
     1                           	processor	16F628A
     2                           	pagewidth 120
     3                           	opt	flic
     4                           	psect	cinit,global,class=CODE,merge=1,delta=2
     5                           	psect	cstackCOMMON,global,class=COMMON,space=1,delta=1,noexec
     6                           	psect	maintext,global,class=CODE,split=1,delta=2
     7                           	psect	config,global,abs,ovrld,class=CONFIG,space=4,delta=2,noexec
     8                           	dabs	1,0x7E,2
     9  0000                     
    10                           ; Version 2.20
    11                           ; Generated 12/02/2020 GMT
    12                           ; 
    13                           ; Copyright © 2020, Microchip Technology Inc. and its subsidiaries ("Microchip")
    14                           ; All rights reserved.
    15                           ; 
    16                           ; This software is developed by Microchip Technology Inc. and its subsidiaries ("Microch
      +                          ip").
    17                           ; 
    18                           ; Redistribution and use in source and binary forms, with or without modification, are
    19                           ; permitted provided that the following conditions are met:
    20                           ; 
    21                           ;     1. Redistributions of source code must retain the above copyright notice, this lis
      +                          t of
    22                           ;        conditions and the following disclaimer.
    23                           ; 
    24                           ;     2. Redistributions in binary form must reproduce the above copyright notice, this 
      +                          list
    25                           ;        of conditions and the following disclaimer in the documentation and/or other
    26                           ;        materials provided with the distribution.
    27                           ; 
    28                           ;     3. Microchip's name may not be used to endorse or promote products derived from th
      +                          is
    29                           ;        software without specific prior written permission.
    30                           ; 
    31                           ; THIS SOFTWARE IS PROVIDED BY MICROCHIP "AS IS" AND ANY EXPRESS OR IMPLIED WARRANTIES,
    32                           ; INCLUDING, BUT NOT LIMITED TO, THE IMPLIED WARRANTIES OF MERCHANTABILITY AND FITNESS F
      +                          OR
    33                           ; PURPOSE ARE DISCLAIMED.  IN NO EVENT SHALL MICROCHIP BE LIABLE FOR ANY DIRECT, INDIREC
      +                          T,
    34                           ; INCIDENTAL, SPECIAL, EXEMPLARY, OR CONSEQUENTIAL DAMAGES (INCLUDING BUT NOT LIMITED TO
    35                           ; PROCUREMENT OF SUBSTITUTE GOODS OR SERVICES; LOSS OF USE, DATA OR PROFITS; OR BUSINESS
    36                           ; INTERRUPTION) HOWSOEVER CAUSED AND ON ANY THEORY OF LIABILITY, WHETHER IN CONTRACT, ST
      +                          RICT
    37                           ; LIABILITY, OR TORT (INCLUDING NEGLIGENCE OR OTHERWISE) ARISING IN ANY WAY OUT OF THE U
      +                          SE OF
    38                           ; THIS SOFTWARE, EVEN IF ADVISED OF THE POSSIBILITY OF SUCH DAMAGE.
    39                           ; 
    40                           ; 
    41                           ; Code-generator required, PIC16F628A Definitions
    42                           ; 
    43                           ; SFR Addresses
    44  0000                     	;# 
    45  0001                     	;# 
    46  0002                     	;# 
    47  0003                     	;# 
    48  0004                     	;# 
    49  0005                     	;# 
    50  0006                     	;# 
    51  000A                     	;# 
    52  000B                     	;# 
    53  000C                     	;# 
    54  000E                     	;# 
    55  000E                     	;# 
    56  000F                     	;# 
    57  0010                     	;# 
    58  0011                     	;# 
    59  0012                     	;# 
    60  0015                     	;# 
    61  0015                     	;# 
    62  0016                     	;# 
    63  0017                     	;# 
    64  0018                     	;# 
    65  0019                     	;# 
    66  001A                     	;# 
    67  001F                     	;# 
    68  0081                     	;# 
    69  0085                     	;# 
    70  0086                     	;# 
    71  008C                     	;# 
    72  008E                     	;# 
    73  0092                     	;# 
    74  0098                     	;# 
    75  0099                     	;# 
    76  009A                     	;# 
    77  009B                     	;# 
    78  009C                     	;# 
    79  009D                     	;# 
    80  009F                     	;# 
    81  0000                     	;# 
    82  0001                     	;# 
    83  0002                     	;# 
    84  0003                     	;# 
    85  0004                     	;# 
    86  0005                     	;# 
    87  0006                     	;# 
    88  000A                     	;# 
    89  000B                     	;# 
    90  000C                     	;# 
    91  000E                     	;# 
    92  000E                     	;# 
    93  000F                     	;# 
    94  0010                     	;# 
    95  0011                     	;# 
    96  0012                     	;# 
    97  0015                     	;# 
    98  0015                     	;# 
    99  0016                     	;# 
   100  0017                     	;# 
   101  0018                     	;# 
   102  0019                     	;# 
   103  001A                     	;# 
   104  001F                     	;# 
   105  0081                     	;# 
   106  0085                     	;# 
   107  0086                     	;# 
   108  008C                     	;# 
   109  008E                     	;# 
   110  0092                     	;# 
   111  0098                     	;# 
   112  0099                     	;# 
   113  009A                     	;# 
   114  009B                     	;# 
   115  009C                     	;# 
   116  009D                     	;# 
   117  009F                     	;# 
   118  0031                     _RB1	set	49
   119  0030                     _RB0	set	48
   120  0086                     _TRISB	set	134
   121                           
   122                           	psect	cinit
   123  07FE                     start_initialization:	
   124                           ; #config settings
   125                           
   126  07FE                     __initialization:
   127  07FE                     end_of_initialization:	
   128                           ;End of C runtime variable initialization code
   129                           
   130  07FE                     __end_of__initialization:
   131  07FE  0183               	clrf	3
   132  07FF  2FD7               	ljmp	_main	;jump to C main() function
   133                           
   134                           	psect	cstackCOMMON
   135  0070                     __pcstackCOMMON:
   136  0070                     ?_main:
   137  0070                     ??_main:	
   138                           ; 1 bytes @ 0x0
   139                           
   140                           
   141                           ; 1 bytes @ 0x0
   142  0070                     	ds	3
   143                           
   144                           	psect	maintext
   145  07D7                     __pmaintext:	
   146 ;;
   147 ;;Main: autosize = 0, tempsize = 3, incstack = 0, save=0
   148 ;;
   149 ;; *************** function _main *****************
   150 ;; Defined at:
   151 ;;		line 23 in file "main.c"
   152 ;; Parameters:    Size  Location     Type
   153 ;;		None
   154 ;; Auto vars:     Size  Location     Type
   155 ;;		None
   156 ;; Return value:  Size  Location     Type
   157 ;;                  1    wreg      void 
   158 ;; Registers used:
   159 ;;		wreg, status,2
   160 ;; Tracked objects:
   161 ;;		On entry : B00/0
   162 ;;		On exit  : 0/0
   163 ;;		Unchanged: 0/0
   164 ;; Data sizes:     COMMON   BANK0   BANK1   BANK2
   165 ;;      Params:         0       0       0       0
   166 ;;      Locals:         0       0       0       0
   167 ;;      Temps:          3       0       0       0
   168 ;;      Totals:         3       0       0       0
   169 ;;Total ram usage:        3 bytes
   170 ;; This function calls:
   171 ;;		Nothing
   172 ;; This function is called by:
   173 ;;		Startup code after reset
   174 ;; This function uses a non-reentrant model
   175 ;;
   176                           
   177                           
   178                           ;psect for function _main
   179  07D7                     _main:
   180  07D7                     l608:	
   181                           ;incstack = 0
   182                           ; Regs used in _main: [wreg+status,2]
   183                           
   184                           
   185                           ;main.c: 25:     TRISB = 0x00;
   186  07D7  1683               	bsf	3,5	;RP0=1, select bank1
   187  07D8  1303               	bcf	3,6	;RP1=0, select bank1
   188  07D9  0186               	clrf	6	;volatile
   189  07DA                     l610:
   190                           
   191                           ;main.c: 28:     {;main.c: 30:         RB0 = 0;
   192  07DA  1283               	bcf	3,5	;RP0=0, select bank0
   193  07DB  1303               	bcf	3,6	;RP1=0, select bank0
   194  07DC  1006               	bcf	6,0	;volatile
   195  07DD                     l612:
   196                           
   197                           ;main.c: 31:         RB1 = 1;
   198  07DD  1486               	bsf	6,1	;volatile
   199  07DE                     l614:
   200                           
   201                           ;main.c: 33:         _delay((unsigned long)((400)*(10000000/4000.0)));
   202  07DE  3006               	movlw	6
   203  07DF  00F2               	movwf	??_main+2
   204  07E0  3013               	movlw	19
   205  07E1  00F1               	movwf	??_main+1
   206  07E2  30AD               	movlw	173
   207  07E3  00F0               	movwf	??_main
   208  07E4                     u17:
   209  07E4  0BF0               	decfsz	??_main,f
   210  07E5  2FE4               	goto	u17
   211  07E6  0BF1               	decfsz	??_main+1,f
   212  07E7  2FE4               	goto	u17
   213  07E8  0BF2               	decfsz	??_main+2,f
   214  07E9  2FE4               	goto	u17
   215  07EA  2FEB               	nop2
   216  07EB                     l616:
   217                           
   218                           ;main.c: 36:         RB0 = 1;
   219  07EB  1283               	bcf	3,5	;RP0=0, select bank0
   220  07EC  1303               	bcf	3,6	;RP1=0, select bank0
   221  07ED  1406               	bsf	6,0	;volatile
   222  07EE                     l618:
   223                           
   224                           ;main.c: 37:         RB1 = 0;
   225  07EE  1086               	bcf	6,1	;volatile
   226  07EF                     l620:
   227                           
   228                           ;main.c: 39:          _delay((unsigned long)((400)*(10000000/4000.0)));
   229  07EF  3006               	movlw	6
   230  07F0  00F2               	movwf	??_main+2
   231  07F1  3013               	movlw	19
   232  07F2  00F1               	movwf	??_main+1
   233  07F3  30AD               	movlw	173
   234  07F4  00F0               	movwf	??_main
   235  07F5                     u27:
   236  07F5  0BF0               	decfsz	??_main,f
   237  07F6  2FF5               	goto	u27
   238  07F7  0BF1               	decfsz	??_main+1,f
   239  07F8  2FF5               	goto	u27
   240  07F9  0BF2               	decfsz	??_main+2,f
   241  07FA  2FF5               	goto	u27
   242  07FB  2FFC               	nop2
   243  07FC  2FDA               	goto	l610
   244  07FD  2800               	ljmp	start
   245  07FE                     __end_of_main:
   246  007E                     btemp	set	126	;btemp
   247  007E                     wtemp0	set	126
   248                           
   249                           	psect	config
   250                           
   251                           ;Config register CONFIG @ 0x2007
   252                           ;	Oscillator Selection bits
   253                           ;	FOSC = INTOSCIO, INTOSC oscillator: I/O function on RA6/OSC2/CLKOUT pin, I/O function 
      +                          on RA7/OSC1/CLKIN
   254                           ;	Watchdog Timer Enable bit
   255                           ;	WDTE = OFF, WDT disabled
   256                           ;	Power-up Timer Enable bit
   257                           ;	PWRTE = OFF, PWRT disabled
   258                           ;	RA5/MCLR/VPP Pin Function Select bit
   259                           ;	MCLRE = ON, RA5/MCLR/VPP pin function is MCLR
   260                           ;	Brown-out Detect Enable bit
   261                           ;	BOREN = OFF, BOD disabled
   262                           ;	Low-Voltage Programming Enable bit
   263                           ;	LVP = OFF, RB4/PGM pin has digital I/O function, HV on MCLR must be used for programmi
      +                          ng
   264                           ;	Data EE Memory Code Protection bit
   265                           ;	CPD = OFF, Data memory code protection off
   266                           ;	Flash Program Memory Code Protection bit
   267                           ;	CP = OFF, Code protection off
   268  2007                     	org	8199
   269  2007  3F38               	dw	16184

Data Sizes:
    Strings     0
    Constant    0
    Data        0
    BSS         0
    Persistent  0
    Stack       0

Auto Spaces:
    Space          Size  Autos    Used
    COMMON           14      3       3
    BANK0            80      0       0
    BANK1            80      0       0
    BANK2            48      0       0

Pointer List with Targets:

    None.

Critical Paths under _main in COMMON

    None.

Critical Paths under _main in BANK0

    None.

Critical Paths under _main in BANK1

    None.

Critical Paths under _main in BANK2

    None.

Call Graph Tables:

 ---------------------------------------------------------------------------------
 (Depth) Function   	        Calls       Base Space   Used Autos Params    Refs
 ---------------------------------------------------------------------------------
 (0) _main                                                 3     3      0       0
                                              0 COMMON     3     3      0
 ---------------------------------------------------------------------------------
 Estimated maximum stack depth 0
 ---------------------------------------------------------------------------------

 Call Graph Graphs:

 _main (ROOT)

 Address spaces:
Name               Size   Autos  Total    Cost      Usage
BITCOMMON            E      0       0       0        0.0%
EEDATA              80      0       0       0        0.0%
NULL                 0      0       0       0        0.0%
CODE                 0      0       0       0        0.0%
COMMON               E      3       3       1       21.4%
BITSFR0              0      0       0       1        0.0%
SFR0                 0      0       0       1        0.0%
BITSFR1              0      0       0       2        0.0%
SFR1                 0      0       0       2        0.0%
STACK                0      0       0       2        0.0%
BANK0               50      0       0       3        0.0%
BITSFR3              0      0       0       4        0.0%
SFR3                 0      0       0       4        0.0%
ABS                  0      0       0       4        0.0%
BITBANK0            50      0       0       5        0.0%
BITSFR2              0      0       0       5        0.0%
SFR2                 0      0       0       5        0.0%
BITBANK1            50      0       0       6        0.0%
BANK1               50      0       0       7        0.0%
BITBANK2            30      0       0       8        0.0%
BANK2               30      0       0       9        0.0%
DATA                 0      0       0      10        0.0%


Microchip Technology PIC Macro Assembler V2.20 build 20200408173844 
Symbol Table                                                                                   Sun Nov 15 09:43:38 2020

                     u17 07E4                       u27 07F5                      l610 07DA  
                    l620 07EF                      l612 07DD                      l614 07DE  
                    l616 07EB                      l608 07D7                      l618 07EE  
                    _RB0 0030                      _RB1 0031                     _main 07D7  
                   btemp 007E                     start 0000                    ?_main 0070  
                  _TRISB 0086                    status 0003                    wtemp0 007E  
        __initialization 07FE             __end_of_main 07FE                   ??_main 0070  
__end_of__initialization 07FE           __pcstackCOMMON 0070               __pmaintext 07D7  
   end_of_initialization 07FE      start_initialization 07FE                ___latbits 0000  
          __size_of_main 0027  
