

Microchip MPLAB XC8 Assembler V2.20 build 20200408173844 
                                                                                               Sun Nov 15 10:29:45 2020

Microchip MPLAB XC8 C Compiler v2.20 (Free license) build 20200408173844 Og1 
     1                           	processor	16F628A
     2                           	pagewidth 120
     3                           	opt	flic
     4                           	psect	cinit,global,class=CODE,merge=1,delta=2
     5                           	psect	cstackCOMMON,global,class=COMMON,space=1,delta=1,noexec
     6                           	psect	maintext,global,class=CODE,split=1,delta=2
     7                           	psect	config,global,abs,ovrld,class=CONFIG,space=4,delta=2,noexec
     8                           	dabs	1,0x7E,2
     9  0000                     
    10                           ; Version 2.20
    11                           ; Generated 12/02/2020 GMT
    12                           ; 
    13                           ; Copyright © 2020, Microchip Technology Inc. and its subsidiaries ("Microchip")
    14                           ; All rights reserved.
    15                           ; 
    16                           ; This software is developed by Microchip Technology Inc. and its subsidiaries ("Microch
      +                          ip").
    17                           ; 
    18                           ; Redistribution and use in source and binary forms, with or without modification, are
    19                           ; permitted provided that the following conditions are met:
    20                           ; 
    21                           ;     1. Redistributions of source code must retain the above copyright notice, this lis
      +                          t of
    22                           ;        conditions and the following disclaimer.
    23                           ; 
    24                           ;     2. Redistributions in binary form must reproduce the above copyright notice, this 
      +                          list
    25                           ;        of conditions and the following disclaimer in the documentation and/or other
    26                           ;        materials provided with the distribution.
    27                           ; 
    28                           ;     3. Microchip's name may not be used to endorse or promote products derived from th
      +                          is
    29                           ;        software without specific prior written permission.
    30                           ; 
    31                           ; THIS SOFTWARE IS PROVIDED BY MICROCHIP "AS IS" AND ANY EXPRESS OR IMPLIED WARRANTIES,
    32                           ; INCLUDING, BUT NOT LIMITED TO, THE IMPLIED WARRANTIES OF MERCHANTABILITY AND FITNESS F
      +                          OR
    33                           ; PURPOSE ARE DISCLAIMED.  IN NO EVENT SHALL MICROCHIP BE LIABLE FOR ANY DIRECT, INDIREC
      +                          T,
    34                           ; INCIDENTAL, SPECIAL, EXEMPLARY, OR CONSEQUENTIAL DAMAGES (INCLUDING BUT NOT LIMITED TO
    35                           ; PROCUREMENT OF SUBSTITUTE GOODS OR SERVICES; LOSS OF USE, DATA OR PROFITS; OR BUSINESS
    36                           ; INTERRUPTION) HOWSOEVER CAUSED AND ON ANY THEORY OF LIABILITY, WHETHER IN CONTRACT, ST
      +                          RICT
    37                           ; LIABILITY, OR TORT (INCLUDING NEGLIGENCE OR OTHERWISE) ARISING IN ANY WAY OUT OF THE U
      +                          SE OF
    38                           ; THIS SOFTWARE, EVEN IF ADVISED OF THE POSSIBILITY OF SUCH DAMAGE.
    39                           ; 
    40                           ; 
    41                           ; Code-generator required, PIC16F628A Definitions
    42                           ; 
    43                           ; SFR Addresses
    44  0000                     	;# 
    45  0001                     	;# 
    46  0002                     	;# 
    47  0003                     	;# 
    48  0004                     	;# 
    49  0005                     	;# 
    50  0006                     	;# 
    51  000A                     	;# 
    52  000B                     	;# 
    53  000C                     	;# 
    54  000E                     	;# 
    55  000E                     	;# 
    56  000F                     	;# 
    57  0010                     	;# 
    58  0011                     	;# 
    59  0012                     	;# 
    60  0015                     	;# 
    61  0015                     	;# 
    62  0016                     	;# 
    63  0017                     	;# 
    64  0018                     	;# 
    65  0019                     	;# 
    66  001A                     	;# 
    67  001F                     	;# 
    68  0081                     	;# 
    69  0085                     	;# 
    70  0086                     	;# 
    71  008C                     	;# 
    72  008E                     	;# 
    73  0092                     	;# 
    74  0098                     	;# 
    75  0099                     	;# 
    76  009A                     	;# 
    77  009B                     	;# 
    78  009C                     	;# 
    79  009D                     	;# 
    80  009F                     	;# 
    81  0000                     	;# 
    82  0001                     	;# 
    83  0002                     	;# 
    84  0003                     	;# 
    85  0004                     	;# 
    86  0005                     	;# 
    87  0006                     	;# 
    88  000A                     	;# 
    89  000B                     	;# 
    90  000C                     	;# 
    91  000E                     	;# 
    92  000E                     	;# 
    93  000F                     	;# 
    94  0010                     	;# 
    95  0011                     	;# 
    96  0012                     	;# 
    97  0015                     	;# 
    98  0015                     	;# 
    99  0016                     	;# 
   100  0017                     	;# 
   101  0018                     	;# 
   102  0019                     	;# 
   103  001A                     	;# 
   104  001F                     	;# 
   105  0081                     	;# 
   106  0085                     	;# 
   107  0086                     	;# 
   108  008C                     	;# 
   109  008E                     	;# 
   110  0092                     	;# 
   111  0098                     	;# 
   112  0099                     	;# 
   113  009A                     	;# 
   114  009B                     	;# 
   115  009C                     	;# 
   116  009D                     	;# 
   117  009F                     	;# 
   118  001F                     _CMCON	set	31
   119  0005                     _PORTA	set	5
   120  0006                     _PORTB	set	6
   121  0029                     _RA1	set	41
   122  0028                     _RA0	set	40
   123  0085                     _TRISA	set	133
   124  0086                     _TRISB	set	134
   125                           
   126                           	psect	cinit
   127  07FE                     start_initialization:	
   128                           ; #config settings
   129                           
   130  07FE                     __initialization:
   131  07FE                     end_of_initialization:	
   132                           ;End of C runtime variable initialization code
   133                           
   134  07FE                     __end_of__initialization:
   135  07FE  0183               	clrf	3
   136  07FF  2FB0               	ljmp	_main	;jump to C main() function
   137                           
   138                           	psect	cstackCOMMON
   139  0070                     __pcstackCOMMON:
   140  0070                     ?_main:
   141  0070                     ??_main:	
   142                           ; 1 bytes @ 0x0
   143                           
   144                           
   145                           ; 1 bytes @ 0x0
   146  0070                     	ds	2
   147  0072                     main@counter:
   148                           
   149                           ; 1 bytes @ 0x2
   150  0072                     	ds	1
   151                           
   152                           	psect	maintext
   153  07B0                     __pmaintext:	
   154 ;;
   155 ;;Main: autosize = 0, tempsize = 2, incstack = 0, save=0
   156 ;;
   157 ;; *************** function _main *****************
   158 ;; Defined at:
   159 ;;		line 23 in file "main.c"
   160 ;; Parameters:    Size  Location     Type
   161 ;;		None
   162 ;; Auto vars:     Size  Location     Type
   163 ;;  counter         1    2[COMMON] unsigned char 
   164 ;; Return value:  Size  Location     Type
   165 ;;                  1    wreg      void 
   166 ;; Registers used:
   167 ;;		wreg, status,2, status,0
   168 ;; Tracked objects:
   169 ;;		On entry : B00/0
   170 ;;		On exit  : 0/0
   171 ;;		Unchanged: 0/0
   172 ;; Data sizes:     COMMON   BANK0   BANK1   BANK2
   173 ;;      Params:         0       0       0       0
   174 ;;      Locals:         1       0       0       0
   175 ;;      Temps:          2       0       0       0
   176 ;;      Totals:         3       0       0       0
   177 ;;Total ram usage:        3 bytes
   178 ;; This function calls:
   179 ;;		Nothing
   180 ;; This function is called by:
   181 ;;		Startup code after reset
   182 ;; This function uses a non-reentrant model
   183 ;;
   184                           
   185                           
   186                           ;psect for function _main
   187  07B0                     _main:
   188  07B0                     l619:	
   189                           ;incstack = 0
   190                           ; Regs used in _main: [wreg+status,2+status,0]
   191                           
   192                           
   193                           ;main.c: 25:     uint8_t counter = 0;
   194  07B0  01F2               	clrf	main@counter
   195                           
   196                           ;main.c: 27:     PORTB = 0;
   197  07B1  1283               	bcf	3,5	;RP0=0, select bank0
   198  07B2  1303               	bcf	3,6	;RP1=0, select bank0
   199  07B3  0186               	clrf	6	;volatile
   200                           
   201                           ;main.c: 28:     TRISB = 0;
   202  07B4  1683               	bsf	3,5	;RP0=1, select bank1
   203  07B5  1303               	bcf	3,6	;RP1=0, select bank1
   204  07B6  0186               	clrf	6	;volatile
   205                           
   206                           ;main.c: 30:     PORTA = 0;
   207  07B7  1283               	bcf	3,5	;RP0=0, select bank0
   208  07B8  1303               	bcf	3,6	;RP1=0, select bank0
   209  07B9  0185               	clrf	5	;volatile
   210  07BA                     l621:
   211                           
   212                           ;main.c: 31:     TRISA = 0x03;
   213  07BA  3003               	movlw	3
   214  07BB  1683               	bsf	3,5	;RP0=1, select bank1
   215  07BC  1303               	bcf	3,6	;RP1=0, select bank1
   216  07BD  0085               	movwf	5	;volatile
   217  07BE                     l623:
   218                           
   219                           ;main.c: 32:     CMCON = 0x07;
   220  07BE  3007               	movlw	7
   221  07BF  1283               	bcf	3,5	;RP0=0, select bank0
   222  07C0  1303               	bcf	3,6	;RP1=0, select bank0
   223  07C1  009F               	movwf	31	;volatile
   224  07C2                     l625:
   225                           
   226                           ;main.c: 35:     {;main.c: 37:         if ( (RA0 == 0) && (counter != 255))
   227  07C2  1283               	bcf	3,5	;RP0=0, select bank0
   228  07C3  1303               	bcf	3,6	;RP1=0, select bank0
   229  07C4  1805               	btfsc	5,0	;volatile
   230  07C5  2FC7               	goto	u11
   231  07C6  2FC8               	goto	u10
   232  07C7                     u11:
   233  07C7  2FDB               	goto	l22
   234  07C8                     u10:
   235  07C8                     l627:
   236  07C8  0A72               	incf	main@counter,w
   237  07C9  1903               	btfsc	3,2
   238  07CA  2FCC               	goto	u21
   239  07CB  2FCD               	goto	u20
   240  07CC                     u21:
   241  07CC  2FDB               	goto	l22
   242  07CD                     u20:
   243  07CD                     l629:
   244                           
   245                           ;main.c: 38:         {;main.c: 39:             _delay((unsigned long)((10)*(10000000/400
      +                          0.0)));
   246  07CD  3021               	movlw	33
   247  07CE  00F1               	movwf	??_main+1
   248  07CF  3076               	movlw	118
   249  07D0  00F0               	movwf	??_main
   250  07D1                     u57:
   251  07D1  0BF0               	decfsz	??_main,f
   252  07D2  2FD1               	goto	u57
   253  07D3  0BF1               	decfsz	??_main+1,f
   254  07D4  2FD1               	goto	u57
   255  07D5  0000               	nop
   256  07D6                     l631:
   257                           
   258                           ;main.c: 41:             counter++;
   259  07D6  3001               	movlw	1
   260  07D7  00F0               	movwf	??_main
   261  07D8  0870               	movf	??_main,w
   262  07D9  07F2               	addwf	main@counter,f
   263                           
   264                           ;main.c: 42:         }
   265  07DA  2FEF               	goto	l639
   266  07DB                     l22:	
   267                           ;main.c: 44:         else if ( (RA1 == 0) && (counter != 0))
   268                           
   269  07DB  1885               	btfsc	5,1	;volatile
   270  07DC  2FDE               	goto	u31
   271  07DD  2FDF               	goto	u30
   272  07DE                     u31:
   273  07DE  2FEF               	goto	l639
   274  07DF                     u30:
   275  07DF                     l633:
   276  07DF  0872               	movf	main@counter,w
   277  07E0  1903               	btfsc	3,2
   278  07E1  2FE3               	goto	u41
   279  07E2  2FE4               	goto	u40
   280  07E3                     u41:
   281  07E3  2FEF               	goto	l639
   282  07E4                     u40:
   283  07E4                     l635:
   284                           
   285                           ;main.c: 45:         {;main.c: 46:             _delay((unsigned long)((10)*(10000000/400
      +                          0.0)));
   286  07E4  3021               	movlw	33
   287  07E5  00F1               	movwf	??_main+1
   288  07E6  3076               	movlw	118
   289  07E7  00F0               	movwf	??_main
   290  07E8                     u67:
   291  07E8  0BF0               	decfsz	??_main,f
   292  07E9  2FE8               	goto	u67
   293  07EA  0BF1               	decfsz	??_main+1,f
   294  07EB  2FE8               	goto	u67
   295  07EC  0000               	nop
   296  07ED                     l637:
   297                           
   298                           ;main.c: 48:             counter--;
   299  07ED  3001               	movlw	1
   300  07EE  02F2               	subwf	main@counter,f
   301  07EF                     l639:
   302                           
   303                           ;main.c: 51:         PORTB = counter;
   304  07EF  0872               	movf	main@counter,w
   305  07F0  1283               	bcf	3,5	;RP0=0, select bank0
   306  07F1  1303               	bcf	3,6	;RP1=0, select bank0
   307  07F2  0086               	movwf	6	;volatile
   308  07F3                     l641:
   309                           
   310                           ;main.c: 53:         _delay((unsigned long)((1)*(10000000/4000.0)));
   311  07F3  3004               	movlw	4
   312  07F4  00F1               	movwf	??_main+1
   313  07F5  303D               	movlw	61
   314  07F6  00F0               	movwf	??_main
   315  07F7                     u77:
   316  07F7  0BF0               	decfsz	??_main,f
   317  07F8  2FF7               	goto	u77
   318  07F9  0BF1               	decfsz	??_main+1,f
   319  07FA  2FF7               	goto	u77
   320  07FB  2FFC               	nop2
   321  07FC  2FC2               	goto	l625
   322  07FD  2800               	ljmp	start
   323  07FE                     __end_of_main:
   324  007E                     btemp	set	126	;btemp
   325  007E                     wtemp0	set	126
   326                           
   327                           	psect	config
   328                           
   329                           ;Config register CONFIG @ 0x2007
   330                           ;	Oscillator Selection bits
   331                           ;	FOSC = INTOSCIO, INTOSC oscillator: I/O function on RA6/OSC2/CLKOUT pin, I/O function 
      +                          on RA7/OSC1/CLKIN
   332                           ;	Watchdog Timer Enable bit
   333                           ;	WDTE = OFF, WDT disabled
   334                           ;	Power-up Timer Enable bit
   335                           ;	PWRTE = OFF, PWRT disabled
   336                           ;	RA5/MCLR/VPP Pin Function Select bit
   337                           ;	MCLRE = ON, RA5/MCLR/VPP pin function is MCLR
   338                           ;	Brown-out Detect Enable bit
   339                           ;	BOREN = OFF, BOD disabled
   340                           ;	Low-Voltage Programming Enable bit
   341                           ;	LVP = OFF, RB4/PGM pin has digital I/O function, HV on MCLR must be used for programmi
      +                          ng
   342                           ;	Data EE Memory Code Protection bit
   343                           ;	CPD = OFF, Data memory code protection off
   344                           ;	Flash Program Memory Code Protection bit
   345                           ;	CP = OFF, Code protection off
   346  2007                     	org	8199
   347  2007  3F38               	dw	16184

Data Sizes:
    Strings     0
    Constant    0
    Data        0
    BSS         0
    Persistent  0
    Stack       0

Auto Spaces:
    Space          Size  Autos    Used
    COMMON           14      3       3
    BANK0            80      0       0
    BANK1            80      0       0
    BANK2            48      0       0

Pointer List with Targets:

    None.

Critical Paths under _main in COMMON

    None.

Critical Paths under _main in BANK0

    None.

Critical Paths under _main in BANK1

    None.

Critical Paths under _main in BANK2

    None.

Call Graph Tables:

 ---------------------------------------------------------------------------------
 (Depth) Function   	        Calls       Base Space   Used Autos Params    Refs
 ---------------------------------------------------------------------------------
 (0) _main                                                 3     3      0      45
                                              0 COMMON     3     3      0
 ---------------------------------------------------------------------------------
 Estimated maximum stack depth 0
 ---------------------------------------------------------------------------------

 Call Graph Graphs:

 _main (ROOT)

 Address spaces:
Name               Size   Autos  Total    Cost      Usage
BITCOMMON            E      0       0       0        0.0%
EEDATA              80      0       0       0        0.0%
NULL                 0      0       0       0        0.0%
CODE                 0      0       0       0        0.0%
COMMON               E      3       3       1       21.4%
BITSFR0              0      0       0       1        0.0%
SFR0                 0      0       0       1        0.0%
BITSFR1              0      0       0       2        0.0%
SFR1                 0      0       0       2        0.0%
STACK                0      0       0       2        0.0%
BANK0               50      0       0       3        0.0%
BITSFR3              0      0       0       4        0.0%
SFR3                 0      0       0       4        0.0%
ABS                  0      0       0       4        0.0%
BITBANK0            50      0       0       5        0.0%
BITSFR2              0      0       0       5        0.0%
SFR2                 0      0       0       5        0.0%
BITBANK1            50      0       0       6        0.0%
BANK1               50      0       0       7        0.0%
BITBANK2            30      0       0       8        0.0%
BANK2               30      0       0       9        0.0%
DATA                 0      0       0      10        0.0%


Microchip Technology PIC Macro Assembler V2.20 build 20200408173844 
Symbol Table                                                                                   Sun Nov 15 10:29:45 2020

                     l22 07DB                       u10 07C8                       u11 07C7  
                     u20 07CD                       u21 07CC                       u30 07DF  
                     u31 07DE                       u40 07E4                       u41 07E3  
                     u57 07D1                       u67 07E8                       u77 07F7  
                    l621 07BA                      l631 07D6                      l623 07BE  
                    l641 07F3                      l633 07DF                      l625 07C2  
                    l635 07E4                      l627 07C8                      l619 07B0  
                    l637 07ED                      l629 07CD                      l639 07EF  
                    _RA0 0028                      _RA1 0029              main@counter 0072  
                   _main 07B0                     btemp 007E                     start 0000  
                  ?_main 0070                    _CMCON 001F                    _PORTA 0005  
                  _PORTB 0006                    _TRISA 0085                    _TRISB 0086  
                  status 0003                    wtemp0 007E          __initialization 07FE  
           __end_of_main 07FE                   ??_main 0070  __end_of__initialization 07FE  
         __pcstackCOMMON 0070               __pmaintext 07B0     end_of_initialization 07FE  
    start_initialization 07FE                ___latbits 0000            __size_of_main 004E  
