

Microchip MPLAB XC8 Assembler V2.20 build 20200408173844 
                                                                                               Tue Dec 29 22:36:29 2020

Microchip MPLAB XC8 C Compiler v2.20 (Free license) build 20200408173844 Og1 
     1                           	processor	18F2220
     2                           	fnconf	rparam,??,?,0
     3                           	pagewidth 120
     4                           	opt	flic
     5                           	psect	cinit,global,reloc=2,class=CODE,delta=1
     6                           	psect	cstackCOMRAM,global,class=COMRAM,space=1,delta=1,lowdata,noexec
     7                           	psect	text0,global,reloc=2,class=CODE,delta=1
     8                           	psect	intsave_regs,global,class=BIGRAM,space=1,delta=1,noexec
     9                           	psect	rparam,global,class=COMRAM,space=1,delta=1,noexec
    10                           	psect	idloc,global,abs,ovrld,class=IDLOC,space=5,delta=1,noexec
    11                           	psect	config,global,abs,ovrld,class=CONFIG,space=4,delta=1,noexec
    12  0000                     
    13                           ; Version 2.20
    14                           ; Generated 12/02/2020 GMT
    15                           ; 
    16                           ; Copyright © 2020, Microchip Technology Inc. and its subsidiaries ("Microchip")
    17                           ; All rights reserved.
    18                           ; 
    19                           ; This software is developed by Microchip Technology Inc. and its subsidiaries ("Microch
      +                          ip").
    20                           ; 
    21                           ; Redistribution and use in source and binary forms, with or without modification, are
    22                           ; permitted provided that the following conditions are met:
    23                           ; 
    24                           ;     1. Redistributions of source code must retain the above copyright notice, this lis
      +                          t of
    25                           ;        conditions and the following disclaimer.
    26                           ; 
    27                           ;     2. Redistributions in binary form must reproduce the above copyright notice, this 
      +                          list
    28                           ;        of conditions and the following disclaimer in the documentation and/or other
    29                           ;        materials provided with the distribution.
    30                           ; 
    31                           ;     3. Microchip's name may not be used to endorse or promote products derived from th
      +                          is
    32                           ;        software without specific prior written permission.
    33                           ; 
    34                           ; THIS SOFTWARE IS PROVIDED BY MICROCHIP "AS IS" AND ANY EXPRESS OR IMPLIED WARRANTIES,
    35                           ; INCLUDING, BUT NOT LIMITED TO, THE IMPLIED WARRANTIES OF MERCHANTABILITY AND FITNESS F
      +                          OR
    36                           ; PURPOSE ARE DISCLAIMED.  IN NO EVENT SHALL MICROCHIP BE LIABLE FOR ANY DIRECT, INDIREC
      +                          T,
    37                           ; INCIDENTAL, SPECIAL, EXEMPLARY, OR CONSEQUENTIAL DAMAGES (INCLUDING BUT NOT LIMITED TO
    38                           ; PROCUREMENT OF SUBSTITUTE GOODS OR SERVICES; LOSS OF USE, DATA OR PROFITS; OR BUSINESS
    39                           ; INTERRUPTION) HOWSOEVER CAUSED AND ON ANY THEORY OF LIABILITY, WHETHER IN CONTRACT, ST
      +                          RICT
    40                           ; LIABILITY, OR TORT (INCLUDING NEGLIGENCE OR OTHERWISE) ARISING IN ANY WAY OUT OF THE U
      +                          SE OF
    41                           ; THIS SOFTWARE, EVEN IF ADVISED OF THE POSSIBILITY OF SUCH DAMAGE.
    42                           ; 
    43                           ; 
    44                           ; Code-generator required, PIC18F2220 Definitions
    45                           ; 
    46                           ; SFR Addresses
    47  0000                     _LATB	set	3978
    48  0000                     _ADCON1	set	4033
    49  0000                     _TRISB	set	3987
    50  0000                     _PORTB	set	3969
    51  0000                     _LATB1	set	31825
    52                           
    53                           ; #config settings
    54                           
    55                           	psect	cinit
    56  000FCA                     __pcinit:
    57                           	callstack 0
    58  000FCA                     start_initialization:
    59                           	callstack 0
    60  000FCA                     __initialization:
    61                           	callstack 0
    62  000FCA                     end_of_initialization:
    63                           	callstack 0
    64  000FCA                     __end_of__initialization:
    65                           	callstack 0
    66  000FCA  0100               	movlb	0
    67  000FCC  EFE8  F007         	goto	_main	;jump to C main() function
    68                           
    69                           	psect	cstackCOMRAM
    70  000001                     __pcstackCOMRAM:
    71                           	callstack 0
    72  000001                     ??_main:
    73                           
    74                           ; 1 bytes @ 0x0
    75  000001                     	ds	2
    76                           
    77 ;;
    78 ;;Main: autosize = 0, tempsize = 2, incstack = 0, save=0
    79 ;;
    80 ;; *************** function _main *****************
    81 ;; Defined at:
    82 ;;		line 14 in file "main.c"
    83 ;; Parameters:    Size  Location     Type
    84 ;;		None
    85 ;; Auto vars:     Size  Location     Type
    86 ;;		None
    87 ;; Return value:  Size  Location     Type
    88 ;;                  1    wreg      void 
    89 ;; Registers used:
    90 ;;		wreg, status,2, status,0
    91 ;; Tracked objects:
    92 ;;		On entry : 0/0
    93 ;;		On exit  : 0/0
    94 ;;		Unchanged: 0/0
    95 ;; Data sizes:     COMRAM   BANK0   BANK1
    96 ;;      Params:         0       0       0
    97 ;;      Locals:         0       0       0
    98 ;;      Temps:          2       0       0
    99 ;;      Totals:         2       0       0
   100 ;;Total ram usage:        2 bytes
   101 ;; This function calls:
   102 ;;		Nothing
   103 ;; This function is called by:
   104 ;;		Startup code after reset
   105 ;; This function uses a non-reentrant model
   106 ;;
   107                           
   108                           	psect	text0
   109  000FD0                     __ptext0:
   110                           	callstack 0
   111  000FD0                     _main:
   112                           	callstack 31
   113  000FD0                     
   114                           ;main.c: 19:     PORTB = 0;
   115  000FD0  0E00               	movlw	0
   116  000FD2  6E81               	movwf	129,c	;volatile
   117                           
   118                           ;main.c: 20:     TRISB = 0;
   119  000FD4  0E00               	movlw	0
   120  000FD6  6E93               	movwf	147,c	;volatile
   121                           
   122                           ;main.c: 21:     ADCON1 = 0x07;
   123  000FD8  0E07               	movlw	7
   124  000FDA  6EC1               	movwf	193,c	;volatile
   125  000FDC                     
   126                           ;main.c: 24:     LATB1 = 1;
   127  000FDC  828A               	bsf	3978,1,c	;volatile
   128  000FDE                     l700:
   129                           
   130                           ;main.c: 27:     {;main.c: 28:         LATB ^= 0b00010010;
   131  000FDE  0E12               	movlw	18
   132  000FE0  1A8A               	xorwf	138,f,c	;volatile
   133  000FE2                     
   134                           ;main.c: 29:         _delay((unsigned long)((500)*(8000000/4000.0)));
   135  000FE2  0E06               	movlw	6
   136  000FE4  6E02               	movwf	(??_main+1)^0,c
   137  000FE6  0E13               	movlw	19
   138  000FE8  6E01               	movwf	??_main^0,c
   139  000FEA  0EAE               	movlw	174
   140  000FEC                     u17:
   141  000FEC  2EE8               	decfsz	wreg,f,c
   142  000FEE  D7FE               	bra	u17
   143  000FF0  2E01               	decfsz	??_main^0,f,c
   144  000FF2  D7FC               	bra	u17
   145  000FF4  2E02               	decfsz	(??_main+1)^0,f,c
   146  000FF6  D7FA               	bra	u17
   147  000FF8  EFEF  F007         	goto	l700
   148  000FFC  EF00  F000         	goto	start
   149  001000                     __end_of_main:
   150                           	callstack 0
   151  0000                     
   152                           	psect	rparam
   153  0000                     
   154                           	psect	idloc
   155                           
   156                           ;Config register IDLOC0 @ 0x200000
   157                           ;	unspecified, using default values
   158  200000                     	org	2097152
   159  200000  FF                 	db	255
   160                           
   161                           ;Config register IDLOC1 @ 0x200001
   162                           ;	unspecified, using default values
   163  200001                     	org	2097153
   164  200001  FF                 	db	255
   165                           
   166                           ;Config register IDLOC2 @ 0x200002
   167                           ;	unspecified, using default values
   168  200002                     	org	2097154
   169  200002  FF                 	db	255
   170                           
   171                           ;Config register IDLOC3 @ 0x200003
   172                           ;	unspecified, using default values
   173  200003                     	org	2097155
   174  200003  FF                 	db	255
   175                           
   176                           ;Config register IDLOC4 @ 0x200004
   177                           ;	unspecified, using default values
   178  200004                     	org	2097156
   179  200004  FF                 	db	255
   180                           
   181                           ;Config register IDLOC5 @ 0x200005
   182                           ;	unspecified, using default values
   183  200005                     	org	2097157
   184  200005  FF                 	db	255
   185                           
   186                           ;Config register IDLOC6 @ 0x200006
   187                           ;	unspecified, using default values
   188  200006                     	org	2097158
   189  200006  FF                 	db	255
   190                           
   191                           ;Config register IDLOC7 @ 0x200007
   192                           ;	unspecified, using default values
   193  200007                     	org	2097159
   194  200007  FF                 	db	255
   195                           
   196                           	psect	config
   197                           
   198                           ; Padding undefined space
   199  300000                     	org	3145728
   200  300000  FF                 	db	255
   201                           
   202                           ;Config register CONFIG1H @ 0x300001
   203                           ;	Oscillator Selection bits
   204                           ;	OSC = HS, HS Oscillator
   205                           ;	Fail-Safe Clock Monitor Enable bit
   206                           ;	FSCM = OFF, Fail-Safe Clock Monitor disabled
   207                           ;	Internal/External Switchover bit
   208                           ;	IESO = ON, Internal/External Switchover mode enabled
   209  300001                     	org	3145729
   210  300001  82                 	db	130
   211                           
   212                           ;Config register CONFIG2L @ 0x300002
   213                           ;	Power-up Timer enable bit
   214                           ;	PWRT = OFF, PWRT disabled
   215                           ;	Brown-out Reset enable bit
   216                           ;	BOR = OFF, Brown-out Reset disabled
   217                           ;	Brown-out Reset Voltage bits
   218                           ;	BORV = 20, VBOR set to 2.0V
   219  300002                     	org	3145730
   220  300002  0D                 	db	13
   221                           
   222                           ;Config register CONFIG2H @ 0x300003
   223                           ;	Watchdog Timer Enable bit
   224                           ;	WDT = OFF, WDT disabled (control is placed on the SWDTEN bit)
   225                           ;	Watchdog Timer Postscale Select bits
   226                           ;	WDTPS = 32768, 1:32768
   227  300003                     	org	3145731
   228  300003  1E                 	db	30
   229                           
   230                           ; Padding undefined space
   231  300004                     	org	3145732
   232  300004  FF                 	db	255
   233                           
   234                           ;Config register CONFIG3H @ 0x300005
   235                           ;	CCP2 MUX bit
   236                           ;	CCP2MX = ON, CCP2 input/output is multiplexed with RC1
   237                           ;	PORTB A/D Enable bit
   238                           ;	PBAD = ANA, PORTB<4:0> pins are configured as analog input channels on Reset
   239                           ;	MCLR Pin Enable bit
   240                           ;	MCLRE = ON, MCLR pin enabled; RE3 input pin disabled
   241  300005                     	org	3145733
   242  300005  83                 	db	131
   243                           
   244                           ;Config register CONFIG4L @ 0x300006
   245                           ;	Stack Full/Underflow Reset Enable bit
   246                           ;	STVR = OFF, Stack full/underflow will not cause Reset
   247                           ;	Single-Supply ICSP Enable bit
   248                           ;	LVP = ON, Single-Supply ICSP enabled
   249                           ;	Background Debugger Enable bit
   250                           ;	DEBUG = 0x1, unprogrammed default
   251  300006                     	org	3145734
   252  300006  84                 	db	132
   253                           
   254                           ; Padding undefined space
   255  300007                     	org	3145735
   256  300007  FF                 	db	255
   257                           
   258                           ;Config register CONFIG5L @ 0x300008
   259                           ;	Code Protection bit
   260                           ;	CP0 = OFF, Block 0 (000200-0007FFh) not code-protected
   261                           ;	Code Protection bit
   262                           ;	CP1 = OFF, Block 1 (000800-000FFFh) not code-protected
   263  300008                     	org	3145736
   264  300008  0F                 	db	15
   265                           
   266                           ;Config register CONFIG5H @ 0x300009
   267                           ;	Boot Block Code Protection bit
   268                           ;	CPB = OFF, Boot block (000000-0001FFh) is not code-protected
   269                           ;	Data EEPROM Code Protection bit
   270                           ;	CPD = OFF, Data EEPROM is not code-protected
   271  300009                     	org	3145737
   272  300009  C0                 	db	192
   273                           
   274                           ;Config register CONFIG6L @ 0x30000A
   275                           ;	Write Protection bit
   276                           ;	WRT0 = OFF, Block 0 (000200-0007FFh) not write-protected
   277                           ;	Write Protection bit
   278                           ;	WRT1 = OFF, Block 1 (000800-000FFFh) not write-protected
   279  30000A                     	org	3145738
   280  30000A  0F                 	db	15
   281                           
   282                           ;Config register CONFIG6H @ 0x30000B
   283                           ;	Configuration Register Write Protection bit
   284                           ;	WRTC = OFF, Configuration registers (300000-3000FFh) are not write-protected
   285                           ;	Boot Block Write Protection bit
   286                           ;	WRTB = OFF, Boot block (000000-0001FFh) is not write-protected
   287                           ;	Data EEPROM Write Protection bit
   288                           ;	WRTD = OFF, Data EEPROM is not write-protected
   289  30000B                     	org	3145739
   290  30000B  E0                 	db	224
   291                           
   292                           ;Config register CONFIG7L @ 0x30000C
   293                           ;	Table Read Protection bit
   294                           ;	EBTR0 = OFF, Block 0 (000200-0007FFh) not protected from table reads executed in other
      +                           blocks
   295                           ;	Table Read Protection bit
   296                           ;	EBTR1 = OFF, Block 1 (000800-000FFFh) not protected from table reads executed in other
      +                           blocks
   297  30000C                     	org	3145740
   298  30000C  0F                 	db	15
   299                           
   300                           ;Config register CONFIG7H @ 0x30000D
   301                           ;	Boot Block Table Read Protection bit
   302                           ;	EBTRB = OFF, Boot block (000000-0001FFh) is not protected from table reads executed in
      +                           other blocks
   303  30000D                     	org	3145741
   304  30000D  40                 	db	64
   305                           tosu	equ	0xFFF
   306                           tosh	equ	0xFFE
   307                           tosl	equ	0xFFD
   308                           stkptr	equ	0xFFC
   309                           pclatu	equ	0xFFB
   310                           pclath	equ	0xFFA
   311                           pcl	equ	0xFF9
   312                           tblptru	equ	0xFF8
   313                           tblptrh	equ	0xFF7
   314                           tblptrl	equ	0xFF6
   315                           tablat	equ	0xFF5
   316                           prodh	equ	0xFF4
   317                           prodl	equ	0xFF3
   318                           indf0	equ	0xFEF
   319                           postinc0	equ	0xFEE
   320                           postdec0	equ	0xFED
   321                           preinc0	equ	0xFEC
   322                           plusw0	equ	0xFEB
   323                           fsr0h	equ	0xFEA
   324                           fsr0l	equ	0xFE9
   325                           wreg	equ	0xFE8
   326                           indf1	equ	0xFE7
   327                           postinc1	equ	0xFE6
   328                           postdec1	equ	0xFE5
   329                           preinc1	equ	0xFE4
   330                           plusw1	equ	0xFE3
   331                           fsr1h	equ	0xFE2
   332                           fsr1l	equ	0xFE1
   333                           bsr	equ	0xFE0
   334                           indf2	equ	0xFDF
   335                           postinc2	equ	0xFDE
   336                           postdec2	equ	0xFDD
   337                           preinc2	equ	0xFDC
   338                           plusw2	equ	0xFDB
   339                           fsr2h	equ	0xFDA
   340                           fsr2l	equ	0xFD9
   341                           status	equ	0xFD8

Data Sizes:
    Strings     0
    Constant    0
    Data        0
    BSS         0
    Persistent  0
    Stack       0

Auto Spaces:
    Space          Size  Autos    Used
    COMRAM          127      2       2
    BANK0           128      0       0
    BANK1           256      0       0

Pointer List with Targets:

    None.

Critical Paths under _main in COMRAM

    None.

Critical Paths under _main in BANK0

    None.

Critical Paths under _main in BANK1

    None.

Call Graph Tables:

 ---------------------------------------------------------------------------------
 (Depth) Function   	        Calls       Base Space   Used Autos Params    Refs
 ---------------------------------------------------------------------------------
 (0) _main                                                 2     2      0       0
                                              0 COMRAM     2     2      0
 ---------------------------------------------------------------------------------
 Estimated maximum stack depth 0
 ---------------------------------------------------------------------------------

 Call Graph Graphs:

 _main (ROOT)

 Address spaces:
Name               Size   Autos  Total    Cost      Usage
BITCOMRAM           7F      0       0       0        0.0%
EEDATA             100      0       0       0        0.0%
NULL                 0      0       0       0        0.0%
CODE                 0      0       0       0        0.0%
COMRAM              7F      2       2       1        1.6%
STACK                0      0       0       2        0.0%
BITBANK0            80      0       0       3        0.0%
BANK0               80      0       0       4        0.0%
BITBANK1           100      0       0       5        0.0%
BANK1              100      0       0       6        0.0%
ABS                  0      0       0       7        0.0%
BIGRAM             1FF      0       0       8        0.0%
DATA                 0      0       0       9        0.0%
BITSFR               0      0       0     200        0.0%
SFR                  0      0       0     200        0.0%


Microchip Technology PIC18 Macro Assembler V2.20 build 20200408173844 
Symbol Table                                                                                   Tue Dec 29 22:36:29 2020

                     u17 0FEC                      l700 0FDE                      l702 0FE2  
                    l696 0FD0                      l698 0FDC                      wreg 000FE8  
                   _LATB 000F8A                     _main 0FD0                     start 0000  
           ___param_bank 000000                    ?_main 0001                    _LATB1 007C51  
                  _PORTB 000F81                    _TRISB 000F93          __initialization 0FCA  
           __end_of_main 1000                   ??_main 0001            __activetblptr 000000  
                 _ADCON1 000FC1               __accesstop 0080  __end_of__initialization 0FCA  
          ___rparam_used 000001           __pcstackCOMRAM 0001                  __Hparam 0000  
                __Lparam 0000                  __pcinit 0FCA                  __ramtop 0200  
                __ptext0 0FD0     end_of_initialization 0FCA      start_initialization 0FCA  
               __Hrparam 0000                 __Lrparam 0000            __size_of_main 0030  
