

Microchip MPLAB XC8 Assembler V2.20 build 20200408173844 
                                                                                               Sun Nov 15 08:55:09 2020

Microchip MPLAB XC8 C Compiler v2.20 (Free license) build 20200408173844 Og1 
     1                           	processor	16F628A
     2                           	pagewidth 120
     3                           	opt	flic
     4                           	psect	cinit,global,class=CODE,merge=1,delta=2
     5                           	psect	cstackCOMMON,global,class=COMMON,space=1,delta=1,noexec
     6                           	psect	maintext,global,class=CODE,split=1,delta=2
     7                           	psect	config,global,abs,ovrld,class=CONFIG,space=4,delta=2,noexec
     8                           	dabs	1,0x7E,2
     9  0000                     
    10                           ; Version 2.20
    11                           ; Generated 12/02/2020 GMT
    12                           ; 
    13                           ; Copyright © 2020, Microchip Technology Inc. and its subsidiaries ("Microchip")
    14                           ; All rights reserved.
    15                           ; 
    16                           ; This software is developed by Microchip Technology Inc. and its subsidiaries ("Microch
      +                          ip").
    17                           ; 
    18                           ; Redistribution and use in source and binary forms, with or without modification, are
    19                           ; permitted provided that the following conditions are met:
    20                           ; 
    21                           ;     1. Redistributions of source code must retain the above copyright notice, this lis
      +                          t of
    22                           ;        conditions and the following disclaimer.
    23                           ; 
    24                           ;     2. Redistributions in binary form must reproduce the above copyright notice, this 
      +                          list
    25                           ;        of conditions and the following disclaimer in the documentation and/or other
    26                           ;        materials provided with the distribution.
    27                           ; 
    28                           ;     3. Microchip's name may not be used to endorse or promote products derived from th
      +                          is
    29                           ;        software without specific prior written permission.
    30                           ; 
    31                           ; THIS SOFTWARE IS PROVIDED BY MICROCHIP "AS IS" AND ANY EXPRESS OR IMPLIED WARRANTIES,
    32                           ; INCLUDING, BUT NOT LIMITED TO, THE IMPLIED WARRANTIES OF MERCHANTABILITY AND FITNESS F
      +                          OR
    33                           ; PURPOSE ARE DISCLAIMED.  IN NO EVENT SHALL MICROCHIP BE LIABLE FOR ANY DIRECT, INDIREC
      +                          T,
    34                           ; INCIDENTAL, SPECIAL, EXEMPLARY, OR CONSEQUENTIAL DAMAGES (INCLUDING BUT NOT LIMITED TO
    35                           ; PROCUREMENT OF SUBSTITUTE GOODS OR SERVICES; LOSS OF USE, DATA OR PROFITS; OR BUSINESS
    36                           ; INTERRUPTION) HOWSOEVER CAUSED AND ON ANY THEORY OF LIABILITY, WHETHER IN CONTRACT, ST
      +                          RICT
    37                           ; LIABILITY, OR TORT (INCLUDING NEGLIGENCE OR OTHERWISE) ARISING IN ANY WAY OUT OF THE U
      +                          SE OF
    38                           ; THIS SOFTWARE, EVEN IF ADVISED OF THE POSSIBILITY OF SUCH DAMAGE.
    39                           ; 
    40                           ; 
    41                           ; Code-generator required, PIC16F628A Definitions
    42                           ; 
    43                           ; SFR Addresses
    44  0000                     	;# 
    45  0001                     	;# 
    46  0002                     	;# 
    47  0003                     	;# 
    48  0004                     	;# 
    49  0005                     	;# 
    50  0006                     	;# 
    51  000A                     	;# 
    52  000B                     	;# 
    53  000C                     	;# 
    54  000E                     	;# 
    55  000E                     	;# 
    56  000F                     	;# 
    57  0010                     	;# 
    58  0011                     	;# 
    59  0012                     	;# 
    60  0015                     	;# 
    61  0015                     	;# 
    62  0016                     	;# 
    63  0017                     	;# 
    64  0018                     	;# 
    65  0019                     	;# 
    66  001A                     	;# 
    67  001F                     	;# 
    68  0081                     	;# 
    69  0085                     	;# 
    70  0086                     	;# 
    71  008C                     	;# 
    72  008E                     	;# 
    73  0092                     	;# 
    74  0098                     	;# 
    75  0099                     	;# 
    76  009A                     	;# 
    77  009B                     	;# 
    78  009C                     	;# 
    79  009D                     	;# 
    80  009F                     	;# 
    81  0000                     	;# 
    82  0001                     	;# 
    83  0002                     	;# 
    84  0003                     	;# 
    85  0004                     	;# 
    86  0005                     	;# 
    87  0006                     	;# 
    88  000A                     	;# 
    89  000B                     	;# 
    90  000C                     	;# 
    91  000E                     	;# 
    92  000E                     	;# 
    93  000F                     	;# 
    94  0010                     	;# 
    95  0011                     	;# 
    96  0012                     	;# 
    97  0015                     	;# 
    98  0015                     	;# 
    99  0016                     	;# 
   100  0017                     	;# 
   101  0018                     	;# 
   102  0019                     	;# 
   103  001A                     	;# 
   104  001F                     	;# 
   105  0081                     	;# 
   106  0085                     	;# 
   107  0086                     	;# 
   108  008C                     	;# 
   109  008E                     	;# 
   110  0092                     	;# 
   111  0098                     	;# 
   112  0099                     	;# 
   113  009A                     	;# 
   114  009B                     	;# 
   115  009C                     	;# 
   116  009D                     	;# 
   117  009F                     	;# 
   118  001F                     _CMCON	set	31
   119  0006                     _PORTB	set	6
   120  0005                     _PORTA	set	5
   121  0085                     _TRISA	set	133
   122  0086                     _TRISB	set	134
   123                           
   124                           	psect	cinit
   125  07FE                     start_initialization:	
   126                           ; #config settings
   127                           
   128  07FE                     __initialization:
   129  07FE                     end_of_initialization:	
   130                           ;End of C runtime variable initialization code
   131                           
   132  07FE                     __end_of__initialization:
   133  07FE  0183               	clrf	3
   134  07FF  2FE2               	ljmp	_main	;jump to C main() function
   135                           
   136                           	psect	cstackCOMMON
   137  0070                     __pcstackCOMMON:
   138  0070                     ?_main:
   139  0070                     ??_main:	
   140                           ; 1 bytes @ 0x0
   141                           
   142                           
   143                           ; 1 bytes @ 0x0
   144  0070                     	ds	2
   145                           
   146                           	psect	maintext
   147  07E2                     __pmaintext:	
   148 ;;
   149 ;;Main: autosize = 0, tempsize = 2, incstack = 0, save=0
   150 ;;
   151 ;; *************** function _main *****************
   152 ;; Defined at:
   153 ;;		line 50 in file "main.c"
   154 ;; Parameters:    Size  Location     Type
   155 ;;		None
   156 ;; Auto vars:     Size  Location     Type
   157 ;;		None
   158 ;; Return value:  Size  Location     Type
   159 ;;                  1    wreg      void 
   160 ;; Registers used:
   161 ;;		wreg, status,2
   162 ;; Tracked objects:
   163 ;;		On entry : B00/0
   164 ;;		On exit  : 0/0
   165 ;;		Unchanged: 0/0
   166 ;; Data sizes:     COMMON   BANK0   BANK1   BANK2
   167 ;;      Params:         0       0       0       0
   168 ;;      Locals:         0       0       0       0
   169 ;;      Temps:          2       0       0       0
   170 ;;      Totals:         2       0       0       0
   171 ;;Total ram usage:        2 bytes
   172 ;; This function calls:
   173 ;;		Nothing
   174 ;; This function is called by:
   175 ;;		Startup code after reset
   176 ;; This function uses a non-reentrant model
   177 ;;
   178                           
   179                           
   180                           ;psect for function _main
   181  07E2                     _main:
   182  07E2                     l612:	
   183                           ;incstack = 0
   184                           ; Regs used in _main: [wreg+status,2]
   185                           
   186                           
   187                           ;main.c: 52:     PORTA = 0;
   188  07E2  1283               	bcf	3,5	;RP0=0, select bank0
   189  07E3  1303               	bcf	3,6	;RP1=0, select bank0
   190  07E4  0185               	clrf	5	;volatile
   191                           
   192                           ;main.c: 53:     PORTB = 0;
   193  07E5  0186               	clrf	6	;volatile
   194                           
   195                           ;main.c: 55:     TRISB = 0;
   196  07E6  1683               	bsf	3,5	;RP0=1, select bank1
   197  07E7  1303               	bcf	3,6	;RP1=0, select bank1
   198  07E8  0186               	clrf	6	;volatile
   199  07E9                     l614:
   200                           
   201                           ;main.c: 56:     TRISA = 0b00001111;
   202  07E9  300F               	movlw	15
   203  07EA  0085               	movwf	5	;volatile
   204  07EB                     l616:
   205                           
   206                           ;main.c: 58:     CMCON = 0x07;
   207  07EB  3007               	movlw	7
   208  07EC  1283               	bcf	3,5	;RP0=0, select bank0
   209  07ED  1303               	bcf	3,6	;RP1=0, select bank0
   210  07EE  009F               	movwf	31	;volatile
   211  07EF                     l618:
   212                           
   213                           ;main.c: 63:     {;main.c: 65:         PORTB = PORTA;
   214  07EF  1283               	bcf	3,5	;RP0=0, select bank0
   215  07F0  1303               	bcf	3,6	;RP1=0, select bank0
   216  07F1  0805               	movf	5,w	;volatile
   217  07F2  0086               	movwf	6	;volatile
   218  07F3                     l620:
   219                           
   220                           ;main.c: 67:         _delay((unsigned long)((1)*(10000000/4000.0)));
   221  07F3  3004               	movlw	4
   222  07F4  00F1               	movwf	??_main+1
   223  07F5  303D               	movlw	61
   224  07F6  00F0               	movwf	??_main
   225  07F7                     u17:
   226  07F7  0BF0               	decfsz	??_main,f
   227  07F8  2FF7               	goto	u17
   228  07F9  0BF1               	decfsz	??_main+1,f
   229  07FA  2FF7               	goto	u17
   230  07FB  2FFC               	nop2
   231  07FC  2FEF               	goto	l618
   232  07FD  2800               	ljmp	start
   233  07FE                     __end_of_main:
   234  007E                     btemp	set	126	;btemp
   235  007E                     wtemp0	set	126
   236                           
   237                           	psect	config
   238                           
   239                           ;Config register CONFIG @ 0x2007
   240                           ;	Oscillator Selection bits
   241                           ;	FOSC = INTOSCIO, INTOSC oscillator: I/O function on RA6/OSC2/CLKOUT pin, I/O function 
      +                          on RA7/OSC1/CLKIN
   242                           ;	Watchdog Timer Enable bit
   243                           ;	WDTE = OFF, WDT disabled
   244                           ;	Power-up Timer Enable bit
   245                           ;	PWRTE = OFF, PWRT disabled
   246                           ;	RA5/MCLR/VPP Pin Function Select bit
   247                           ;	MCLRE = ON, RA5/MCLR/VPP pin function is MCLR
   248                           ;	Brown-out Detect Enable bit
   249                           ;	BOREN = OFF, BOD disabled
   250                           ;	Low-Voltage Programming Enable bit
   251                           ;	LVP = OFF, RB4/PGM pin has digital I/O function, HV on MCLR must be used for programmi
      +                          ng
   252                           ;	Data EE Memory Code Protection bit
   253                           ;	CPD = OFF, Data memory code protection off
   254                           ;	Flash Program Memory Code Protection bit
   255                           ;	CP = OFF, Code protection off
   256  2007                     	org	8199
   257  2007  3F38               	dw	16184

Data Sizes:
    Strings     0
    Constant    0
    Data        0
    BSS         0
    Persistent  0
    Stack       0

Auto Spaces:
    Space          Size  Autos    Used
    COMMON           14      2       2
    BANK0            80      0       0
    BANK1            80      0       0
    BANK2            48      0       0

Pointer List with Targets:

    None.

Critical Paths under _main in COMMON

    None.

Critical Paths under _main in BANK0

    None.

Critical Paths under _main in BANK1

    None.

Critical Paths under _main in BANK2

    None.

Call Graph Tables:

 ---------------------------------------------------------------------------------
 (Depth) Function   	        Calls       Base Space   Used Autos Params    Refs
 ---------------------------------------------------------------------------------
 (0) _main                                                 2     2      0       0
                                              0 COMMON     2     2      0
 ---------------------------------------------------------------------------------
 Estimated maximum stack depth 0
 ---------------------------------------------------------------------------------

 Call Graph Graphs:

 _main (ROOT)

 Address spaces:
Name               Size   Autos  Total    Cost      Usage
BITCOMMON            E      0       0       0        0.0%
EEDATA              80      0       0       0        0.0%
NULL                 0      0       0       0        0.0%
CODE                 0      0       0       0        0.0%
COMMON               E      2       2       1       14.3%
BITSFR0              0      0       0       1        0.0%
SFR0                 0      0       0       1        0.0%
BITSFR1              0      0       0       2        0.0%
SFR1                 0      0       0       2        0.0%
STACK                0      0       0       2        0.0%
BANK0               50      0       0       3        0.0%
BITSFR3              0      0       0       4        0.0%
SFR3                 0      0       0       4        0.0%
ABS                  0      0       0       4        0.0%
BITBANK0            50      0       0       5        0.0%
BITSFR2              0      0       0       5        0.0%
SFR2                 0      0       0       5        0.0%
BITBANK1            50      0       0       6        0.0%
BANK1               50      0       0       7        0.0%
BITBANK2            30      0       0       8        0.0%
BANK2               30      0       0       9        0.0%
DATA                 0      0       0      10        0.0%


Microchip Technology PIC Macro Assembler V2.20 build 20200408173844 
Symbol Table                                                                                   Sun Nov 15 08:55:09 2020

                     u17 07F7                      l620 07F3                      l612 07E2  
                    l614 07E9                      l616 07EB                      l618 07EF  
                   _main 07E2                     btemp 007E                     start 0000  
                  ?_main 0070                    _CMCON 001F                    _PORTA 0005  
                  _PORTB 0006                    _TRISA 0085                    _TRISB 0086  
                  status 0003                    wtemp0 007E          __initialization 07FE  
           __end_of_main 07FE                   ??_main 0070  __end_of__initialization 07FE  
         __pcstackCOMMON 0070               __pmaintext 07E2     end_of_initialization 07FE  
    start_initialization 07FE                ___latbits 0000            __size_of_main 001C  
