

Microchip MPLAB XC8 Assembler V2.32 build 20210201212658 
                                                                                               Sat Oct 09 20:16:59 2021

Microchip MPLAB XC8 C Compiler v2.32 (Free license) build 20210201212658 Og1 
     1                           	processor	18F4520
     2                           	fnconf	rparam,??,?,0
     3                           	pagewidth 120
     4                           	opt	flic
     5                           	psect	cinit,global,reloc=2,class=CODE,delta=1
     6                           	psect	cstackCOMRAM,global,class=COMRAM,space=1,delta=1,lowdata,noexec
     7                           	psect	text0,global,reloc=2,class=CODE,delta=1
     8                           	psect	intcodelo,global,reloc=2,class=CODE,delta=1
     9                           	psect	intcode,global,reloc=2,class=CODE,delta=1
    10                           	psect	intcode_body,global,reloc=2,class=CODE,delta=1
    11                           	psect	intsave_regs,global,class=BIGRAM,space=1,delta=1,noexec
    12                           	psect	rparam,global,class=COMRAM,space=1,delta=1,noexec
    13                           	psect	temp,global,ovrld,common,class=COMRAM,space=1,delta=1
    14                           	psect	idloc,global,abs,ovrld,class=IDLOC,space=5,delta=1,noexec
    15                           	psect	config,global,abs,ovrld,class=CONFIG,space=4,delta=1,noexec
    16  0000                     
    17                           ; Version 2.20
    18                           ; Generated 12/02/2020 GMT
    19                           ; 
    20                           ; Copyright © 2020, Microchip Technology Inc. and its subsidiaries ("Microchip")
    21                           ; All rights reserved.
    22                           ; 
    23                           ; This software is developed by Microchip Technology Inc. and its subsidiaries ("Microch
      +                          ip").
    24                           ; 
    25                           ; Redistribution and use in source and binary forms, with or without modification, are
    26                           ; permitted provided that the following conditions are met:
    27                           ; 
    28                           ;     1. Redistributions of source code must retain the above copyright notice, this lis
      +                          t of
    29                           ;        conditions and the following disclaimer.
    30                           ; 
    31                           ;     2. Redistributions in binary form must reproduce the above copyright notice, this 
      +                          list
    32                           ;        of conditions and the following disclaimer in the documentation and/or other
    33                           ;        materials provided with the distribution.
    34                           ; 
    35                           ;     3. Microchip's name may not be used to endorse or promote products derived from th
      +                          is
    36                           ;        software without specific prior written permission.
    37                           ; 
    38                           ; THIS SOFTWARE IS PROVIDED BY MICROCHIP "AS IS" AND ANY EXPRESS OR IMPLIED WARRANTIES,
    39                           ; INCLUDING, BUT NOT LIMITED TO, THE IMPLIED WARRANTIES OF MERCHANTABILITY AND FITNESS F
      +                          OR
    40                           ; PURPOSE ARE DISCLAIMED.  IN NO EVENT SHALL MICROCHIP BE LIABLE FOR ANY DIRECT, INDIREC
      +                          T,
    41                           ; INCIDENTAL, SPECIAL, EXEMPLARY, OR CONSEQUENTIAL DAMAGES (INCLUDING BUT NOT LIMITED TO
    42                           ; PROCUREMENT OF SUBSTITUTE GOODS OR SERVICES; LOSS OF USE, DATA OR PROFITS; OR BUSINESS
    43                           ; INTERRUPTION) HOWSOEVER CAUSED AND ON ANY THEORY OF LIABILITY, WHETHER IN CONTRACT, ST
      +                          RICT
    44                           ; LIABILITY, OR TORT (INCLUDING NEGLIGENCE OR OTHERWISE) ARISING IN ANY WAY OUT OF THE U
      +                          SE OF
    45                           ; THIS SOFTWARE, EVEN IF ADVISED OF THE POSSIBILITY OF SUCH DAMAGE.
    46                           ; 
    47                           ; 
    48                           ; Code-generator required, PIC18F4520 Definitions
    49                           ; 
    50                           ; SFR Addresses
    51  0000                     _INTCON2bits	set	4081
    52  0000                     _RCONbits	set	4048
    53  0000                     _LATDbits	set	3980
    54  0000                     _TRISBbits	set	3987
    55  0000                     _INTCON3bits	set	4080
    56  0000                     _LATBbits	set	3978
    57  0000                     _INTCONbits	set	4082
    58                           
    59                           ; #config settings
    60                           
    61                           	psect	cinit
    62  0000DA                     __pcinit:
    63                           	callstack 0
    64  0000DA                     start_initialization:
    65                           	callstack 0
    66  0000DA                     __initialization:
    67                           	callstack 0
    68  0000DA                     end_of_initialization:
    69                           	callstack 0
    70  0000DA                     __end_of__initialization:
    71                           	callstack 0
    72  0000DA  9006               	bcf	int$flags,0,c	;clear compiler interrupt flag (level 1)
    73  0000DC  9206               	bcf	int$flags,1,c	;clear compiler interrupt flag (level 2)
    74  0000DE  0100               	movlb	0
    75  0000E0  EF59  F000         	goto	_main	;jump to C main() function
    76                           
    77                           	psect	cstackCOMRAM
    78  000001                     __pcstackCOMRAM:
    79                           	callstack 0
    80  000001                     ??_high_isr:
    81  000001                     
    82                           ; 1 bytes @ 0x0
    83  000001                     	ds	1
    84  000002                     ??_low_isr:
    85                           
    86                           ; 1 bytes @ 0x1
    87  000002                     	ds	4
    88  000006                     
    89                           ; 1 bytes @ 0x5
    90 ;;
    91 ;;Main: autosize = 0, tempsize = 0, incstack = 0, save=0
    92 ;;
    93 ;; *************** function _main *****************
    94 ;; Defined at:
    95 ;;		line 47 in file "main.c"
    96 ;; Parameters:    Size  Location     Type
    97 ;;		None
    98 ;; Auto vars:     Size  Location     Type
    99 ;;		None
   100 ;; Return value:  Size  Location     Type
   101 ;;                  1    wreg      void 
   102 ;; Registers used:
   103 ;;		None
   104 ;; Tracked objects:
   105 ;;		On entry : 0/0
   106 ;;		On exit  : 0/0
   107 ;;		Unchanged: 0/0
   108 ;; Data sizes:     COMRAM   BANK0   BANK1   BANK2   BANK3   BANK4   BANK5
   109 ;;      Params:         0       0       0       0       0       0       0
   110 ;;      Locals:         0       0       0       0       0       0       0
   111 ;;      Temps:          0       0       0       0       0       0       0
   112 ;;      Totals:         0       0       0       0       0       0       0
   113 ;;Total ram usage:        0 bytes
   114 ;; Hardware stack levels required when called: 2
   115 ;; This function calls:
   116 ;;		Nothing
   117 ;; This function is called by:
   118 ;;		Startup code after reset
   119 ;; This function uses a non-reentrant model
   120 ;;
   121                           
   122                           	psect	text0
   123  0000B2                     __ptext0:
   124                           	callstack 0
   125  0000B2                     _main:
   126                           	callstack 29
   127  0000B2                     
   128                           ;main.c: 50:     TRISBbits.TRISB0 = 1;
   129  0000B2  8093               	bsf	147,0,c	;volatile
   130                           
   131                           ;main.c: 51:     TRISBbits.TRISB1 = 1;
   132  0000B4  8293               	bsf	147,1,c	;volatile
   133                           
   134                           ;main.c: 53:     TRISBbits.TRISB6 = 0;
   135  0000B6  9C93               	bcf	147,6,c	;volatile
   136                           
   137                           ;main.c: 54:     TRISBbits.TRISB7 = 0;
   138  0000B8  9E93               	bcf	147,7,c	;volatile
   139                           
   140                           ;main.c: 56:     LATDbits.LATD6 = 0;
   141  0000BA  9C8C               	bcf	140,6,c	;volatile
   142                           
   143                           ;main.c: 57:     LATDbits.LATD7 = 0;
   144  0000BC  9E8C               	bcf	140,7,c	;volatile
   145                           
   146                           ;main.c: 61:     RCONbits.IPEN = 1;
   147  0000BE  8ED0               	bsf	208,7,c	;volatile
   148                           
   149                           ;main.c: 62:     INTCONbits.GIEL = 1;
   150  0000C0  8CF2               	bsf	242,6,c	;volatile
   151                           
   152                           ;main.c: 63:     INTCONbits.GIEH = 1;
   153  0000C2  8EF2               	bsf	242,7,c	;volatile
   154                           
   155                           ;main.c: 66:     INTCONbits.INT0IF = 0;
   156  0000C4  92F2               	bcf	242,1,c	;volatile
   157                           
   158                           ;main.c: 67:     INTCON2bits.INTEDG0 = 1;
   159  0000C6  8CF1               	bsf	241,6,c	;volatile
   160                           
   161                           ;main.c: 68:     INTCONbits.INT0IE = 1;
   162  0000C8  88F2               	bsf	242,4,c	;volatile
   163                           
   164                           ;main.c: 71:     INTCON3bits.INT1F = 0;
   165  0000CA  90F0               	bcf	240,0,c	;volatile
   166                           
   167                           ;main.c: 72:     INTCON2bits.INTEDG1 = 1;
   168  0000CC  8AF1               	bsf	241,5,c	;volatile
   169                           
   170                           ;main.c: 73:     INTCON3bits.INT1P = 0;
   171  0000CE  9CF0               	bcf	240,6,c	;volatile
   172                           
   173                           ;main.c: 74:     INTCON3bits.INT1E = 1;
   174  0000D0  86F0               	bsf	240,3,c	;volatile
   175  0000D2                     l31:
   176  0000D2  EF69  F000         	goto	l31
   177  0000D6  EF38  F000         	goto	start
   178  0000DA                     __end_of_main:
   179                           	callstack 0
   180                           
   181 ;; *************** function _low_isr *****************
   182 ;; Defined at:
   183 ;;		line 30 in file "main.c"
   184 ;; Parameters:    Size  Location     Type
   185 ;;		None
   186 ;; Auto vars:     Size  Location     Type
   187 ;;		None
   188 ;; Return value:  Size  Location     Type
   189 ;;                  1    wreg      void 
   190 ;; Registers used:
   191 ;;		wreg, status,2, status,0
   192 ;; Tracked objects:
   193 ;;		On entry : 0/0
   194 ;;		On exit  : 0/0
   195 ;;		Unchanged: 0/0
   196 ;; Data sizes:     COMRAM   BANK0   BANK1   BANK2   BANK3   BANK4   BANK5
   197 ;;      Params:         0       0       0       0       0       0       0
   198 ;;      Locals:         0       0       0       0       0       0       0
   199 ;;      Temps:          4       0       0       0       0       0       0
   200 ;;      Totals:         4       0       0       0       0       0       0
   201 ;;Total ram usage:        4 bytes
   202 ;; Hardware stack levels used: 1
   203 ;; Hardware stack levels required when called: 1
   204 ;; This function calls:
   205 ;;		Nothing
   206 ;; This function is called by:
   207 ;;		Interrupt level 1
   208 ;; This function uses a non-reentrant model
   209 ;;
   210                           
   211                           	psect	intcodelo
   212  000018                     __pintcodelo:
   213                           	callstack 0
   214  000018                     _low_isr:
   215                           	callstack 29
   216                           
   217                           ;incstack = 0
   218  000018  8006               	bsf	int$flags,0,c	;set compiler interrupt flag (level 1)
   219  00001A  CFD8 F003          	movff	status,??_low_isr+1
   220  00001E  CFE8 F004          	movff	wreg,??_low_isr+2
   221  000022  CFE0 F005          	movff	bsr,??_low_isr+3
   222  000026                     
   223                           ;main.c: 33:     INTCONbits.GIEL = 0;
   224  000026  9CF2               	bcf	242,6,c	;volatile
   225                           
   226                           ;main.c: 35:     if (INTCON3bits.INT1IF == 1)
   227  000028  A0F0               	btfss	240,0,c	;volatile
   228  00002A  EF19  F000         	goto	i1u3_21
   229  00002E  EF1B  F000         	goto	i1u3_20
   230  000032                     i1u3_21:
   231  000032  EF2F  F000         	goto	i1l726
   232  000036                     i1u3_20:
   233  000036                     
   234                           ;main.c: 36:     {;main.c: 37:         LATBbits.LATB6 = ~LATBbits.LATB6;
   235  000036  BC8A               	btfsc	138,6,c	;volatile
   236  000038  EF20  F000         	goto	i1u4_21
   237  00003C  EF23  F000         	goto	i1u4_20
   238  000040                     i1u4_21:
   239  000040  0E01               	movlw	1
   240  000042  EF24  F000         	goto	i1u4_26
   241  000046                     i1u4_20:
   242  000046  0E00               	movlw	0
   243  000048                     i1u4_26:
   244  000048  0AFF               	xorlw	255
   245  00004A  6E02               	movwf	??_low_isr^0,c
   246  00004C  3A02               	swapf	??_low_isr^0,f,c
   247  00004E  4602               	rlncf	??_low_isr^0,f,c
   248  000050  4602               	rlncf	??_low_isr^0,f,c
   249  000052  508A               	movf	138,w,c	;volatile
   250  000054  1802               	xorwf	??_low_isr^0,w,c
   251  000056  0BBF               	andlw	-65
   252  000058  1802               	xorwf	??_low_isr^0,w,c
   253  00005A  6E8A               	movwf	138,c	;volatile
   254  00005C                     
   255                           ;main.c: 38:         INTCON3bits.INT1IF = 0;
   256  00005C  90F0               	bcf	240,0,c	;volatile
   257  00005E                     i1l726:
   258                           
   259                           ;main.c: 41:     INTCONbits.GIEL = 1;
   260  00005E  8CF2               	bsf	242,6,c	;volatile
   261  000060  C005  FFE0         	movff	??_low_isr+3,bsr
   262  000064  C004  FFE8         	movff	??_low_isr+2,wreg
   263  000068  C003  FFD8         	movff	??_low_isr+1,status
   264  00006C  9006               	bcf	int$flags,0,c	;clear compiler interrupt flag (level 1)
   265  00006E  0010               	retfie	
   266  000070                     __end_of_low_isr:
   267                           	callstack 0
   268                           
   269 ;; *************** function _high_isr *****************
   270 ;; Defined at:
   271 ;;		line 14 in file "main.c"
   272 ;; Parameters:    Size  Location     Type
   273 ;;		None
   274 ;; Auto vars:     Size  Location     Type
   275 ;;		None
   276 ;; Return value:  Size  Location     Type
   277 ;;                  1    wreg      void 
   278 ;; Registers used:
   279 ;;		wreg, status,2, status,0
   280 ;; Tracked objects:
   281 ;;		On entry : 0/0
   282 ;;		On exit  : 0/0
   283 ;;		Unchanged: 0/0
   284 ;; Data sizes:     COMRAM   BANK0   BANK1   BANK2   BANK3   BANK4   BANK5
   285 ;;      Params:         0       0       0       0       0       0       0
   286 ;;      Locals:         0       0       0       0       0       0       0
   287 ;;      Temps:          1       0       0       0       0       0       0
   288 ;;      Totals:         1       0       0       0       0       0       0
   289 ;;Total ram usage:        1 bytes
   290 ;; Hardware stack levels used: 1
   291 ;; This function calls:
   292 ;;		Nothing
   293 ;; This function is called by:
   294 ;;		Interrupt level 2
   295 ;; This function uses a non-reentrant model
   296 ;;
   297                           
   298                           	psect	intcode
   299  000008                     __pintcode:
   300                           	callstack 0
   301  000008                     _high_isr:
   302                           	callstack 29
   303                           
   304                           ;incstack = 0
   305  000008  8206               	bsf	int$flags,1,c	;set compiler interrupt flag (level 2)
   306  00000A  ED3A  F000         	call	int_func,f	;refresh shadow registers
   307                           
   308                           	psect	intcode_body
   309  000074                     __pintcode_body:
   310                           	callstack 29
   311  000074                     int_func:
   312                           	callstack 29
   313  000074  0006               	pop		; remove dummy address from shadow register refresh
   314  000076                     
   315                           ;main.c: 17:     INTCONbits.GIEH = 0;
   316  000076  9EF2               	bcf	242,7,c	;volatile
   317                           
   318                           ;main.c: 19:     if (INTCONbits.INT0IF == 1)
   319  000078  A2F2               	btfss	242,1,c	;volatile
   320  00007A  EF41  F000         	goto	i2u1_41
   321  00007E  EF43  F000         	goto	i2u1_40
   322  000082                     i2u1_41:
   323  000082  EF56  F000         	goto	i2l716
   324  000086                     i2u1_40:
   325  000086                     
   326                           ;main.c: 20:     {;main.c: 21:         LATBbits.LATB7 = ~LATBbits.LATB7;
   327  000086  BE8A               	btfsc	138,7,c	;volatile
   328  000088  EF48  F000         	goto	i2u2_41
   329  00008C  EF4B  F000         	goto	i2u2_40
   330  000090                     i2u2_41:
   331  000090  0E01               	movlw	1
   332  000092  EF4C  F000         	goto	i2u2_46
   333  000096                     i2u2_40:
   334  000096  0E00               	movlw	0
   335  000098                     i2u2_46:
   336  000098  0AFF               	xorlw	255
   337  00009A  6E01               	movwf	??_high_isr^0,c
   338  00009C  3201               	rrcf	??_high_isr^0,f,c
   339  00009E  3201               	rrcf	??_high_isr^0,f,c
   340  0000A0  508A               	movf	138,w,c	;volatile
   341  0000A2  1801               	xorwf	??_high_isr^0,w,c
   342  0000A4  0B7F               	andlw	-129
   343  0000A6  1801               	xorwf	??_high_isr^0,w,c
   344  0000A8  6E8A               	movwf	138,c	;volatile
   345  0000AA                     
   346                           ;main.c: 22:         INTCONbits.INT0IF = 0;
   347  0000AA  92F2               	bcf	242,1,c	;volatile
   348  0000AC                     i2l716:
   349                           
   350                           ;main.c: 25:     INTCONbits.GIEH = 1;
   351  0000AC  8EF2               	bsf	242,7,c	;volatile
   352  0000AE  9206               	bcf	int$flags,1,c	;clear compiler interrupt flag (level 2)
   353  0000B0  0011               	retfie		f
   354  0000B2                     __end_of_high_isr:
   355                           	callstack 0
   356  0000                     
   357                           	psect	rparam
   358  0000                     
   359                           	psect	temp
   360  000006                     btemp:
   361                           	callstack 0
   362  000006                     	ds	1
   363  0000                     int$flags	set	btemp
   364  0000                     wtemp8	set	btemp+1
   365  0000                     ttemp5	set	btemp+1
   366  0000                     ttemp6	set	btemp+4
   367  0000                     ttemp7	set	btemp+8
   368                           
   369                           	psect	idloc
   370                           
   371                           ;Config register IDLOC0 @ 0x200000
   372                           ;	unspecified, using default values
   373  200000                     	org	2097152
   374  200000  FF                 	db	255
   375                           
   376                           ;Config register IDLOC1 @ 0x200001
   377                           ;	unspecified, using default values
   378  200001                     	org	2097153
   379  200001  FF                 	db	255
   380                           
   381                           ;Config register IDLOC2 @ 0x200002
   382                           ;	unspecified, using default values
   383  200002                     	org	2097154
   384  200002  FF                 	db	255
   385                           
   386                           ;Config register IDLOC3 @ 0x200003
   387                           ;	unspecified, using default values
   388  200003                     	org	2097155
   389  200003  FF                 	db	255
   390                           
   391                           ;Config register IDLOC4 @ 0x200004
   392                           ;	unspecified, using default values
   393  200004                     	org	2097156
   394  200004  FF                 	db	255
   395                           
   396                           ;Config register IDLOC5 @ 0x200005
   397                           ;	unspecified, using default values
   398  200005                     	org	2097157
   399  200005  FF                 	db	255
   400                           
   401                           ;Config register IDLOC6 @ 0x200006
   402                           ;	unspecified, using default values
   403  200006                     	org	2097158
   404  200006  FF                 	db	255
   405                           
   406                           ;Config register IDLOC7 @ 0x200007
   407                           ;	unspecified, using default values
   408  200007                     	org	2097159
   409  200007  FF                 	db	255
   410                           
   411                           	psect	config
   412                           
   413                           ; Padding undefined space
   414  300000                     	org	3145728
   415  300000  FF                 	db	255
   416                           
   417                           ;Config register CONFIG1H @ 0x300001
   418                           ;	Oscillator Selection bits
   419                           ;	OSC = INTIO67, Internal oscillator block, port function on RA6 and RA7
   420                           ;	Fail-Safe Clock Monitor Enable bit
   421                           ;	FCMEN = OFF, Fail-Safe Clock Monitor disabled
   422                           ;	Internal/External Oscillator Switchover bit
   423                           ;	IESO = OFF, Oscillator Switchover mode disabled
   424  300001                     	org	3145729
   425  300001  08                 	db	8
   426                           
   427                           ;Config register CONFIG2L @ 0x300002
   428                           ;	Power-up Timer Enable bit
   429                           ;	PWRT = OFF, PWRT disabled
   430                           ;	Brown-out Reset Enable bits
   431                           ;	BOREN = OFF, Brown-out Reset disabled in hardware and software
   432                           ;	Brown Out Reset Voltage bits
   433                           ;	BORV = 3, Minimum setting
   434  300002                     	org	3145730
   435  300002  19                 	db	25
   436                           
   437                           ;Config register CONFIG2H @ 0x300003
   438                           ;	Watchdog Timer Enable bit
   439                           ;	WDT = OFF, WDT disabled (control is placed on the SWDTEN bit)
   440                           ;	Watchdog Timer Postscale Select bits
   441                           ;	WDTPS = 32768, 1:32768
   442  300003                     	org	3145731
   443  300003  1E                 	db	30
   444                           
   445                           ; Padding undefined space
   446  300004                     	org	3145732
   447  300004  FF                 	db	255
   448                           
   449                           ;Config register CONFIG3H @ 0x300005
   450                           ;	CCP2 MUX bit
   451                           ;	CCP2MX = PORTC, CCP2 input/output is multiplexed with RC1
   452                           ;	PORTB A/D Enable bit
   453                           ;	PBADEN = OFF, PORTB<4:0> pins are configured as digital I/O on Reset
   454                           ;	Low-Power Timer1 Oscillator Enable bit
   455                           ;	LPT1OSC = OFF, Timer1 configured for higher power operation
   456                           ;	MCLR Pin Enable bit
   457                           ;	MCLRE = OFF, RE3 input pin enabled; MCLR disabled
   458  300005                     	org	3145733
   459  300005  01                 	db	1
   460                           
   461                           ;Config register CONFIG4L @ 0x300006
   462                           ;	Stack Full/Underflow Reset Enable bit
   463                           ;	STVREN = ON, Stack full/underflow will cause Reset
   464                           ;	Single-Supply ICSP Enable bit
   465                           ;	LVP = OFF, Single-Supply ICSP disabled
   466                           ;	Extended Instruction Set Enable bit
   467                           ;	XINST = OFF, Instruction set extension and Indexed Addressing mode disabled (Legacy mo
      +                          de)
   468                           ;	Background Debugger Enable bit
   469                           ;	DEBUG = 0x1, unprogrammed default
   470  300006                     	org	3145734
   471  300006  81                 	db	129
   472                           
   473                           ; Padding undefined space
   474  300007                     	org	3145735
   475  300007  FF                 	db	255
   476                           
   477                           ;Config register CONFIG5L @ 0x300008
   478                           ;	Code Protection bit
   479                           ;	CP0 = OFF, Block 0 (000800-001FFFh) not code-protected
   480                           ;	Code Protection bit
   481                           ;	CP1 = OFF, Block 1 (002000-003FFFh) not code-protected
   482                           ;	Code Protection bit
   483                           ;	CP2 = OFF, Block 2 (004000-005FFFh) not code-protected
   484                           ;	Code Protection bit
   485                           ;	CP3 = OFF, Block 3 (006000-007FFFh) not code-protected
   486  300008                     	org	3145736
   487  300008  0F                 	db	15
   488                           
   489                           ;Config register CONFIG5H @ 0x300009
   490                           ;	Boot Block Code Protection bit
   491                           ;	CPB = OFF, Boot block (000000-0007FFh) not code-protected
   492                           ;	Data EEPROM Code Protection bit
   493                           ;	CPD = OFF, Data EEPROM not code-protected
   494  300009                     	org	3145737
   495  300009  C0                 	db	192
   496                           
   497                           ;Config register CONFIG6L @ 0x30000A
   498                           ;	Write Protection bit
   499                           ;	WRT0 = OFF, Block 0 (000800-001FFFh) not write-protected
   500                           ;	Write Protection bit
   501                           ;	WRT1 = OFF, Block 1 (002000-003FFFh) not write-protected
   502                           ;	Write Protection bit
   503                           ;	WRT2 = OFF, Block 2 (004000-005FFFh) not write-protected
   504                           ;	Write Protection bit
   505                           ;	WRT3 = OFF, Block 3 (006000-007FFFh) not write-protected
   506  30000A                     	org	3145738
   507  30000A  0F                 	db	15
   508                           
   509                           ;Config register CONFIG6H @ 0x30000B
   510                           ;	Configuration Register Write Protection bit
   511                           ;	WRTC = OFF, Configuration registers (300000-3000FFh) not write-protected
   512                           ;	Boot Block Write Protection bit
   513                           ;	WRTB = OFF, Boot block (000000-0007FFh) not write-protected
   514                           ;	Data EEPROM Write Protection bit
   515                           ;	WRTD = OFF, Data EEPROM not write-protected
   516  30000B                     	org	3145739
   517  30000B  E0                 	db	224
   518                           
   519                           ;Config register CONFIG7L @ 0x30000C
   520                           ;	Table Read Protection bit
   521                           ;	EBTR0 = OFF, Block 0 (000800-001FFFh) not protected from table reads executed in other
      +                           blocks
   522                           ;	Table Read Protection bit
   523                           ;	EBTR1 = OFF, Block 1 (002000-003FFFh) not protected from table reads executed in other
      +                           blocks
   524                           ;	Table Read Protection bit
   525                           ;	EBTR2 = OFF, Block 2 (004000-005FFFh) not protected from table reads executed in other
      +                           blocks
   526                           ;	Table Read Protection bit
   527                           ;	EBTR3 = OFF, Block 3 (006000-007FFFh) not protected from table reads executed in other
      +                           blocks
   528  30000C                     	org	3145740
   529  30000C  0F                 	db	15
   530                           
   531                           ;Config register CONFIG7H @ 0x30000D
   532                           ;	Boot Block Table Read Protection bit
   533                           ;	EBTRB = OFF, Boot block (000000-0007FFh) not protected from table reads executed in ot
      +                          her blocks
   534  30000D                     	org	3145741
   535  30000D  40                 	db	64
   536                           tosu	equ	0xFFF
   537                           tosh	equ	0xFFE
   538                           tosl	equ	0xFFD
   539                           stkptr	equ	0xFFC
   540                           pclatu	equ	0xFFB
   541                           pclath	equ	0xFFA
   542                           pcl	equ	0xFF9
   543                           tblptru	equ	0xFF8
   544                           tblptrh	equ	0xFF7
   545                           tblptrl	equ	0xFF6
   546                           tablat	equ	0xFF5
   547                           prodh	equ	0xFF4
   548                           prodl	equ	0xFF3
   549                           indf0	equ	0xFEF
   550                           postinc0	equ	0xFEE
   551                           postdec0	equ	0xFED
   552                           preinc0	equ	0xFEC
   553                           plusw0	equ	0xFEB
   554                           fsr0h	equ	0xFEA
   555                           fsr0l	equ	0xFE9
   556                           wreg	equ	0xFE8
   557                           indf1	equ	0xFE7
   558                           postinc1	equ	0xFE6
   559                           postdec1	equ	0xFE5
   560                           preinc1	equ	0xFE4
   561                           plusw1	equ	0xFE3
   562                           fsr1h	equ	0xFE2
   563                           fsr1l	equ	0xFE1
   564                           bsr	equ	0xFE0
   565                           indf2	equ	0xFDF
   566                           postinc2	equ	0xFDE
   567                           postdec2	equ	0xFDD
   568                           preinc2	equ	0xFDC
   569                           plusw2	equ	0xFDB
   570                           fsr2h	equ	0xFDA
   571                           fsr2l	equ	0xFD9
   572                           status	equ	0xFD8

Data Sizes:
    Strings     0
    Constant    0
    Data        0
    BSS         0
    Persistent  0
    Stack       0

Auto Spaces:
    Space          Size  Autos    Used
    COMRAM          126      5       5
    BANK0           128      0       0
    BANK1           256      0       0
    BANK2           256      0       0
    BANK3           256      0       0
    BANK4           256      0       0
    BANK5           256      0       0

Pointer List with Targets:

    None.

Critical Paths under _main in COMRAM

    None.

Critical Paths under _low_isr in COMRAM

    None.

Critical Paths under _high_isr in COMRAM

    None.

Critical Paths under _main in BANK0

    None.

Critical Paths under _low_isr in BANK0

    None.

Critical Paths under _high_isr in BANK0

    None.

Critical Paths under _main in BANK1

    None.

Critical Paths under _low_isr in BANK1

    None.

Critical Paths under _high_isr in BANK1

    None.

Critical Paths under _main in BANK2

    None.

Critical Paths under _low_isr in BANK2

    None.

Critical Paths under _high_isr in BANK2

    None.

Critical Paths under _main in BANK3

    None.

Critical Paths under _low_isr in BANK3

    None.

Critical Paths under _high_isr in BANK3

    None.

Critical Paths under _main in BANK4

    None.

Critical Paths under _low_isr in BANK4

    None.

Critical Paths under _high_isr in BANK4

    None.

Critical Paths under _main in BANK5

    None.

Critical Paths under _low_isr in BANK5

    None.

Critical Paths under _high_isr in BANK5

    None.

Call Graph Tables:

 ---------------------------------------------------------------------------------
 (Depth) Function   	        Calls       Base Space   Used Autos Params    Refs
 ---------------------------------------------------------------------------------
 (0) _main                                                 0     0      0       0
 ---------------------------------------------------------------------------------
 Estimated maximum stack depth 0
 ---------------------------------------------------------------------------------
 (Depth) Function   	        Calls       Base Space   Used Autos Params    Refs
 ---------------------------------------------------------------------------------
 (1) _low_isr                                              4     4      0       0
                                              1 COMRAM     4     4      0
 ---------------------------------------------------------------------------------
 Estimated maximum stack depth 1
 ---------------------------------------------------------------------------------
 (Depth) Function   	        Calls       Base Space   Used Autos Params    Refs
 ---------------------------------------------------------------------------------
 (2) _high_isr                                             1     1      0       0
                                              0 COMRAM     1     1      0
 ---------------------------------------------------------------------------------
 Estimated maximum stack depth 2
 ---------------------------------------------------------------------------------

 Call Graph Graphs:

 _main (ROOT)

 _low_isr (ROOT)

 _high_isr (ROOT)

 Address spaces:
Name               Size   Autos  Total    Cost      Usage
BITCOMRAM           7E      0       0       0        0.0%
EEDATA             100      0       0       0        0.0%
NULL                 0      0       0       0        0.0%
CODE                 0      0       0       0        0.0%
COMRAM              7E      5       5       1        4.0%
STACK                0      0       0       2        0.0%
DATA                 0      0       0       3        0.0%
BITBANK0            80      0       0       4        0.0%
BANK0               80      0       0       5        0.0%
BITBANK1           100      0       0       6        0.0%
BANK1              100      0       0       7        0.0%
BITBANK2           100      0       0       8        0.0%
BANK2              100      0       0       9        0.0%
BITBANK3           100      0       0      10        0.0%
BANK3              100      0       0      11        0.0%
BITBANK4           100      0       0      12        0.0%
BANK4              100      0       0      13        0.0%
BANK5              100      0       0      14        0.0%
ABS                  0      0       0      15        0.0%
BITBANK5           100      0       0      16        0.0%
BIGRAM             5FF      0       0      17        0.0%
BITSFR               0      0       0     200        0.0%
SFR                  0      0       0     200        0.0%


Microchip Technology PIC18 Macro Assembler V2.32 build 20210201212658 
Symbol Table                                                                                   Sat Oct 09 20:16:59 2021

                     l31 00D2                       l32 00D2                       bsr 000FE0  
                    l730 00B2                      wreg 000FE8                     i1l26 0060  
                   i2l20 00AE                     _main 00B2                     btemp 0006  
                   start 0070             ___param_bank 000000                    ?_main 0001  
                  i1l720 0026                    i1l722 0036                    i1l724 005C  
                  i1l726 005E                    i2l710 0076                    i2l712 0086  
                  i2l714 00AA                    i2l716 00AC          __end_of_low_isr 0070  
                  ttemp5 0007                    ttemp6 000A                    ttemp7 000E  
                  status 000FD8                    wtemp8 0007          __initialization 00DA  
           __end_of_main 00DA                   ??_main 0006            __activetblptr 000000  
                 i1u3_20 0036                   i1u3_21 0032                   i1u4_20 0046  
                 i1u4_21 0040                   i1u4_26 0048                   i2u1_40 0086  
                 i2u1_41 0082                   i2u2_40 0096                   i2u2_41 0090  
                 i2u2_46 0098         __end_of_high_isr 00B2                   isa$std 000001  
              ??_low_isr 0002               __accesstop 0080  __end_of__initialization 00DA  
          ___rparam_used 000001           __pcstackCOMRAM 0001                ?_high_isr 0001  
                __Hparam 0000                  __Lparam 0000                  __pcinit 00DA  
                __ramtop 0600                  __ptext0 00B2                  _low_isr 0018  
             ??_high_isr 0001           __pintcode_body 0074     end_of_initialization 00DA  
                int_func 0074                _TRISBbits 000F93      start_initialization 00DA  
      __size_of_high_isr 00AA                __pintcode 0008              __pintcodelo 0018  
               ?_low_isr 0001                 _LATBbits 000F8A                 _LATDbits 000F8C  
               _RCONbits 000FD0              _INTCON2bits 000FF1              _INTCON3bits 000FF0  
               __Hrparam 0000                 __Lrparam 0000         __size_of_low_isr 0058  
               _high_isr 0008            __size_of_main 0028                 isa$xinst 000000  
               int$flags 0006               _INTCONbits 000FF2                 intlevel1 0000  
               intlevel2 0000  
