

Microchip MPLAB XC8 Assembler V2.20 build 20200408173844 
                                                                                               Sat Nov 14 11:43:15 2020

Microchip MPLAB XC8 C Compiler v2.20 (Free license) build 20200408173844 Og1 
     1                           	processor	16F628A
     2                           	pagewidth 120
     3                           	opt	flic
     4                           	psect	cinit,global,class=CODE,merge=1,delta=2
     5                           	psect	cstackCOMMON,global,class=COMMON,space=1,delta=1,noexec
     6                           	psect	maintext,global,class=CODE,split=1,delta=2
     7                           	psect	config,global,abs,ovrld,class=CONFIG,space=4,delta=2,noexec
     8                           	dabs	1,0x7E,2
     9  0000                     
    10                           ; Version 2.20
    11                           ; Generated 12/02/2020 GMT
    12                           ; 
    13                           ; Copyright © 2020, Microchip Technology Inc. and its subsidiaries ("Microchip")
    14                           ; All rights reserved.
    15                           ; 
    16                           ; This software is developed by Microchip Technology Inc. and its subsidiaries ("Microch
      +                          ip").
    17                           ; 
    18                           ; Redistribution and use in source and binary forms, with or without modification, are
    19                           ; permitted provided that the following conditions are met:
    20                           ; 
    21                           ;     1. Redistributions of source code must retain the above copyright notice, this lis
      +                          t of
    22                           ;        conditions and the following disclaimer.
    23                           ; 
    24                           ;     2. Redistributions in binary form must reproduce the above copyright notice, this 
      +                          list
    25                           ;        of conditions and the following disclaimer in the documentation and/or other
    26                           ;        materials provided with the distribution.
    27                           ; 
    28                           ;     3. Microchip's name may not be used to endorse or promote products derived from th
      +                          is
    29                           ;        software without specific prior written permission.
    30                           ; 
    31                           ; THIS SOFTWARE IS PROVIDED BY MICROCHIP "AS IS" AND ANY EXPRESS OR IMPLIED WARRANTIES,
    32                           ; INCLUDING, BUT NOT LIMITED TO, THE IMPLIED WARRANTIES OF MERCHANTABILITY AND FITNESS F
      +                          OR
    33                           ; PURPOSE ARE DISCLAIMED.  IN NO EVENT SHALL MICROCHIP BE LIABLE FOR ANY DIRECT, INDIREC
      +                          T,
    34                           ; INCIDENTAL, SPECIAL, EXEMPLARY, OR CONSEQUENTIAL DAMAGES (INCLUDING BUT NOT LIMITED TO
    35                           ; PROCUREMENT OF SUBSTITUTE GOODS OR SERVICES; LOSS OF USE, DATA OR PROFITS; OR BUSINESS
    36                           ; INTERRUPTION) HOWSOEVER CAUSED AND ON ANY THEORY OF LIABILITY, WHETHER IN CONTRACT, ST
      +                          RICT
    37                           ; LIABILITY, OR TORT (INCLUDING NEGLIGENCE OR OTHERWISE) ARISING IN ANY WAY OUT OF THE U
      +                          SE OF
    38                           ; THIS SOFTWARE, EVEN IF ADVISED OF THE POSSIBILITY OF SUCH DAMAGE.
    39                           ; 
    40                           ; 
    41                           ; Code-generator required, PIC16F628A Definitions
    42                           ; 
    43                           ; SFR Addresses
    44  0000                     	;# 
    45  0001                     	;# 
    46  0002                     	;# 
    47  0003                     	;# 
    48  0004                     	;# 
    49  0005                     	;# 
    50  0006                     	;# 
    51  000A                     	;# 
    52  000B                     	;# 
    53  000C                     	;# 
    54  000E                     	;# 
    55  000E                     	;# 
    56  000F                     	;# 
    57  0010                     	;# 
    58  0011                     	;# 
    59  0012                     	;# 
    60  0015                     	;# 
    61  0015                     	;# 
    62  0016                     	;# 
    63  0017                     	;# 
    64  0018                     	;# 
    65  0019                     	;# 
    66  001A                     	;# 
    67  001F                     	;# 
    68  0081                     	;# 
    69  0085                     	;# 
    70  0086                     	;# 
    71  008C                     	;# 
    72  008E                     	;# 
    73  0092                     	;# 
    74  0098                     	;# 
    75  0099                     	;# 
    76  009A                     	;# 
    77  009B                     	;# 
    78  009C                     	;# 
    79  009D                     	;# 
    80  009F                     	;# 
    81  0000                     	;# 
    82  0001                     	;# 
    83  0002                     	;# 
    84  0003                     	;# 
    85  0004                     	;# 
    86  0005                     	;# 
    87  0006                     	;# 
    88  000A                     	;# 
    89  000B                     	;# 
    90  000C                     	;# 
    91  000E                     	;# 
    92  000E                     	;# 
    93  000F                     	;# 
    94  0010                     	;# 
    95  0011                     	;# 
    96  0012                     	;# 
    97  0015                     	;# 
    98  0015                     	;# 
    99  0016                     	;# 
   100  0017                     	;# 
   101  0018                     	;# 
   102  0019                     	;# 
   103  001A                     	;# 
   104  001F                     	;# 
   105  0081                     	;# 
   106  0085                     	;# 
   107  0086                     	;# 
   108  008C                     	;# 
   109  008E                     	;# 
   110  0092                     	;# 
   111  0098                     	;# 
   112  0099                     	;# 
   113  009A                     	;# 
   114  009B                     	;# 
   115  009C                     	;# 
   116  009D                     	;# 
   117  009F                     	;# 
   118  0006                     _PORTB	set	6
   119  0037                     _RB7	set	55
   120  0036                     _RB6	set	54
   121  0035                     _RB5	set	53
   122  0034                     _RB4	set	52
   123  0033                     _RB3	set	51
   124  0032                     _RB2	set	50
   125  0031                     _RB1	set	49
   126  0030                     _RB0	set	48
   127  0086                     _TRISB	set	134
   128                           
   129                           	psect	cinit
   130  07FE                     start_initialization:	
   131                           ; #config settings
   132                           
   133  07FE                     __initialization:
   134  07FE                     end_of_initialization:	
   135                           ;End of C runtime variable initialization code
   136                           
   137  07FE                     __end_of__initialization:
   138  07FE  0183               	clrf	3
   139  07FF  2FC8               	ljmp	_main	;jump to C main() function
   140                           
   141                           	psect	cstackCOMMON
   142  0070                     __pcstackCOMMON:
   143  0070                     ?_main:
   144  0070                     ??_main:	
   145                           ; 1 bytes @ 0x0
   146                           
   147                           
   148                           ; 1 bytes @ 0x0
   149  0070                     	ds	3
   150                           
   151                           	psect	maintext
   152  07C8                     __pmaintext:	
   153 ;;
   154 ;;Main: autosize = 0, tempsize = 3, incstack = 0, save=0
   155 ;;
   156 ;; *************** function _main *****************
   157 ;; Defined at:
   158 ;;		line 31 in file "main.c"
   159 ;; Parameters:    Size  Location     Type
   160 ;;		None
   161 ;; Auto vars:     Size  Location     Type
   162 ;;		None
   163 ;; Return value:  Size  Location     Type
   164 ;;                  1    wreg      void 
   165 ;; Registers used:
   166 ;;		wreg, status,2
   167 ;; Tracked objects:
   168 ;;		On entry : B00/0
   169 ;;		On exit  : 0/0
   170 ;;		Unchanged: 0/0
   171 ;; Data sizes:     COMMON   BANK0   BANK1   BANK2
   172 ;;      Params:         0       0       0       0
   173 ;;      Locals:         0       0       0       0
   174 ;;      Temps:          3       0       0       0
   175 ;;      Totals:         3       0       0       0
   176 ;;Total ram usage:        3 bytes
   177 ;; This function calls:
   178 ;;		Nothing
   179 ;; This function is called by:
   180 ;;		Startup code after reset
   181 ;; This function uses a non-reentrant model
   182 ;;
   183                           
   184                           
   185                           ;psect for function _main
   186  07C8                     _main:
   187  07C8                     l622:	
   188                           ;incstack = 0
   189                           ; Regs used in _main: [wreg+status,2]
   190                           
   191                           
   192                           ;main.c: 33:     PORTB = 0;
   193  07C8  1283               	bcf	3,5	;RP0=0, select bank0
   194  07C9  1303               	bcf	3,6	;RP1=0, select bank0
   195  07CA  0186               	clrf	6	;volatile
   196                           
   197                           ;main.c: 34:     TRISB = 0;
   198  07CB  1683               	bsf	3,5	;RP0=1, select bank1
   199  07CC  1303               	bcf	3,6	;RP1=0, select bank1
   200  07CD  0186               	clrf	6	;volatile
   201  07CE                     l624:
   202                           
   203                           ;main.c: 39:     {;main.c: 43:         RB0 = 1;
   204  07CE  1283               	bcf	3,5	;RP0=0, select bank0
   205  07CF  1303               	bcf	3,6	;RP1=0, select bank0
   206  07D0  1406               	bsf	6,0	;volatile
   207  07D1                     l626:
   208                           
   209                           ;main.c: 44:         RB1 = 1;
   210  07D1  1486               	bsf	6,1	;volatile
   211  07D2                     l628:
   212                           
   213                           ;main.c: 45:         RB2 = 1;
   214  07D2  1506               	bsf	6,2	;volatile
   215  07D3                     l630:
   216                           
   217                           ;main.c: 46:         RB3 = 1;
   218  07D3  1586               	bsf	6,3	;volatile
   219  07D4                     l632:
   220                           
   221                           ;main.c: 47:         RB4 = 0;
   222  07D4  1206               	bcf	6,4	;volatile
   223  07D5                     l634:
   224                           
   225                           ;main.c: 48:         RB5 = 0;
   226  07D5  1286               	bcf	6,5	;volatile
   227  07D6                     l636:
   228                           
   229                           ;main.c: 49:         RB6 = 0;
   230  07D6  1306               	bcf	6,6	;volatile
   231  07D7                     l638:
   232                           
   233                           ;main.c: 50:         RB7 = 0;
   234  07D7  1386               	bcf	6,7	;volatile
   235  07D8                     l640:
   236                           
   237                           ;main.c: 54:         _delay((unsigned long)((400)*(10000000/4000.0)));
   238  07D8  3006               	movlw	6
   239  07D9  00F2               	movwf	??_main+2
   240  07DA  3013               	movlw	19
   241  07DB  00F1               	movwf	??_main+1
   242  07DC  30AD               	movlw	173
   243  07DD  00F0               	movwf	??_main
   244  07DE                     u17:
   245  07DE  0BF0               	decfsz	??_main,f
   246  07DF  2FDE               	goto	u17
   247  07E0  0BF1               	decfsz	??_main+1,f
   248  07E1  2FDE               	goto	u17
   249  07E2  0BF2               	decfsz	??_main+2,f
   250  07E3  2FDE               	goto	u17
   251  07E4  2FE5               	nop2
   252  07E5                     l642:
   253                           
   254                           ;main.c: 59:         RB0 = 0;
   255  07E5  1283               	bcf	3,5	;RP0=0, select bank0
   256  07E6  1303               	bcf	3,6	;RP1=0, select bank0
   257  07E7  1006               	bcf	6,0	;volatile
   258  07E8                     l644:
   259                           
   260                           ;main.c: 60:         RB1 = 0;
   261  07E8  1086               	bcf	6,1	;volatile
   262  07E9                     l646:
   263                           
   264                           ;main.c: 61:         RB2 = 0;
   265  07E9  1106               	bcf	6,2	;volatile
   266  07EA                     l648:
   267                           
   268                           ;main.c: 62:         RB3 = 0;
   269  07EA  1186               	bcf	6,3	;volatile
   270  07EB                     l650:
   271                           
   272                           ;main.c: 63:         RB4 = 1;
   273  07EB  1606               	bsf	6,4	;volatile
   274  07EC                     l652:
   275                           
   276                           ;main.c: 64:         RB5 = 1;
   277  07EC  1686               	bsf	6,5	;volatile
   278  07ED                     l654:
   279                           
   280                           ;main.c: 65:         RB6 = 1;
   281  07ED  1706               	bsf	6,6	;volatile
   282  07EE                     l656:
   283                           
   284                           ;main.c: 66:         RB7 = 1;
   285  07EE  1786               	bsf	6,7	;volatile
   286  07EF                     l658:
   287                           
   288                           ;main.c: 69:         _delay((unsigned long)((400)*(10000000/4000.0)));
   289  07EF  3006               	movlw	6
   290  07F0  00F2               	movwf	??_main+2
   291  07F1  3013               	movlw	19
   292  07F2  00F1               	movwf	??_main+1
   293  07F3  30AD               	movlw	173
   294  07F4  00F0               	movwf	??_main
   295  07F5                     u27:
   296  07F5  0BF0               	decfsz	??_main,f
   297  07F6  2FF5               	goto	u27
   298  07F7  0BF1               	decfsz	??_main+1,f
   299  07F8  2FF5               	goto	u27
   300  07F9  0BF2               	decfsz	??_main+2,f
   301  07FA  2FF5               	goto	u27
   302  07FB  2FFC               	nop2
   303  07FC  2FCE               	goto	l624
   304  07FD  2800               	ljmp	start
   305  07FE                     __end_of_main:
   306  007E                     btemp	set	126	;btemp
   307  007E                     wtemp0	set	126
   308                           
   309                           	psect	config
   310                           
   311                           ;Config register CONFIG @ 0x2007
   312                           ;	Oscillator Selection bits
   313                           ;	FOSC = INTOSCIO, INTOSC oscillator: I/O function on RA6/OSC2/CLKOUT pin, I/O function 
      +                          on RA7/OSC1/CLKIN
   314                           ;	Watchdog Timer Enable bit
   315                           ;	WDTE = OFF, WDT disabled
   316                           ;	Power-up Timer Enable bit
   317                           ;	PWRTE = OFF, PWRT disabled
   318                           ;	RA5/MCLR/VPP Pin Function Select bit
   319                           ;	MCLRE = ON, RA5/MCLR/VPP pin function is MCLR
   320                           ;	Brown-out Detect Enable bit
   321                           ;	BOREN = OFF, BOD disabled
   322                           ;	Low-Voltage Programming Enable bit
   323                           ;	LVP = OFF, RB4/PGM pin has digital I/O function, HV on MCLR must be used for programmi
      +                          ng
   324                           ;	Data EE Memory Code Protection bit
   325                           ;	CPD = OFF, Data memory code protection off
   326                           ;	Flash Program Memory Code Protection bit
   327                           ;	CP = OFF, Code protection off
   328  2007                     	org	8199
   329  2007  3F38               	dw	16184

Data Sizes:
    Strings     0
    Constant    0
    Data        0
    BSS         0
    Persistent  0
    Stack       0

Auto Spaces:
    Space          Size  Autos    Used
    COMMON           14      3       3
    BANK0            80      0       0
    BANK1            80      0       0
    BANK2            48      0       0

Pointer List with Targets:

    None.

Critical Paths under _main in COMMON

    None.

Critical Paths under _main in BANK0

    None.

Critical Paths under _main in BANK1

    None.

Critical Paths under _main in BANK2

    None.

Call Graph Tables:

 ---------------------------------------------------------------------------------
 (Depth) Function   	        Calls       Base Space   Used Autos Params    Refs
 ---------------------------------------------------------------------------------
 (0) _main                                                 3     3      0       0
                                              0 COMMON     3     3      0
 ---------------------------------------------------------------------------------
 Estimated maximum stack depth 0
 ---------------------------------------------------------------------------------

 Call Graph Graphs:

 _main (ROOT)

 Address spaces:
Name               Size   Autos  Total    Cost      Usage
BITCOMMON            E      0       0       0        0.0%
EEDATA              80      0       0       0        0.0%
NULL                 0      0       0       0        0.0%
CODE                 0      0       0       0        0.0%
COMMON               E      3       3       1       21.4%
BITSFR0              0      0       0       1        0.0%
SFR0                 0      0       0       1        0.0%
BITSFR1              0      0       0       2        0.0%
SFR1                 0      0       0       2        0.0%
STACK                0      0       0       2        0.0%
BANK0               50      0       0       3        0.0%
BITSFR3              0      0       0       4        0.0%
SFR3                 0      0       0       4        0.0%
ABS                  0      0       0       4        0.0%
BITBANK0            50      0       0       5        0.0%
BITSFR2              0      0       0       5        0.0%
SFR2                 0      0       0       5        0.0%
BITBANK1            50      0       0       6        0.0%
BANK1               50      0       0       7        0.0%
BITBANK2            30      0       0       8        0.0%
BANK2               30      0       0       9        0.0%
DATA                 0      0       0      10        0.0%


Microchip Technology PIC Macro Assembler V2.20 build 20200408173844 
Symbol Table                                                                                   Sat Nov 14 11:43:15 2020

                     u17 07DE                       u27 07F5                      l630 07D3  
                    l622 07C8                      l640 07D8                      l632 07D4  
                    l624 07CE                      l650 07EB                      l642 07E5  
                    l634 07D5                      l626 07D1                      l652 07EC  
                    l644 07E8                      l636 07D6                      l628 07D2  
                    l654 07ED                      l646 07E9                      l638 07D7  
                    l656 07EE                      l648 07EA                      l658 07EF  
                    _RB0 0030                      _RB1 0031                      _RB2 0032  
                    _RB3 0033                      _RB4 0034                      _RB5 0035  
                    _RB6 0036                      _RB7 0037                     _main 07C8  
                   btemp 007E                     start 0000                    ?_main 0070  
                  _PORTB 0006                    _TRISB 0086                    status 0003  
                  wtemp0 007E          __initialization 07FE             __end_of_main 07FE  
                 ??_main 0070  __end_of__initialization 07FE           __pcstackCOMMON 0070  
             __pmaintext 07C8     end_of_initialization 07FE      start_initialization 07FE  
              ___latbits 0000            __size_of_main 0036  
