

Microchip MPLAB XC8 Assembler V2.20 build 20200408173844 
                                                                                               Sun Nov 15 09:15:31 2020

Microchip MPLAB XC8 C Compiler v2.20 (Free license) build 20200408173844 Og1 
     1                           	processor	16F628A
     2                           	pagewidth 120
     3                           	opt	flic
     4                           	psect	cinit,global,class=CODE,merge=1,delta=2
     5                           	psect	cstackCOMMON,global,class=COMMON,space=1,delta=1,noexec
     6                           	psect	maintext,global,class=CODE,split=1,delta=2
     7                           	psect	config,global,abs,ovrld,class=CONFIG,space=4,delta=2,noexec
     8                           	dabs	1,0x7E,2
     9  0000                     
    10                           ; Version 2.20
    11                           ; Generated 12/02/2020 GMT
    12                           ; 
    13                           ; Copyright © 2020, Microchip Technology Inc. and its subsidiaries ("Microchip")
    14                           ; All rights reserved.
    15                           ; 
    16                           ; This software is developed by Microchip Technology Inc. and its subsidiaries ("Microch
      +                          ip").
    17                           ; 
    18                           ; Redistribution and use in source and binary forms, with or without modification, are
    19                           ; permitted provided that the following conditions are met:
    20                           ; 
    21                           ;     1. Redistributions of source code must retain the above copyright notice, this lis
      +                          t of
    22                           ;        conditions and the following disclaimer.
    23                           ; 
    24                           ;     2. Redistributions in binary form must reproduce the above copyright notice, this 
      +                          list
    25                           ;        of conditions and the following disclaimer in the documentation and/or other
    26                           ;        materials provided with the distribution.
    27                           ; 
    28                           ;     3. Microchip's name may not be used to endorse or promote products derived from th
      +                          is
    29                           ;        software without specific prior written permission.
    30                           ; 
    31                           ; THIS SOFTWARE IS PROVIDED BY MICROCHIP "AS IS" AND ANY EXPRESS OR IMPLIED WARRANTIES,
    32                           ; INCLUDING, BUT NOT LIMITED TO, THE IMPLIED WARRANTIES OF MERCHANTABILITY AND FITNESS F
      +                          OR
    33                           ; PURPOSE ARE DISCLAIMED.  IN NO EVENT SHALL MICROCHIP BE LIABLE FOR ANY DIRECT, INDIREC
      +                          T,
    34                           ; INCIDENTAL, SPECIAL, EXEMPLARY, OR CONSEQUENTIAL DAMAGES (INCLUDING BUT NOT LIMITED TO
    35                           ; PROCUREMENT OF SUBSTITUTE GOODS OR SERVICES; LOSS OF USE, DATA OR PROFITS; OR BUSINESS
    36                           ; INTERRUPTION) HOWSOEVER CAUSED AND ON ANY THEORY OF LIABILITY, WHETHER IN CONTRACT, ST
      +                          RICT
    37                           ; LIABILITY, OR TORT (INCLUDING NEGLIGENCE OR OTHERWISE) ARISING IN ANY WAY OUT OF THE U
      +                          SE OF
    38                           ; THIS SOFTWARE, EVEN IF ADVISED OF THE POSSIBILITY OF SUCH DAMAGE.
    39                           ; 
    40                           ; 
    41                           ; Code-generator required, PIC16F628A Definitions
    42                           ; 
    43                           ; SFR Addresses
    44  0000                     	;# 
    45  0001                     	;# 
    46  0002                     	;# 
    47  0003                     	;# 
    48  0004                     	;# 
    49  0005                     	;# 
    50  0006                     	;# 
    51  000A                     	;# 
    52  000B                     	;# 
    53  000C                     	;# 
    54  000E                     	;# 
    55  000E                     	;# 
    56  000F                     	;# 
    57  0010                     	;# 
    58  0011                     	;# 
    59  0012                     	;# 
    60  0015                     	;# 
    61  0015                     	;# 
    62  0016                     	;# 
    63  0017                     	;# 
    64  0018                     	;# 
    65  0019                     	;# 
    66  001A                     	;# 
    67  001F                     	;# 
    68  0081                     	;# 
    69  0085                     	;# 
    70  0086                     	;# 
    71  008C                     	;# 
    72  008E                     	;# 
    73  0092                     	;# 
    74  0098                     	;# 
    75  0099                     	;# 
    76  009A                     	;# 
    77  009B                     	;# 
    78  009C                     	;# 
    79  009D                     	;# 
    80  009F                     	;# 
    81  0000                     	;# 
    82  0001                     	;# 
    83  0002                     	;# 
    84  0003                     	;# 
    85  0004                     	;# 
    86  0005                     	;# 
    87  0006                     	;# 
    88  000A                     	;# 
    89  000B                     	;# 
    90  000C                     	;# 
    91  000E                     	;# 
    92  000E                     	;# 
    93  000F                     	;# 
    94  0010                     	;# 
    95  0011                     	;# 
    96  0012                     	;# 
    97  0015                     	;# 
    98  0015                     	;# 
    99  0016                     	;# 
   100  0017                     	;# 
   101  0018                     	;# 
   102  0019                     	;# 
   103  001A                     	;# 
   104  001F                     	;# 
   105  0081                     	;# 
   106  0085                     	;# 
   107  0086                     	;# 
   108  008C                     	;# 
   109  008E                     	;# 
   110  0092                     	;# 
   111  0098                     	;# 
   112  0099                     	;# 
   113  009A                     	;# 
   114  009B                     	;# 
   115  009C                     	;# 
   116  009D                     	;# 
   117  009F                     	;# 
   118  001F                     _CMCON	set	31
   119  0006                     _PORTB	set	6
   120  0033                     _RB3	set	51
   121  0030                     _RB0	set	48
   122  0028                     _RA0	set	40
   123  0085                     _TRISA	set	133
   124  0086                     _TRISB	set	134
   125                           
   126                           	psect	cinit
   127  07FE                     start_initialization:	
   128                           ; #config settings
   129                           
   130  07FE                     __initialization:
   131  07FE                     end_of_initialization:	
   132                           ;End of C runtime variable initialization code
   133                           
   134  07FE                     __end_of__initialization:
   135  07FE  0183               	clrf	3
   136  07FF  2FE7               	ljmp	_main	;jump to C main() function
   137                           
   138                           	psect	cstackCOMMON
   139  0000                     __pcstackCOMMON:
   140  0000                     ?_main:
   141  0000                     ??_main:	
   142                           ; 1 bytes @ 0x0
   143                           
   144                           
   145                           	psect	maintext
   146  07E7                     __pmaintext:	
   147                           ; 1 bytes @ 0x0
   148 ;;
   149 ;;Main: autosize = 0, tempsize = 0, incstack = 0, save=0
   150 ;;
   151 ;; *************** function _main *****************
   152 ;; Defined at:
   153 ;;		line 20 in file "main.c"
   154 ;; Parameters:    Size  Location     Type
   155 ;;		None
   156 ;; Auto vars:     Size  Location     Type
   157 ;;		None
   158 ;; Return value:  Size  Location     Type
   159 ;;                  1    wreg      void 
   160 ;; Registers used:
   161 ;;		wreg, status,2
   162 ;; Tracked objects:
   163 ;;		On entry : B00/0
   164 ;;		On exit  : 0/0
   165 ;;		Unchanged: 0/0
   166 ;; Data sizes:     COMMON   BANK0   BANK1   BANK2
   167 ;;      Params:         0       0       0       0
   168 ;;      Locals:         0       0       0       0
   169 ;;      Temps:          0       0       0       0
   170 ;;      Totals:         0       0       0       0
   171 ;;Total ram usage:        0 bytes
   172 ;; This function calls:
   173 ;;		Nothing
   174 ;; This function is called by:
   175 ;;		Startup code after reset
   176 ;; This function uses a non-reentrant model
   177 ;;
   178                           
   179                           
   180                           ;psect for function _main
   181  07E7                     _main:
   182  07E7                     l616:	
   183                           ;incstack = 0
   184                           ; Regs used in _main: [wreg+status,2]
   185                           
   186                           
   187                           ;main.c: 22:     PORTB = 0;
   188  07E7  1283               	bcf	3,5	;RP0=0, select bank0
   189  07E8  1303               	bcf	3,6	;RP1=0, select bank0
   190  07E9  0186               	clrf	6	;volatile
   191                           
   192                           ;main.c: 24:     TRISB = 0x00;
   193  07EA  1683               	bsf	3,5	;RP0=1, select bank1
   194  07EB  1303               	bcf	3,6	;RP1=0, select bank1
   195  07EC  0186               	clrf	6	;volatile
   196  07ED                     l618:
   197                           
   198                           ;main.c: 25:     TRISA = 0x01;
   199  07ED  3001               	movlw	1
   200  07EE  0085               	movwf	5	;volatile
   201  07EF                     l620:
   202                           
   203                           ;main.c: 27:     CMCON = 07;
   204  07EF  3007               	movlw	7
   205  07F0  1283               	bcf	3,5	;RP0=0, select bank0
   206  07F1  1303               	bcf	3,6	;RP1=0, select bank0
   207  07F2  009F               	movwf	31	;volatile
   208  07F3                     l622:
   209                           
   210                           ;main.c: 32:     {;main.c: 34:         if (RA0 == 1)
   211  07F3  1C05               	btfss	5,0	;volatile
   212  07F4  2FF6               	goto	u11
   213  07F5  2FF7               	goto	u10
   214  07F6                     u11:
   215  07F6  2FFA               	goto	l20
   216  07F7                     u10:
   217  07F7                     l624:
   218                           
   219                           ;main.c: 35:         {;main.c: 36:             RB0 = 0;
   220  07F7  1006               	bcf	6,0	;volatile
   221                           
   222                           ;main.c: 37:             RB3 = 1;
   223  07F8  1586               	bsf	6,3	;volatile
   224                           
   225                           ;main.c: 38:         }
   226  07F9  2FF3               	goto	l622
   227  07FA                     l20:	
   228                           ;main.c: 39:         else{
   229                           
   230                           
   231                           ;main.c: 40:             RB0 = 1;
   232  07FA  1406               	bsf	6,0	;volatile
   233                           
   234                           ;main.c: 41:             RB3 = 0;
   235  07FB  1186               	bcf	6,3	;volatile
   236  07FC  2FF3               	goto	l622
   237  07FD  2800               	ljmp	start
   238  07FE                     __end_of_main:
   239  007E                     btemp	set	126	;btemp
   240  007E                     wtemp0	set	126
   241                           
   242                           	psect	config
   243                           
   244                           ;Config register CONFIG @ 0x2007
   245                           ;	Oscillator Selection bits
   246                           ;	FOSC = INTOSCIO, INTOSC oscillator: I/O function on RA6/OSC2/CLKOUT pin, I/O function 
      +                          on RA7/OSC1/CLKIN
   247                           ;	Watchdog Timer Enable bit
   248                           ;	WDTE = OFF, WDT disabled
   249                           ;	Power-up Timer Enable bit
   250                           ;	PWRTE = OFF, PWRT disabled
   251                           ;	RA5/MCLR/VPP Pin Function Select bit
   252                           ;	MCLRE = ON, RA5/MCLR/VPP pin function is MCLR
   253                           ;	Brown-out Detect Enable bit
   254                           ;	BOREN = OFF, BOD disabled
   255                           ;	Low-Voltage Programming Enable bit
   256                           ;	LVP = OFF, RB4/PGM pin has digital I/O function, HV on MCLR must be used for programmi
      +                          ng
   257                           ;	Data EE Memory Code Protection bit
   258                           ;	CPD = OFF, Data memory code protection off
   259                           ;	Flash Program Memory Code Protection bit
   260                           ;	CP = OFF, Code protection off
   261  2007                     	org	8199
   262  2007  3F38               	dw	16184

Data Sizes:
    Strings     0
    Constant    0
    Data        0
    BSS         0
    Persistent  0
    Stack       0

Auto Spaces:
    Space          Size  Autos    Used
    COMMON           14      0       0
    BANK0            80      0       0
    BANK1            80      0       0
    BANK2            48      0       0

Pointer List with Targets:

    None.

Critical Paths under _main in COMMON

    None.

Critical Paths under _main in BANK0

    None.

Critical Paths under _main in BANK1

    None.

Critical Paths under _main in BANK2

    None.

Call Graph Tables:

 ---------------------------------------------------------------------------------
 (Depth) Function   	        Calls       Base Space   Used Autos Params    Refs
 ---------------------------------------------------------------------------------
 (0) _main                                                 0     0      0       0
 ---------------------------------------------------------------------------------
 Estimated maximum stack depth 0
 ---------------------------------------------------------------------------------

 Call Graph Graphs:

 _main (ROOT)

 Address spaces:
Name               Size   Autos  Total    Cost      Usage
BITCOMMON            E      0       0       0        0.0%
EEDATA              80      0       0       0        0.0%
NULL                 0      0       0       0        0.0%
CODE                 0      0       0       0        0.0%
COMMON               E      0       0       1        0.0%
BITSFR0              0      0       0       1        0.0%
SFR0                 0      0       0       1        0.0%
BITSFR1              0      0       0       2        0.0%
SFR1                 0      0       0       2        0.0%
STACK                0      0       0       2        0.0%
BANK0               50      0       0       3        0.0%
BITSFR3              0      0       0       4        0.0%
SFR3                 0      0       0       4        0.0%
ABS                  0      0       0       4        0.0%
BITBANK0            50      0       0       5        0.0%
BITSFR2              0      0       0       5        0.0%
SFR2                 0      0       0       5        0.0%
BITBANK1            50      0       0       6        0.0%
BANK1               50      0       0       7        0.0%
BITBANK2            30      0       0       8        0.0%
BANK2               30      0       0       9        0.0%
DATA                 0      0       0      10        0.0%


Microchip Technology PIC Macro Assembler V2.20 build 20200408173844 
Symbol Table                                                                                   Sun Nov 15 09:15:31 2020

                     l20 07FA                       u10 07F7                       u11 07F6  
                    l620 07EF                      l622 07F3                      l624 07F7  
                    l616 07E7                      l618 07ED                      _RA0 0028  
                    _RB0 0030                      _RB3 0033                     _main 07E7  
                   btemp 007E                     start 0000                    ?_main 0000  
                  _CMCON 001F                    _PORTB 0006                    _TRISA 0085  
                  _TRISB 0086                    status 0003                    wtemp0 007E  
        __initialization 07FE             __end_of_main 07FE                   ??_main 0000  
__end_of__initialization 07FE           __pcstackCOMMON 0000               __pmaintext 07E7  
   end_of_initialization 07FE      start_initialization 07FE                ___latbits 0000  
          __size_of_main 0017  
