

Microchip MPLAB XC8 Assembler V2.32 build 20210201212658 
                                                                                               Wed Oct 06 22:12:11 2021

Microchip MPLAB XC8 C Compiler v2.32 (Free license) build 20210201212658 Og1 
     1                           	processor	18F4520
     2                           	fnconf	rparam,??,?,0
     3                           	pagewidth 120
     4                           	opt	flic
     5                           	psect	cinit,global,reloc=2,class=CODE,delta=1
     6                           	psect	cstackCOMRAM,global,class=COMRAM,space=1,delta=1,lowdata,noexec
     7                           	psect	text0,global,reloc=2,class=CODE,delta=1
     8                           	psect	intsave_regs,global,class=BIGRAM,space=1,delta=1,noexec
     9                           	psect	rparam,global,class=COMRAM,space=1,delta=1,noexec
    10                           	psect	idloc,global,abs,ovrld,class=IDLOC,space=5,delta=1,noexec
    11                           	psect	config,global,abs,ovrld,class=CONFIG,space=4,delta=1,noexec
    12  0000                     
    13                           ; Version 2.20
    14                           ; Generated 12/02/2020 GMT
    15                           ; 
    16                           ; Copyright © 2020, Microchip Technology Inc. and its subsidiaries ("Microchip")
    17                           ; All rights reserved.
    18                           ; 
    19                           ; This software is developed by Microchip Technology Inc. and its subsidiaries ("Microch
      +                          ip").
    20                           ; 
    21                           ; Redistribution and use in source and binary forms, with or without modification, are
    22                           ; permitted provided that the following conditions are met:
    23                           ; 
    24                           ;     1. Redistributions of source code must retain the above copyright notice, this lis
      +                          t of
    25                           ;        conditions and the following disclaimer.
    26                           ; 
    27                           ;     2. Redistributions in binary form must reproduce the above copyright notice, this 
      +                          list
    28                           ;        of conditions and the following disclaimer in the documentation and/or other
    29                           ;        materials provided with the distribution.
    30                           ; 
    31                           ;     3. Microchip's name may not be used to endorse or promote products derived from th
      +                          is
    32                           ;        software without specific prior written permission.
    33                           ; 
    34                           ; THIS SOFTWARE IS PROVIDED BY MICROCHIP "AS IS" AND ANY EXPRESS OR IMPLIED WARRANTIES,
    35                           ; INCLUDING, BUT NOT LIMITED TO, THE IMPLIED WARRANTIES OF MERCHANTABILITY AND FITNESS F
      +                          OR
    36                           ; PURPOSE ARE DISCLAIMED.  IN NO EVENT SHALL MICROCHIP BE LIABLE FOR ANY DIRECT, INDIREC
      +                          T,
    37                           ; INCIDENTAL, SPECIAL, EXEMPLARY, OR CONSEQUENTIAL DAMAGES (INCLUDING BUT NOT LIMITED TO
    38                           ; PROCUREMENT OF SUBSTITUTE GOODS OR SERVICES; LOSS OF USE, DATA OR PROFITS; OR BUSINESS
    39                           ; INTERRUPTION) HOWSOEVER CAUSED AND ON ANY THEORY OF LIABILITY, WHETHER IN CONTRACT, ST
      +                          RICT
    40                           ; LIABILITY, OR TORT (INCLUDING NEGLIGENCE OR OTHERWISE) ARISING IN ANY WAY OUT OF THE U
      +                          SE OF
    41                           ; THIS SOFTWARE, EVEN IF ADVISED OF THE POSSIBILITY OF SUCH DAMAGE.
    42                           ; 
    43                           ; 
    44                           ; Code-generator required, PIC18F4520 Definitions
    45                           ; 
    46                           ; SFR Addresses
    47  0000                     _PORTB	set	3969
    48  0000                     _PORTD	set	3971
    49  0000                     _TRISD	set	3989
    50  0000                     _TRISB	set	3987
    51  0000                     _LATB	set	3978
    52                           
    53                           ; #config settings
    54                           
    55                           	psect	cinit
    56  007F6C                     __pcinit:
    57                           	callstack 0
    58  007F6C                     start_initialization:
    59                           	callstack 0
    60  007F6C                     __initialization:
    61                           	callstack 0
    62  007F6C                     end_of_initialization:
    63                           	callstack 0
    64  007F6C                     __end_of__initialization:
    65                           	callstack 0
    66  007F6C  0100               	movlb	0
    67  007F6E  EFB9  F03F         	goto	_main	;jump to C main() function
    68                           
    69                           	psect	cstackCOMRAM
    70  000001                     __pcstackCOMRAM:
    71                           	callstack 0
    72  000001                     ??_main:
    73                           
    74                           ; 1 bytes @ 0x0
    75  000001                     	ds	1
    76                           
    77 ;;
    78 ;;Main: autosize = 0, tempsize = 1, incstack = 0, save=0
    79 ;;
    80 ;; *************** function _main *****************
    81 ;; Defined at:
    82 ;;		line 15 in file "main.c"
    83 ;; Parameters:    Size  Location     Type
    84 ;;		None
    85 ;; Auto vars:     Size  Location     Type
    86 ;;		None
    87 ;; Return value:  Size  Location     Type
    88 ;;                  1    wreg      void 
    89 ;; Registers used:
    90 ;;		wreg, status,2, status,0, prodl, prodh
    91 ;; Tracked objects:
    92 ;;		On entry : 0/0
    93 ;;		On exit  : 0/0
    94 ;;		Unchanged: 0/0
    95 ;; Data sizes:     COMRAM   BANK0   BANK1   BANK2   BANK3   BANK4   BANK5
    96 ;;      Params:         0       0       0       0       0       0       0
    97 ;;      Locals:         0       0       0       0       0       0       0
    98 ;;      Temps:          1       0       0       0       0       0       0
    99 ;;      Totals:         1       0       0       0       0       0       0
   100 ;;Total ram usage:        1 bytes
   101 ;; This function calls:
   102 ;;		Nothing
   103 ;; This function is called by:
   104 ;;		Startup code after reset
   105 ;; This function uses a non-reentrant model
   106 ;;
   107                           
   108                           	psect	text0
   109  007F72                     __ptext0:
   110                           	callstack 0
   111  007F72                     _main:
   112                           	callstack 31
   113  007F72                     
   114                           ;main.c: 17:     LATB &=~(0xFF);
   115  007F72  0E00               	movlw	0
   116  007F74  6E8A               	movwf	138,c	;volatile
   117                           
   118                           ;main.c: 18:     TRISB &=~(0xFF);
   119  007F76  0E00               	movlw	0
   120  007F78  6E93               	movwf	147,c	;volatile
   121  007F7A                     
   122                           ;main.c: 20:     TRISD |= ((1 << 6) | (1 << 7));
   123  007F7A  0EC0               	movlw	192
   124  007F7C  1295               	iorwf	149,f,c	;volatile
   125  007F7E                     
   126                           ;main.c: 22:     LATB = 0x01;
   127  007F7E  0E01               	movlw	1
   128  007F80  6E8A               	movwf	138,c	;volatile
   129  007F82                     l708:
   130                           
   131                           ;main.c: 25:     {;main.c: 26:         if (PORTD & (1 << 7))
   132  007F82  AE83               	btfss	131,7,c	;volatile
   133  007F84  EFC6  F03F         	goto	u11
   134  007F88  EFC8  F03F         	goto	u10
   135  007F8C                     u11:
   136  007F8C  EFDF  F03F         	goto	l718
   137  007F90                     u10:
   138  007F90                     
   139                           ;main.c: 27:         {;main.c: 28:             if ( PORTB >= 0x80)
   140  007F90  0E7F               	movlw	127
   141  007F92  6481               	cpfsgt	129,c	;volatile
   142  007F94  EFCE  F03F         	goto	u21
   143  007F98  EFD0  F03F         	goto	u20
   144  007F9C                     u21:
   145  007F9C  EFD4  F03F         	goto	l714
   146  007FA0                     u20:
   147  007FA0                     
   148                           ;main.c: 29:                 LATB = 1;
   149  007FA0  0E01               	movlw	1
   150  007FA2  6E8A               	movwf	138,c	;volatile
   151  007FA4  EFD8  F03F         	goto	l716
   152  007FA8                     l714:
   153                           
   154                           ;main.c: 31:                 LATB *=2;
   155  007FA8  0E02               	movlw	2
   156  007FAA  028A               	mulwf	138,c	;volatile
   157  007FAC  50F3               	movf	prodl,w,c
   158  007FAE  6E8A               	movwf	138,c	;volatile
   159  007FB0                     l716:
   160                           
   161                           ;main.c: 33:             _delay((unsigned long)((300)*(1000000/4000.0)));
   162  007FB0  0E62               	movlw	98
   163  007FB2  6E01               	movwf	??_main^0,c
   164  007FB4  0E66               	movlw	102
   165  007FB6                     u57:
   166  007FB6  2EE8               	decfsz	wreg,f,c
   167  007FB8  D7FE               	bra	u57
   168  007FBA  2E01               	decfsz	??_main^0,f,c
   169  007FBC  D7FC               	bra	u57
   170  007FBE                     l718:
   171                           
   172                           ;main.c: 36:         if (PORTD & (1 << 6))
   173  007FBE  AC83               	btfss	131,6,c	;volatile
   174  007FC0  EFE4  F03F         	goto	u31
   175  007FC4  EFE6  F03F         	goto	u30
   176  007FC8                     u31:
   177  007FC8  EFFB  F03F         	goto	l21
   178  007FCC                     u30:
   179  007FCC                     
   180                           ;main.c: 37:         {;main.c: 38:             if ( PORTB <= 0x01)
   181  007FCC  0E02               	movlw	2
   182  007FCE  6081               	cpfslt	129,c	;volatile
   183  007FD0  EFEC  F03F         	goto	u41
   184  007FD4  EFEE  F03F         	goto	u40
   185  007FD8                     u41:
   186  007FD8  EFF2  F03F         	goto	l724
   187  007FDC                     u40:
   188  007FDC                     
   189                           ;main.c: 39:                 LATB = 0x80;
   190  007FDC  0E80               	movlw	128
   191  007FDE  6E8A               	movwf	138,c	;volatile
   192  007FE0  EFF4  F03F         	goto	l726
   193  007FE4                     l724:
   194                           
   195                           ;main.c: 41:                 LATB /=2;
   196  007FE4  90D8               	bcf	status,0,c
   197  007FE6  328A               	rrcf	138,f,c
   198  007FE8                     l726:
   199                           
   200                           ;main.c: 43:             _delay((unsigned long)((300)*(1000000/4000.0)));
   201  007FE8  0E62               	movlw	98
   202  007FEA  6E01               	movwf	??_main^0,c
   203  007FEC  0E66               	movlw	102
   204  007FEE                     u67:
   205  007FEE  2EE8               	decfsz	wreg,f,c
   206  007FF0  D7FE               	bra	u67
   207  007FF2  2E01               	decfsz	??_main^0,f,c
   208  007FF4  D7FC               	bra	u67
   209  007FF6                     l21:
   210  007FF6  F000               	nop		;# 
   211  007FF8  EFC1  F03F         	goto	l708
   212  007FFC  EF00  F000         	goto	start
   213  008000                     __end_of_main:
   214                           	callstack 0
   215  0000                     
   216                           	psect	rparam
   217  0000                     
   218                           	psect	idloc
   219                           
   220                           ;Config register IDLOC0 @ 0x200000
   221                           ;	unspecified, using default values
   222  200000                     	org	2097152
   223  200000  FF                 	db	255
   224                           
   225                           ;Config register IDLOC1 @ 0x200001
   226                           ;	unspecified, using default values
   227  200001                     	org	2097153
   228  200001  FF                 	db	255
   229                           
   230                           ;Config register IDLOC2 @ 0x200002
   231                           ;	unspecified, using default values
   232  200002                     	org	2097154
   233  200002  FF                 	db	255
   234                           
   235                           ;Config register IDLOC3 @ 0x200003
   236                           ;	unspecified, using default values
   237  200003                     	org	2097155
   238  200003  FF                 	db	255
   239                           
   240                           ;Config register IDLOC4 @ 0x200004
   241                           ;	unspecified, using default values
   242  200004                     	org	2097156
   243  200004  FF                 	db	255
   244                           
   245                           ;Config register IDLOC5 @ 0x200005
   246                           ;	unspecified, using default values
   247  200005                     	org	2097157
   248  200005  FF                 	db	255
   249                           
   250                           ;Config register IDLOC6 @ 0x200006
   251                           ;	unspecified, using default values
   252  200006                     	org	2097158
   253  200006  FF                 	db	255
   254                           
   255                           ;Config register IDLOC7 @ 0x200007
   256                           ;	unspecified, using default values
   257  200007                     	org	2097159
   258  200007  FF                 	db	255
   259                           
   260                           	psect	config
   261                           
   262                           ; Padding undefined space
   263  300000                     	org	3145728
   264  300000  FF                 	db	255
   265                           
   266                           ;Config register CONFIG1H @ 0x300001
   267                           ;	Oscillator Selection bits
   268                           ;	OSC = INTIO67, Internal oscillator block, port function on RA6 and RA7
   269                           ;	Fail-Safe Clock Monitor Enable bit
   270                           ;	FCMEN = OFF, Fail-Safe Clock Monitor disabled
   271                           ;	Internal/External Oscillator Switchover bit
   272                           ;	IESO = OFF, Oscillator Switchover mode disabled
   273  300001                     	org	3145729
   274  300001  08                 	db	8
   275                           
   276                           ;Config register CONFIG2L @ 0x300002
   277                           ;	Power-up Timer Enable bit
   278                           ;	PWRT = OFF, PWRT disabled
   279                           ;	Brown-out Reset Enable bits
   280                           ;	BOREN = OFF, Brown-out Reset disabled in hardware and software
   281                           ;	Brown Out Reset Voltage bits
   282                           ;	BORV = 3, Minimum setting
   283  300002                     	org	3145730
   284  300002  19                 	db	25
   285                           
   286                           ;Config register CONFIG2H @ 0x300003
   287                           ;	Watchdog Timer Enable bit
   288                           ;	WDT = OFF, WDT disabled (control is placed on the SWDTEN bit)
   289                           ;	Watchdog Timer Postscale Select bits
   290                           ;	WDTPS = 32768, 1:32768
   291  300003                     	org	3145731
   292  300003  1E                 	db	30
   293                           
   294                           ; Padding undefined space
   295  300004                     	org	3145732
   296  300004  FF                 	db	255
   297                           
   298                           ;Config register CONFIG3H @ 0x300005
   299                           ;	CCP2 MUX bit
   300                           ;	CCP2MX = PORTC, CCP2 input/output is multiplexed with RC1
   301                           ;	PORTB A/D Enable bit
   302                           ;	PBADEN = ON, PORTB<4:0> pins are configured as analog input channels on Reset
   303                           ;	Low-Power Timer1 Oscillator Enable bit
   304                           ;	LPT1OSC = OFF, Timer1 configured for higher power operation
   305                           ;	MCLR Pin Enable bit
   306                           ;	MCLRE = OFF, RE3 input pin enabled; MCLR disabled
   307  300005                     	org	3145733
   308  300005  03                 	db	3
   309                           
   310                           ;Config register CONFIG4L @ 0x300006
   311                           ;	Stack Full/Underflow Reset Enable bit
   312                           ;	STVREN = OFF, Stack full/underflow will not cause Reset
   313                           ;	Single-Supply ICSP Enable bit
   314                           ;	LVP = ON, Single-Supply ICSP enabled
   315                           ;	Extended Instruction Set Enable bit
   316                           ;	XINST = OFF, Instruction set extension and Indexed Addressing mode disabled (Legacy mo
      +                          de)
   317                           ;	Background Debugger Enable bit
   318                           ;	DEBUG = 0x1, unprogrammed default
   319  300006                     	org	3145734
   320  300006  84                 	db	132
   321                           
   322                           ; Padding undefined space
   323  300007                     	org	3145735
   324  300007  FF                 	db	255
   325                           
   326                           ;Config register CONFIG5L @ 0x300008
   327                           ;	Code Protection bit
   328                           ;	CP0 = OFF, Block 0 (000800-001FFFh) not code-protected
   329                           ;	Code Protection bit
   330                           ;	CP1 = OFF, Block 1 (002000-003FFFh) not code-protected
   331                           ;	Code Protection bit
   332                           ;	CP2 = OFF, Block 2 (004000-005FFFh) not code-protected
   333                           ;	Code Protection bit
   334                           ;	CP3 = OFF, Block 3 (006000-007FFFh) not code-protected
   335  300008                     	org	3145736
   336  300008  0F                 	db	15
   337                           
   338                           ;Config register CONFIG5H @ 0x300009
   339                           ;	Boot Block Code Protection bit
   340                           ;	CPB = OFF, Boot block (000000-0007FFh) not code-protected
   341                           ;	Data EEPROM Code Protection bit
   342                           ;	CPD = OFF, Data EEPROM not code-protected
   343  300009                     	org	3145737
   344  300009  C0                 	db	192
   345                           
   346                           ;Config register CONFIG6L @ 0x30000A
   347                           ;	Write Protection bit
   348                           ;	WRT0 = OFF, Block 0 (000800-001FFFh) not write-protected
   349                           ;	Write Protection bit
   350                           ;	WRT1 = OFF, Block 1 (002000-003FFFh) not write-protected
   351                           ;	Write Protection bit
   352                           ;	WRT2 = OFF, Block 2 (004000-005FFFh) not write-protected
   353                           ;	Write Protection bit
   354                           ;	WRT3 = OFF, Block 3 (006000-007FFFh) not write-protected
   355  30000A                     	org	3145738
   356  30000A  0F                 	db	15
   357                           
   358                           ;Config register CONFIG6H @ 0x30000B
   359                           ;	Configuration Register Write Protection bit
   360                           ;	WRTC = OFF, Configuration registers (300000-3000FFh) not write-protected
   361                           ;	Boot Block Write Protection bit
   362                           ;	WRTB = OFF, Boot block (000000-0007FFh) not write-protected
   363                           ;	Data EEPROM Write Protection bit
   364                           ;	WRTD = OFF, Data EEPROM not write-protected
   365  30000B                     	org	3145739
   366  30000B  E0                 	db	224
   367                           
   368                           ;Config register CONFIG7L @ 0x30000C
   369                           ;	Table Read Protection bit
   370                           ;	EBTR0 = OFF, Block 0 (000800-001FFFh) not protected from table reads executed in other
      +                           blocks
   371                           ;	Table Read Protection bit
   372                           ;	EBTR1 = OFF, Block 1 (002000-003FFFh) not protected from table reads executed in other
      +                           blocks
   373                           ;	Table Read Protection bit
   374                           ;	EBTR2 = OFF, Block 2 (004000-005FFFh) not protected from table reads executed in other
      +                           blocks
   375                           ;	Table Read Protection bit
   376                           ;	EBTR3 = OFF, Block 3 (006000-007FFFh) not protected from table reads executed in other
      +                           blocks
   377  30000C                     	org	3145740
   378  30000C  0F                 	db	15
   379                           
   380                           ;Config register CONFIG7H @ 0x30000D
   381                           ;	Boot Block Table Read Protection bit
   382                           ;	EBTRB = OFF, Boot block (000000-0007FFh) not protected from table reads executed in ot
      +                          her blocks
   383  30000D                     	org	3145741
   384  30000D  40                 	db	64
   385                           tosu	equ	0xFFF
   386                           tosh	equ	0xFFE
   387                           tosl	equ	0xFFD
   388                           stkptr	equ	0xFFC
   389                           pclatu	equ	0xFFB
   390                           pclath	equ	0xFFA
   391                           pcl	equ	0xFF9
   392                           tblptru	equ	0xFF8
   393                           tblptrh	equ	0xFF7
   394                           tblptrl	equ	0xFF6
   395                           tablat	equ	0xFF5
   396                           prodh	equ	0xFF4
   397                           prodl	equ	0xFF3
   398                           indf0	equ	0xFEF
   399                           postinc0	equ	0xFEE
   400                           postdec0	equ	0xFED
   401                           preinc0	equ	0xFEC
   402                           plusw0	equ	0xFEB
   403                           fsr0h	equ	0xFEA
   404                           fsr0l	equ	0xFE9
   405                           wreg	equ	0xFE8
   406                           indf1	equ	0xFE7
   407                           postinc1	equ	0xFE6
   408                           postdec1	equ	0xFE5
   409                           preinc1	equ	0xFE4
   410                           plusw1	equ	0xFE3
   411                           fsr1h	equ	0xFE2
   412                           fsr1l	equ	0xFE1
   413                           bsr	equ	0xFE0
   414                           indf2	equ	0xFDF
   415                           postinc2	equ	0xFDE
   416                           postdec2	equ	0xFDD
   417                           preinc2	equ	0xFDC
   418                           plusw2	equ	0xFDB
   419                           fsr2h	equ	0xFDA
   420                           fsr2l	equ	0xFD9
   421                           status	equ	0xFD8

Data Sizes:
    Strings     0
    Constant    0
    Data        0
    BSS         0
    Persistent  0
    Stack       0

Auto Spaces:
    Space          Size  Autos    Used
    COMRAM          127      1       1
    BANK0           128      0       0
    BANK1           256      0       0
    BANK2           256      0       0
    BANK3           256      0       0
    BANK4           256      0       0
    BANK5           256      0       0

Pointer List with Targets:

    None.

Critical Paths under _main in COMRAM

    None.

Critical Paths under _main in BANK0

    None.

Critical Paths under _main in BANK1

    None.

Critical Paths under _main in BANK2

    None.

Critical Paths under _main in BANK3

    None.

Critical Paths under _main in BANK4

    None.

Critical Paths under _main in BANK5

    None.

Call Graph Tables:

 ---------------------------------------------------------------------------------
 (Depth) Function   	        Calls       Base Space   Used Autos Params    Refs
 ---------------------------------------------------------------------------------
 (0) _main                                                 1     1      0       0
                                              0 COMRAM     1     1      0
 ---------------------------------------------------------------------------------
 Estimated maximum stack depth 0
 ---------------------------------------------------------------------------------

 Call Graph Graphs:

 _main (ROOT)

 Address spaces:
Name               Size   Autos  Total    Cost      Usage
BITCOMRAM           7F      0       0       0        0.0%
EEDATA             100      0       0       0        0.0%
NULL                 0      0       0       0        0.0%
CODE                 0      0       0       0        0.0%
COMRAM              7F      1       1       1        0.8%
STACK                0      0       0       2        0.0%
DATA                 0      0       0       3        0.0%
BITBANK0            80      0       0       4        0.0%
BANK0               80      0       0       5        0.0%
BITBANK1           100      0       0       6        0.0%
BANK1              100      0       0       7        0.0%
BITBANK2           100      0       0       8        0.0%
BANK2              100      0       0       9        0.0%
BITBANK3           100      0       0      10        0.0%
BANK3              100      0       0      11        0.0%
BITBANK4           100      0       0      12        0.0%
BANK4              100      0       0      13        0.0%
BANK5              100      0       0      14        0.0%
ABS                  0      0       0      15        0.0%
BITBANK5           100      0       0      16        0.0%
BIGRAM             5FF      0       0      17        0.0%
BITSFR               0      0       0     200        0.0%
SFR                  0      0       0     200        0.0%


Microchip Technology PIC18 Macro Assembler V2.32 build 20210201212658 
Symbol Table                                                                                   Wed Oct 06 22:12:11 2021

                     l21 7FF6                       u10 7F90                       u11 7F8C  
                     u20 7FA0                       u21 7F9C                       u30 7FCC  
                     u31 7FC8                       u40 7FDC                       u41 7FD8  
                     u57 7FB6                       u67 7FEE                      l710 7F90  
                    l702 7F72                      l720 7FCC                      l712 7FA0  
                    l704 7F7A                      l722 7FDC                      l714 7FA8  
                    l706 7F7E                      l724 7FE4                      l716 7FB0  
                    l708 7F82                      l726 7FE8                      l718 7FBE  
                    wreg 000FE8                     _LATB 000F8A                     _main 7F72  
                   prodl 000FF3                     start 0000             ___param_bank 000000  
                  ?_main 0001                    _PORTB 000F81                    _PORTD 000F83  
                  _TRISB 000F93                    _TRISD 000F95                    status 000FD8  
        __initialization 7F6C             __end_of_main 8000                   ??_main 0001  
          __activetblptr 000000                   isa$std 000001               __accesstop 0080  
__end_of__initialization 7F6C            ___rparam_used 000001           __pcstackCOMRAM 0001  
                __Hparam 0000                  __Lparam 0000                  __pcinit 7F6C  
                __ramtop 0600                  __ptext0 7F72     end_of_initialization 7F6C  
    start_initialization 7F6C                 __Hrparam 0000                 __Lrparam 0000  
          __size_of_main 008E                 isa$xinst 000000  
