

Microchip MPLAB XC8 Assembler V2.20 build 20200408173844 
                                                                                               Sun Nov 15 07:46:16 2020

Microchip MPLAB XC8 C Compiler v2.20 (Free license) build 20200408173844 Og1 
     1                           	processor	16F628A
     2                           	pagewidth 120
     3                           	opt	flic
     4                           	psect	cinit,global,class=CODE,merge=1,delta=2
     5                           	psect	cstackCOMMON,global,class=COMMON,space=1,delta=1,noexec
     6                           	psect	maintext,global,class=CODE,split=1,delta=2
     7                           	psect	config,global,abs,ovrld,class=CONFIG,space=4,delta=2,noexec
     8                           	dabs	1,0x7E,2
     9  0000                     
    10                           ; Version 2.20
    11                           ; Generated 12/02/2020 GMT
    12                           ; 
    13                           ; Copyright © 2020, Microchip Technology Inc. and its subsidiaries ("Microchip")
    14                           ; All rights reserved.
    15                           ; 
    16                           ; This software is developed by Microchip Technology Inc. and its subsidiaries ("Microch
      +                          ip").
    17                           ; 
    18                           ; Redistribution and use in source and binary forms, with or without modification, are
    19                           ; permitted provided that the following conditions are met:
    20                           ; 
    21                           ;     1. Redistributions of source code must retain the above copyright notice, this lis
      +                          t of
    22                           ;        conditions and the following disclaimer.
    23                           ; 
    24                           ;     2. Redistributions in binary form must reproduce the above copyright notice, this 
      +                          list
    25                           ;        of conditions and the following disclaimer in the documentation and/or other
    26                           ;        materials provided with the distribution.
    27                           ; 
    28                           ;     3. Microchip's name may not be used to endorse or promote products derived from th
      +                          is
    29                           ;        software without specific prior written permission.
    30                           ; 
    31                           ; THIS SOFTWARE IS PROVIDED BY MICROCHIP "AS IS" AND ANY EXPRESS OR IMPLIED WARRANTIES,
    32                           ; INCLUDING, BUT NOT LIMITED TO, THE IMPLIED WARRANTIES OF MERCHANTABILITY AND FITNESS F
      +                          OR
    33                           ; PURPOSE ARE DISCLAIMED.  IN NO EVENT SHALL MICROCHIP BE LIABLE FOR ANY DIRECT, INDIREC
      +                          T,
    34                           ; INCIDENTAL, SPECIAL, EXEMPLARY, OR CONSEQUENTIAL DAMAGES (INCLUDING BUT NOT LIMITED TO
    35                           ; PROCUREMENT OF SUBSTITUTE GOODS OR SERVICES; LOSS OF USE, DATA OR PROFITS; OR BUSINESS
    36                           ; INTERRUPTION) HOWSOEVER CAUSED AND ON ANY THEORY OF LIABILITY, WHETHER IN CONTRACT, ST
      +                          RICT
    37                           ; LIABILITY, OR TORT (INCLUDING NEGLIGENCE OR OTHERWISE) ARISING IN ANY WAY OUT OF THE U
      +                          SE OF
    38                           ; THIS SOFTWARE, EVEN IF ADVISED OF THE POSSIBILITY OF SUCH DAMAGE.
    39                           ; 
    40                           ; 
    41                           ; Code-generator required, PIC16F628A Definitions
    42                           ; 
    43                           ; SFR Addresses
    44  0000                     	;# 
    45  0001                     	;# 
    46  0002                     	;# 
    47  0003                     	;# 
    48  0004                     	;# 
    49  0005                     	;# 
    50  0006                     	;# 
    51  000A                     	;# 
    52  000B                     	;# 
    53  000C                     	;# 
    54  000E                     	;# 
    55  000E                     	;# 
    56  000F                     	;# 
    57  0010                     	;# 
    58  0011                     	;# 
    59  0012                     	;# 
    60  0015                     	;# 
    61  0015                     	;# 
    62  0016                     	;# 
    63  0017                     	;# 
    64  0018                     	;# 
    65  0019                     	;# 
    66  001A                     	;# 
    67  001F                     	;# 
    68  0081                     	;# 
    69  0085                     	;# 
    70  0086                     	;# 
    71  008C                     	;# 
    72  008E                     	;# 
    73  0092                     	;# 
    74  0098                     	;# 
    75  0099                     	;# 
    76  009A                     	;# 
    77  009B                     	;# 
    78  009C                     	;# 
    79  009D                     	;# 
    80  009F                     	;# 
    81  0000                     	;# 
    82  0001                     	;# 
    83  0002                     	;# 
    84  0003                     	;# 
    85  0004                     	;# 
    86  0005                     	;# 
    87  0006                     	;# 
    88  000A                     	;# 
    89  000B                     	;# 
    90  000C                     	;# 
    91  000E                     	;# 
    92  000E                     	;# 
    93  000F                     	;# 
    94  0010                     	;# 
    95  0011                     	;# 
    96  0012                     	;# 
    97  0015                     	;# 
    98  0015                     	;# 
    99  0016                     	;# 
   100  0017                     	;# 
   101  0018                     	;# 
   102  0019                     	;# 
   103  001A                     	;# 
   104  001F                     	;# 
   105  0081                     	;# 
   106  0085                     	;# 
   107  0086                     	;# 
   108  008C                     	;# 
   109  008E                     	;# 
   110  0092                     	;# 
   111  0098                     	;# 
   112  0099                     	;# 
   113  009A                     	;# 
   114  009B                     	;# 
   115  009C                     	;# 
   116  009D                     	;# 
   117  009F                     	;# 
   118  001F                     _CMCON	set	31
   119  0005                     _PORTA	set	5
   120  0006                     _PORTB	set	6
   121  0030                     _RB0	set	48
   122  0031                     _RB1	set	49
   123  0028                     _RA0	set	40
   124  0029                     _RA1	set	41
   125  0086                     _TRISB	set	134
   126  0085                     _TRISA	set	133
   127                           
   128                           	psect	cinit
   129  07FE                     start_initialization:	
   130                           ; #config settings
   131                           
   132  07FE                     __initialization:
   133  07FE                     end_of_initialization:	
   134                           ;End of C runtime variable initialization code
   135                           
   136  07FE                     __end_of__initialization:
   137  07FE  0183               	clrf	3
   138  07FF  2FE0               	ljmp	_main	;jump to C main() function
   139                           
   140                           	psect	cstackCOMMON
   141  0000                     __pcstackCOMMON:
   142  0000                     ?_main:
   143  0000                     ??_main:	
   144                           ; 1 bytes @ 0x0
   145                           
   146                           
   147                           	psect	maintext
   148  07E0                     __pmaintext:	
   149                           ; 1 bytes @ 0x0
   150 ;;
   151 ;;Main: autosize = 0, tempsize = 0, incstack = 0, save=0
   152 ;;
   153 ;; *************** function _main *****************
   154 ;; Defined at:
   155 ;;		line 25 in file "main.c"
   156 ;; Parameters:    Size  Location     Type
   157 ;;		None
   158 ;; Auto vars:     Size  Location     Type
   159 ;;		None
   160 ;; Return value:  Size  Location     Type
   161 ;;                  1    wreg      void 
   162 ;; Registers used:
   163 ;;		wreg, status,2
   164 ;; Tracked objects:
   165 ;;		On entry : B00/0
   166 ;;		On exit  : 0/0
   167 ;;		Unchanged: 0/0
   168 ;; Data sizes:     COMMON   BANK0   BANK1   BANK2
   169 ;;      Params:         0       0       0       0
   170 ;;      Locals:         0       0       0       0
   171 ;;      Temps:          0       0       0       0
   172 ;;      Totals:         0       0       0       0
   173 ;;Total ram usage:        0 bytes
   174 ;; This function calls:
   175 ;;		Nothing
   176 ;; This function is called by:
   177 ;;		Startup code after reset
   178 ;; This function uses a non-reentrant model
   179 ;;
   180                           
   181                           
   182                           ;psect for function _main
   183  07E0                     _main:
   184  07E0                     l622:	
   185                           ;incstack = 0
   186                           ; Regs used in _main: [wreg+status,2]
   187                           
   188                           
   189                           ;main.c: 27:     PORTB = 0;
   190  07E0  1283               	bcf	3,5	;RP0=0, select bank0
   191  07E1  1303               	bcf	3,6	;RP1=0, select bank0
   192  07E2  0186               	clrf	6	;volatile
   193                           
   194                           ;main.c: 28:     PORTA = 0;
   195  07E3  0185               	clrf	5	;volatile
   196  07E4                     l624:
   197                           
   198                           ;main.c: 30:     TRISA = 0b00000010;
   199  07E4  3002               	movlw	2
   200  07E5  1683               	bsf	3,5	;RP0=1, select bank1
   201  07E6  1303               	bcf	3,6	;RP1=0, select bank1
   202  07E7  0085               	movwf	5	;volatile
   203  07E8                     l626:
   204                           
   205                           ;main.c: 31:     TRISB = 0x02;
   206  07E8  3002               	movlw	2
   207  07E9  0086               	movwf	6	;volatile
   208  07EA                     l628:
   209                           
   210                           ;main.c: 32:     CMCON = 0b00000111;
   211  07EA  3007               	movlw	7
   212  07EB  1283               	bcf	3,5	;RP0=0, select bank0
   213  07EC  1303               	bcf	3,6	;RP1=0, select bank0
   214  07ED  009F               	movwf	31	;volatile
   215  07EE                     l630:
   216                           
   217                           ;main.c: 38:     {;main.c: 40:         if ( RA1 == 1)
   218  07EE  1C85               	btfss	5,1	;volatile
   219  07EF  2FF1               	goto	u11
   220  07F0  2FF2               	goto	u10
   221  07F1                     u11:
   222  07F1  2FF4               	goto	l24
   223  07F2                     u10:
   224  07F2                     l632:
   225                           
   226                           ;main.c: 41:         {;main.c: 42:             RA0 = 0;
   227  07F2  1005               	bcf	5,0	;volatile
   228                           
   229                           ;main.c: 43:         }
   230  07F3  2FF5               	goto	l25
   231  07F4                     l24:	
   232                           ;main.c: 44:         else
   233                           
   234                           
   235                           ;main.c: 45:         {;main.c: 46:             RA0 = 1;
   236  07F4  1405               	bsf	5,0	;volatile
   237  07F5                     l25:	
   238                           ;main.c: 47:         }
   239                           
   240                           
   241                           ;main.c: 50:         if (RB1 == 1)
   242  07F5  1C86               	btfss	6,1	;volatile
   243  07F6  2FF8               	goto	u21
   244  07F7  2FF9               	goto	u20
   245  07F8                     u21:
   246  07F8  2FFB               	goto	l26
   247  07F9                     u20:
   248  07F9                     l634:
   249                           
   250                           ;main.c: 51:         {;main.c: 52:             RB0 = 0;
   251  07F9  1006               	bcf	6,0	;volatile
   252                           
   253                           ;main.c: 53:         }
   254  07FA  2FEE               	goto	l630
   255  07FB                     l26:	
   256                           ;main.c: 54:         else
   257                           
   258                           
   259                           ;main.c: 55:         {;main.c: 56:             RB0 = 1;
   260  07FB  1406               	bsf	6,0	;volatile
   261  07FC  2FEE               	goto	l630
   262  07FD  2800               	ljmp	start
   263  07FE                     __end_of_main:
   264  007E                     btemp	set	126	;btemp
   265  007E                     wtemp0	set	126
   266                           
   267                           	psect	config
   268                           
   269                           ;Config register CONFIG @ 0x2007
   270                           ;	Oscillator Selection bits
   271                           ;	FOSC = INTOSCIO, INTOSC oscillator: I/O function on RA6/OSC2/CLKOUT pin, I/O function 
      +                          on RA7/OSC1/CLKIN
   272                           ;	Watchdog Timer Enable bit
   273                           ;	WDTE = OFF, WDT disabled
   274                           ;	Power-up Timer Enable bit
   275                           ;	PWRTE = OFF, PWRT disabled
   276                           ;	RA5/MCLR/VPP Pin Function Select bit
   277                           ;	MCLRE = ON, RA5/MCLR/VPP pin function is MCLR
   278                           ;	Brown-out Detect Enable bit
   279                           ;	BOREN = OFF, BOD disabled
   280                           ;	Low-Voltage Programming Enable bit
   281                           ;	LVP = OFF, RB4/PGM pin has digital I/O function, HV on MCLR must be used for programmi
      +                          ng
   282                           ;	Data EE Memory Code Protection bit
   283                           ;	CPD = OFF, Data memory code protection off
   284                           ;	Flash Program Memory Code Protection bit
   285                           ;	CP = OFF, Code protection off
   286  2007                     	org	8199
   287  2007  3F38               	dw	16184

Data Sizes:
    Strings     0
    Constant    0
    Data        0
    BSS         0
    Persistent  0
    Stack       0

Auto Spaces:
    Space          Size  Autos    Used
    COMMON           14      0       0
    BANK0            80      0       0
    BANK1            80      0       0
    BANK2            48      0       0

Pointer List with Targets:

    None.

Critical Paths under _main in COMMON

    None.

Critical Paths under _main in BANK0

    None.

Critical Paths under _main in BANK1

    None.

Critical Paths under _main in BANK2

    None.

Call Graph Tables:

 ---------------------------------------------------------------------------------
 (Depth) Function   	        Calls       Base Space   Used Autos Params    Refs
 ---------------------------------------------------------------------------------
 (0) _main                                                 0     0      0       0
 ---------------------------------------------------------------------------------
 Estimated maximum stack depth 0
 ---------------------------------------------------------------------------------

 Call Graph Graphs:

 _main (ROOT)

 Address spaces:
Name               Size   Autos  Total    Cost      Usage
BITCOMMON            E      0       0       0        0.0%
EEDATA              80      0       0       0        0.0%
NULL                 0      0       0       0        0.0%
CODE                 0      0       0       0        0.0%
COMMON               E      0       0       1        0.0%
BITSFR0              0      0       0       1        0.0%
SFR0                 0      0       0       1        0.0%
BITSFR1              0      0       0       2        0.0%
SFR1                 0      0       0       2        0.0%
STACK                0      0       0       2        0.0%
BANK0               50      0       0       3        0.0%
BITSFR3              0      0       0       4        0.0%
SFR3                 0      0       0       4        0.0%
ABS                  0      0       0       4        0.0%
BITBANK0            50      0       0       5        0.0%
BITSFR2              0      0       0       5        0.0%
SFR2                 0      0       0       5        0.0%
BITBANK1            50      0       0       6        0.0%
BANK1               50      0       0       7        0.0%
BITBANK2            30      0       0       8        0.0%
BANK2               30      0       0       9        0.0%
DATA                 0      0       0      10        0.0%


Microchip Technology PIC Macro Assembler V2.20 build 20200408173844 
Symbol Table                                                                                   Sun Nov 15 07:46:16 2020

                     l24 07F4                       l25 07F5                       l26 07FB  
                     u10 07F2                       u11 07F1                       u20 07F9  
                     u21 07F8                      l630 07EE                      l622 07E0  
                    l632 07F2                      l624 07E4                      l634 07F9  
                    l626 07E8                      l628 07EA                      _RA0 0028  
                    _RA1 0029                      _RB0 0030                      _RB1 0031  
                   _main 07E0                     btemp 007E                     start 0000  
                  ?_main 0000                    _CMCON 001F                    _PORTA 0005  
                  _PORTB 0006                    _TRISA 0085                    _TRISB 0086  
                  status 0003                    wtemp0 007E          __initialization 07FE  
           __end_of_main 07FE                   ??_main 0000  __end_of__initialization 07FE  
         __pcstackCOMMON 0000               __pmaintext 07E0     end_of_initialization 07FE  
    start_initialization 07FE                ___latbits 0000            __size_of_main 001E  
