

Microchip MPLAB XC8 Assembler V2.20 build 20200408173844 
                                                                                               Wed Dec 23 22:39:03 2020

Microchip MPLAB XC8 C Compiler v2.20 (Free license) build 20200408173844 Og1 
     1                           	processor	16F84A
     2                           	pagewidth 120
     3                           	opt	flic
     4                           	psect	cinit,global,class=CODE,merge=1,delta=2
     5                           	psect	bssBANK0,global,class=BANK0,space=1,delta=1,noexec
     6                           	psect	cstackCOMMON,global,class=COMMON,space=1,delta=1,noexec
     7                           	psect	cstackBANK0,global,class=BANK0,space=1,delta=1,noexec
     8                           	psect	maintext,global,class=CODE,split=1,delta=2
     9                           	psect	text1,local,class=CODE,merge=1,delta=2
    10                           	psect	text2,local,class=CODE,merge=1,delta=2
    11                           	psect	text3,local,class=CODE,merge=1,delta=2
    12                           	psect	intentry,global,class=CODE,delta=2
    13                           	psect	config,global,abs,ovrld,class=CONFIG,space=4,delta=2,noexec
    14                           	dabs	1,0x4E,2
    15  0000                     
    16                           ; Version 2.20
    17                           ; Generated 12/02/2020 GMT
    18                           ; 
    19                           ; Copyright © 2020, Microchip Technology Inc. and its subsidiaries ("Microchip")
    20                           ; All rights reserved.
    21                           ; 
    22                           ; This software is developed by Microchip Technology Inc. and its subsidiaries ("Microch
      +                          ip").
    23                           ; 
    24                           ; Redistribution and use in source and binary forms, with or without modification, are
    25                           ; permitted provided that the following conditions are met:
    26                           ; 
    27                           ;     1. Redistributions of source code must retain the above copyright notice, this lis
      +                          t of
    28                           ;        conditions and the following disclaimer.
    29                           ; 
    30                           ;     2. Redistributions in binary form must reproduce the above copyright notice, this 
      +                          list
    31                           ;        of conditions and the following disclaimer in the documentation and/or other
    32                           ;        materials provided with the distribution.
    33                           ; 
    34                           ;     3. Microchip's name may not be used to endorse or promote products derived from th
      +                          is
    35                           ;        software without specific prior written permission.
    36                           ; 
    37                           ; THIS SOFTWARE IS PROVIDED BY MICROCHIP "AS IS" AND ANY EXPRESS OR IMPLIED WARRANTIES,
    38                           ; INCLUDING, BUT NOT LIMITED TO, THE IMPLIED WARRANTIES OF MERCHANTABILITY AND FITNESS F
      +                          OR
    39                           ; PURPOSE ARE DISCLAIMED.  IN NO EVENT SHALL MICROCHIP BE LIABLE FOR ANY DIRECT, INDIREC
      +                          T,
    40                           ; INCIDENTAL, SPECIAL, EXEMPLARY, OR CONSEQUENTIAL DAMAGES (INCLUDING BUT NOT LIMITED TO
    41                           ; PROCUREMENT OF SUBSTITUTE GOODS OR SERVICES; LOSS OF USE, DATA OR PROFITS; OR BUSINESS
    42                           ; INTERRUPTION) HOWSOEVER CAUSED AND ON ANY THEORY OF LIABILITY, WHETHER IN CONTRACT, ST
      +                          RICT
    43                           ; LIABILITY, OR TORT (INCLUDING NEGLIGENCE OR OTHERWISE) ARISING IN ANY WAY OUT OF THE U
      +                          SE OF
    44                           ; THIS SOFTWARE, EVEN IF ADVISED OF THE POSSIBILITY OF SUCH DAMAGE.
    45                           ; 
    46                           ; 
    47                           ; Code-generator required, PIC16F84A Definitions
    48                           ; 
    49                           ; SFR Addresses
    50  0000                     	;# 
    51  0001                     	;# 
    52  0002                     	;# 
    53  0003                     	;# 
    54  0004                     	;# 
    55  0005                     	;# 
    56  0006                     	;# 
    57  0008                     	;# 
    58  0009                     	;# 
    59  000A                     	;# 
    60  000B                     	;# 
    61  0081                     	;# 
    62  0085                     	;# 
    63  0086                     	;# 
    64  0088                     	;# 
    65  0089                     	;# 
    66  0000                     	;# 
    67  0001                     	;# 
    68  0002                     	;# 
    69  0003                     	;# 
    70  0004                     	;# 
    71  0005                     	;# 
    72  0006                     	;# 
    73  0008                     	;# 
    74  0009                     	;# 
    75  000A                     	;# 
    76  000B                     	;# 
    77  0081                     	;# 
    78  0085                     	;# 
    79  0086                     	;# 
    80  0088                     	;# 
    81  0089                     	;# 
    82  000B                     _INTCONbits	set	11
    83  0008                     _EEDATA	set	8
    84  0009                     _EEADR	set	9
    85  0006                     _PORTB	set	6
    86  0028                     _RA0	set	40
    87  0089                     _EECON2	set	137
    88  0085                     _TRISA	set	133
    89  0086                     _TRISB	set	134
    90  0440                     _RD	set	1088
    91  0444                     _EEIF	set	1092
    92  0441                     _WR	set	1089
    93  0442                     _WREN	set	1090
    94                           
    95                           	psect	cinit
    96  000C                     start_initialization:	
    97                           ; #config settings
    98                           
    99  000C                     __initialization:
   100                           
   101                           ; Clear objects allocated to BANK0
   102  000C  1283               	bcf	3,5	;RP0=0, select bank0
   103  000D  0190               	clrf	__pbssBANK0& (0+127)
   104  000E                     end_of_initialization:	
   105                           ;End of C runtime variable initialization code
   106                           
   107  000E                     __end_of__initialization:
   108  000E  0183               	clrf	3
   109  000F  2810               	ljmp	_main	;jump to C main() function
   110                           
   111                           	psect	bssBANK0
   112  0010                     __pbssBANK0:
   113  0010                     _counter:
   114  0010                     	ds	1
   115                           
   116                           	psect	cstackCOMMON
   117  0000                     __pcstackCOMMON:
   118  0000                     ??_setEeprom:
   119  0000                     ??_unlockProtection:	
   120                           ; 1 bytes @ 0x0
   121                           
   122                           
   123                           	psect	cstackBANK0
   124  000C                     __pcstackBANK0:	
   125                           ; 1 bytes @ 0x0
   126                           
   127  000C                     ?_setEeprom:
   128  000C                     ?_unlockProtection:	
   129                           ; 1 bytes @ 0x0
   130                           
   131  000C                     ?_main:	
   132                           ; 1 bytes @ 0x0
   133                           
   134  000C                     ?_myInterruptHandler:	
   135                           ; 1 bytes @ 0x0
   136                           
   137  000C                     ??_myInterruptHandler:	
   138                           ; 1 bytes @ 0x0
   139                           
   140                           
   141                           ; 1 bytes @ 0x0
   142  000C                     	ds	2
   143  000E                     ??_main:
   144                           
   145                           ; 1 bytes @ 0x2
   146  000E                     	ds	2
   147                           
   148                           	psect	maintext
   149  0010                     __pmaintext:	
   150 ;;
   151 ;;Main: autosize = 0, tempsize = 2, incstack = 0, save=0
   152 ;;
   153 ;; *************** function _main *****************
   154 ;; Defined at:
   155 ;;		line 53 in file "main.c"
   156 ;; Parameters:    Size  Location     Type
   157 ;;		None
   158 ;; Auto vars:     Size  Location     Type
   159 ;;		None
   160 ;; Return value:  Size  Location     Type
   161 ;;                  1    wreg      void 
   162 ;; Registers used:
   163 ;;		wreg, status,2, status,0, pclath, cstack
   164 ;; Tracked objects:
   165 ;;		On entry : B00/0
   166 ;;		On exit  : 0/0
   167 ;;		Unchanged: 0/0
   168 ;; Data sizes:     COMMON   BANK0
   169 ;;      Params:         0       0
   170 ;;      Locals:         0       0
   171 ;;      Temps:          0       2
   172 ;;      Totals:         0       2
   173 ;;Total ram usage:        2 bytes
   174 ;; Hardware stack levels required when called:    2
   175 ;; This function calls:
   176 ;;		_setEeprom
   177 ;;		_unlockProtection
   178 ;; This function is called by:
   179 ;;		Startup code after reset
   180 ;; This function uses a non-reentrant model
   181 ;;
   182                           
   183                           
   184                           ;psect for function _main
   185  0010                     _main:
   186  0010                     l688:	
   187                           ;incstack = 0
   188                           ; Regs used in _main: [wreg+status,2+status,0+pclath+cstack]
   189                           
   190                           
   191                           ;main.c: 55:     TRISB = 0;
   192  0010  1683               	bsf	3,5	;RP0=1, select bank1
   193  0011  0186               	clrf	6	;volatile
   194  0012                     l690:
   195                           
   196                           ;main.c: 56:     TRISA = 1;
   197  0012  3001               	movlw	1
   198  0013  0085               	movwf	5	;volatile
   199  0014                     l692:
   200                           
   201                           ;main.c: 57:     PORTB = 0;
   202  0014  1283               	bcf	3,5	;RP0=0, select bank0
   203  0015  0186               	clrf	6	;volatile
   204  0016                     l694:
   205                           
   206                           ;main.c: 59:     setEeprom();
   207  0016  2055               	fcall	_setEeprom
   208  0017                     l696:
   209                           
   210                           ;main.c: 62:     {;main.c: 63:         if (RA0 == 0)
   211  0017  1283               	bcf	3,5	;RP0=0, select bank0
   212  0018  1805               	btfsc	5,0	;volatile
   213  0019  281B               	goto	u41
   214  001A  281C               	goto	u40
   215  001B                     u41:
   216  001B  2817               	goto	l696
   217  001C                     u40:
   218  001C                     l698:
   219                           
   220                           ;main.c: 64:         {;main.c: 65:             _delay((unsigned long)((5)*(4000000/4000.
      +                          0)));
   221  001C  3007               	movlw	7
   222  001D  008F               	movwf	??_main+1
   223  001E  307D               	movlw	125
   224  001F  008E               	movwf	??_main
   225  0020                     u77:
   226  0020  0B8E               	decfsz	??_main,f
   227  0021  2820               	goto	u77
   228  0022  0B8F               	decfsz	??_main+1,f
   229  0023  2820               	goto	u77
   230  0024                     l39:	
   231                           ;main.c: 67:             while(RA0 == 0){}
   232                           
   233  0024  1283               	bcf	3,5	;RP0=0, select bank0
   234  0025  1C05               	btfss	5,0	;volatile
   235  0026  2828               	goto	u51
   236  0027  2829               	goto	u50
   237  0028                     u51:
   238  0028  2824               	goto	l39
   239  0029                     u50:
   240  0029                     l700:
   241                           
   242                           ;main.c: 69:             counter++;
   243  0029  3001               	movlw	1
   244  002A  008E               	movwf	??_main
   245  002B  080E               	movf	??_main,w
   246  002C  0790               	addwf	_counter,f
   247  002D                     l702:
   248                           
   249                           ;main.c: 71:             EEADR = 0x1F;
   250  002D  301F               	movlw	31
   251  002E  0089               	movwf	9	;volatile
   252  002F                     l704:
   253                           
   254                           ;main.c: 72:             EEDATA = counter;
   255  002F  0810               	movf	_counter,w
   256  0030  0088               	movwf	8	;volatile
   257  0031                     l706:
   258                           
   259                           ;main.c: 73:             WREN = 1;
   260  0031  1683               	bsf	3,5	;RP0=1, select bank1
   261  0032  1508               	bsf	8,2	;volsfr
   262  0033                     l708:
   263                           
   264                           ;main.c: 74:             unlockProtection();
   265  0033  204F               	fcall	_unlockProtection
   266  0034                     l710:
   267                           
   268                           ;main.c: 75:             WR = 1;
   269  0034  1683               	bsf	3,5	;RP0=1, select bank1
   270  0035  1488               	bsf	8,1	;volsfr
   271  0036  2817               	goto	l696
   272  0037  280B               	ljmp	start
   273  0038                     __end_of_main:
   274                           
   275                           	psect	text1
   276  004F                     __ptext1:	
   277 ;; *************** function _unlockProtection *****************
   278 ;; Defined at:
   279 ;;		line 104 in file "main.c"
   280 ;; Parameters:    Size  Location     Type
   281 ;;		None
   282 ;; Auto vars:     Size  Location     Type
   283 ;;		None
   284 ;; Return value:  Size  Location     Type
   285 ;;                  1    wreg      void 
   286 ;; Registers used:
   287 ;;		wreg
   288 ;; Tracked objects:
   289 ;;		On entry : 0/0
   290 ;;		On exit  : 0/0
   291 ;;		Unchanged: 0/0
   292 ;; Data sizes:     COMMON   BANK0
   293 ;;      Params:         0       0
   294 ;;      Locals:         0       0
   295 ;;      Temps:          0       0
   296 ;;      Totals:         0       0
   297 ;;Total ram usage:        0 bytes
   298 ;; Hardware stack levels used:    1
   299 ;; Hardware stack levels required when called:    1
   300 ;; This function calls:
   301 ;;		Nothing
   302 ;; This function is called by:
   303 ;;		_main
   304 ;; This function uses a non-reentrant model
   305 ;;
   306                           
   307                           
   308                           ;psect for function _unlockProtection
   309  004F                     _unlockProtection:
   310  004F                     l686:	
   311                           ;incstack = 0
   312                           ; Regs used in _unlockProtection: [wreg]
   313                           
   314                           
   315                           ;main.c: 106:     EECON2 = 0x55;
   316  004F  3055               	movlw	85
   317  0050  1683               	bsf	3,5	;RP0=1, select bank1
   318  0051  0089               	movwf	9	;volsfr
   319                           
   320                           ;main.c: 107:     EECON2 = 0xAA;
   321  0052  30AA               	movlw	170
   322  0053  0089               	movwf	9	;volsfr
   323  0054                     l56:
   324  0054  0008               	return
   325  0055                     __end_of_unlockProtection:
   326                           
   327                           	psect	text2
   328  0055                     __ptext2:	
   329 ;; *************** function _setEeprom *****************
   330 ;; Defined at:
   331 ;;		line 98 in file "main.c"
   332 ;; Parameters:    Size  Location     Type
   333 ;;		None
   334 ;; Auto vars:     Size  Location     Type
   335 ;;		None
   336 ;; Return value:  Size  Location     Type
   337 ;;                  1    wreg      void 
   338 ;; Registers used:
   339 ;;		None
   340 ;; Tracked objects:
   341 ;;		On entry : 0/0
   342 ;;		On exit  : 0/0
   343 ;;		Unchanged: 0/0
   344 ;; Data sizes:     COMMON   BANK0
   345 ;;      Params:         0       0
   346 ;;      Locals:         0       0
   347 ;;      Temps:          0       0
   348 ;;      Totals:         0       0
   349 ;;Total ram usage:        0 bytes
   350 ;; Hardware stack levels used:    1
   351 ;; Hardware stack levels required when called:    1
   352 ;; This function calls:
   353 ;;		Nothing
   354 ;; This function is called by:
   355 ;;		_main
   356 ;; This function uses a non-reentrant model
   357 ;;
   358                           
   359                           
   360                           ;psect for function _setEeprom
   361  0055                     _setEeprom:
   362  0055                     l684:	
   363                           ;incstack = 0
   364                           ; Regs used in _setEeprom: []
   365                           
   366                           
   367                           ;main.c: 100:     INTCONbits.GIE = 1;
   368  0055  178B               	bsf	11,7	;volatile
   369                           
   370                           ;main.c: 101:     INTCONbits.EEIE = 1;
   371  0056  170B               	bsf	11,6	;volatile
   372  0057                     l53:
   373  0057  0008               	return
   374  0058                     __end_of_setEeprom:
   375                           
   376                           	psect	text3
   377  0038                     __ptext3:	
   378 ;; *************** function _myInterruptHandler *****************
   379 ;; Defined at:
   380 ;;		line 85 in file "main.c"
   381 ;; Parameters:    Size  Location     Type
   382 ;;		None
   383 ;; Auto vars:     Size  Location     Type
   384 ;;		None
   385 ;; Return value:  Size  Location     Type
   386 ;;                  1    wreg      void 
   387 ;; Registers used:
   388 ;;		wreg
   389 ;; Tracked objects:
   390 ;;		On entry : 0/0
   391 ;;		On exit  : 0/0
   392 ;;		Unchanged: 0/0
   393 ;; Data sizes:     COMMON   BANK0
   394 ;;      Params:         0       0
   395 ;;      Locals:         0       0
   396 ;;      Temps:          0       2
   397 ;;      Totals:         0       2
   398 ;;Total ram usage:        2 bytes
   399 ;; Hardware stack levels used:    1
   400 ;; This function calls:
   401 ;;		Nothing
   402 ;; This function is called by:
   403 ;;		Interrupt level 1
   404 ;; This function uses a non-reentrant model
   405 ;;
   406                           
   407                           
   408                           ;psect for function _myInterruptHandler
   409  0038                     _myInterruptHandler:
   410  0038                     i1l712:
   411                           
   412                           ;main.c: 87:     if (EEIF)
   413  0038  1683               	bsf	3,5	;RP0=1, select bank1
   414  0039  1E08               	btfss	8,4	;volsfr
   415  003A  283C               	goto	u6_21
   416  003B  283D               	goto	u6_20
   417  003C                     u6_21:
   418  003C  2845               	goto	i1l718
   419  003D                     u6_20:
   420  003D                     i1l714:
   421                           
   422                           ;main.c: 88:     {;main.c: 89:         EEADR = 0x1F;
   423  003D  301F               	movlw	31
   424  003E  1283               	bcf	3,5	;RP0=0, select bank0
   425  003F  0089               	movwf	9	;volatile
   426  0040                     i1l716:
   427                           
   428                           ;main.c: 90:         RD = 1;
   429  0040  1683               	bsf	3,5	;RP0=1, select bank1
   430  0041  1408               	bsf	8,0	;volsfr
   431                           
   432                           ;main.c: 92:         PORTB = EEDATA;
   433  0042  1283               	bcf	3,5	;RP0=0, select bank0
   434  0043  0808               	movf	8,w	;volatile
   435  0044  0086               	movwf	6	;volatile
   436  0045                     i1l718:
   437                           
   438                           ;main.c: 95:     EEIF = 0;
   439  0045  1683               	bsf	3,5	;RP0=1, select bank1
   440  0046  1208               	bcf	8,4	;volsfr
   441  0047                     i1l50:
   442  0047  1283               	bcf	3,5	;RP0=0, select bank0
   443  0048  080D               	movf	??_myInterruptHandler+1,w
   444  0049  008A               	movwf	10
   445  004A  0E0C               	swapf	??_myInterruptHandler^0,w
   446  004B  0083               	movwf	3
   447  004C  0ECE               	swapf	btemp,f
   448  004D  0E4E               	swapf	btemp,w
   449  004E  0009               	retfie
   450  004F                     __end_of_myInterruptHandler:
   451  004E                     btemp	set	78	;btemp
   452  004E                     wtemp0	set	78
   453                           
   454                           	psect	intentry
   455  0004                     __pintentry:	
   456                           ;incstack = 0
   457                           ; Regs used in _myInterruptHandler: [wreg]
   458                           
   459  0004                     interrupt_function:
   460  004E                     saved_w	set	btemp
   461  0004  00CE               	movwf	btemp
   462  0005  0E03               	swapf	3,w
   463  0006  1283               	bcf	3,5	;RP0=0, select bank0
   464  0007  008C               	movwf	??_myInterruptHandler
   465  0008  080A               	movf	10,w
   466  0009  008D               	movwf	??_myInterruptHandler+1
   467  000A  2838               	ljmp	_myInterruptHandler
   468                           
   469                           	psect	config
   470                           
   471                           ;Config register CONFIG @ 0x2007
   472                           ;	Oscillator Selection bits
   473                           ;	FOSC = XT, XT oscillator
   474                           ;	Watchdog Timer
   475                           ;	WDTE = OFF, WDT disabled
   476                           ;	Power-up Timer Enable bit
   477                           ;	PWRTE = OFF, Power-up Timer is disabled
   478                           ;	Code Protection bit
   479                           ;	CP = OFF, Code protection disabled
   480  2007                     	org	8199
   481  2007  3FF9               	dw	16377

Data Sizes:
    Strings     0
    Constant    0
    Data        0
    BSS         1
    Persistent  0
    Stack       0

Auto Spaces:
    Space          Size  Autos    Used
    COMMON            0      0       0
    BANK0            66      4       5

Pointer List with Targets:

    None.

Critical Paths under _main in COMMON

    None.

Critical Paths under _myInterruptHandler in COMMON

    None.

Critical Paths under _main in BANK0

    None.

Critical Paths under _myInterruptHandler in BANK0

    None.

Call Graph Tables:

 ---------------------------------------------------------------------------------
 (Depth) Function   	        Calls       Base Space   Used Autos Params    Refs
 ---------------------------------------------------------------------------------
 (0) _main                                                 2     2      0       0
                                              2 BANK0      2     2      0
                          _setEeprom
                   _unlockProtection
 ---------------------------------------------------------------------------------
 (1) _unlockProtection                                     0     0      0       0
 ---------------------------------------------------------------------------------
 (1) _setEeprom                                            0     0      0       0
 ---------------------------------------------------------------------------------
 Estimated maximum stack depth 1
 ---------------------------------------------------------------------------------
 (Depth) Function   	        Calls       Base Space   Used Autos Params    Refs
 ---------------------------------------------------------------------------------
 (2) _myInterruptHandler                                   2     2      0       0
                                              0 BANK0      2     2      0
 ---------------------------------------------------------------------------------
 Estimated maximum stack depth 2
 ---------------------------------------------------------------------------------

 Call Graph Graphs:

 _main (ROOT)
   _setEeprom
   _unlockProtection

 _myInterruptHandler (ROOT)

 Address spaces:
Name               Size   Autos  Total    Cost      Usage
BITCOMMON            0      0       0       0        0.0%
EEDATA              40      0       0       0        0.0%
NULL                 0      0       0       0        0.0%
CODE                 0      0       0       0        0.0%
BITSFR0              0      0       0       1        0.0%
SFR0                 0      0       0       1        0.0%
COMMON               0      0       0       1        0.0%
BITSFR1              0      0       0       2        0.0%
SFR1                 0      0       0       2        0.0%
STACK                0      0       0       2        0.0%
BANK0               42      4       5       3        7.6%
ABS                  0      0       5       4        0.0%
BITBANK0            42      0       0       5        0.0%
DATA                 0      0       5       6        0.0%


Microchip Technology PIC Macro Assembler V2.20 build 20200408173844 
Symbol Table                                                                                   Wed Dec 23 22:39:03 2020

                         l53 0057                           l39 0024                           l56 0054  
                         _RD 0440                           u40 001C                           u41 001B  
                         u50 0029                           u51 0028                           u77 0020  
                         _WR 0441             _unlockProtection 004F                          l700 0029  
                        l710 0034                          l702 002D                          l704 002F  
                        l706 0031                          l708 0033                          l690 0012  
                        l684 0055                          l692 0014                          l686 004F  
                        l694 0016                          l696 0017                          l688 0010  
                        l698 001C                          _RA0 0028                         _EEIF 0444  
                       i1l50 0047                         _WREN 0442                         u6_20 003D  
                       u6_21 003C                         _main 0010                         btemp 004E  
                       start 000B                        ?_main 000C                        _EEADR 0009  
                      i1l712 0038                        i1l714 003D                        i1l716 0040  
                      i1l718 0045                        _PORTB 0006                        _TRISA 0085  
                      _TRISB 0086                        pclath 000A                        status 0003  
                      wtemp0 004E              __initialization 000C                 __end_of_main 0038  
                     ??_main 000E                       _EEDATA 0008                       _EECON2 0089  
 __end_of_myInterruptHandler 004F                       saved_w 004E      __end_of__initialization 000E  
   __end_of_unlockProtection 0055               __pcstackCOMMON 0000                   __pbssBANK0 0010  
                 __pmaintext 0010           __size_of_setEeprom 0003                   __pintentry 0004  
                    __ptext1 004F                      __ptext2 0055                      __ptext3 0038  
                    _counter 0010            __end_of_setEeprom 0058         end_of_initialization 000E  
         _myInterruptHandler 0038          ?_myInterruptHandler 000C            ?_unlockProtection 000C  
         ??_unlockProtection 0000         ??_myInterruptHandler 000C          start_initialization 000C  
                  ___latbits 0000                __pcstackBANK0 000C            interrupt_function 0004  
                  _setEeprom 0055                   ?_setEeprom 000C    __size_of_unlockProtection 0006  
              __size_of_main 0028  __size_of_myInterruptHandler 0017                   _INTCONbits 000B  
                   intlevel1 0000                  ??_setEeprom 0000  
