

Microchip MPLAB XC8 Assembler V2.20 build 20200408173844 
                                                                                               Thu Nov 19 12:33:14 2020

Microchip MPLAB XC8 C Compiler v2.20 (Free license) build 20200408173844 Og1 
     1                           	processor	16F628A
     2                           	pagewidth 120
     3                           	opt	flic
     4                           	psect	idataCOMMON,global,class=CODE,delta=2,noexec
     5                           	psect	cinit,global,class=CODE,merge=1,delta=2
     6                           	psect	dataCOMMON,global,class=COMMON,space=1,delta=1,noexec
     7                           	psect	cstackCOMMON,global,class=COMMON,space=1,delta=1,noexec
     8                           	psect	maintext,global,class=CODE,split=1,delta=2
     9                           	psect	text1,local,class=CODE,merge=1,delta=2
    10                           	psect	intentry,global,class=CODE,delta=2
    11                           	psect	config,global,abs,ovrld,class=CONFIG,space=4,delta=2,noexec
    12                           	dabs	1,0x7E,2
    13  0000                     
    14                           ; Version 2.20
    15                           ; Generated 12/02/2020 GMT
    16                           ; 
    17                           ; Copyright © 2020, Microchip Technology Inc. and its subsidiaries ("Microchip")
    18                           ; All rights reserved.
    19                           ; 
    20                           ; This software is developed by Microchip Technology Inc. and its subsidiaries ("Microch
      +                          ip").
    21                           ; 
    22                           ; Redistribution and use in source and binary forms, with or without modification, are
    23                           ; permitted provided that the following conditions are met:
    24                           ; 
    25                           ;     1. Redistributions of source code must retain the above copyright notice, this lis
      +                          t of
    26                           ;        conditions and the following disclaimer.
    27                           ; 
    28                           ;     2. Redistributions in binary form must reproduce the above copyright notice, this 
      +                          list
    29                           ;        of conditions and the following disclaimer in the documentation and/or other
    30                           ;        materials provided with the distribution.
    31                           ; 
    32                           ;     3. Microchip's name may not be used to endorse or promote products derived from th
      +                          is
    33                           ;        software without specific prior written permission.
    34                           ; 
    35                           ; THIS SOFTWARE IS PROVIDED BY MICROCHIP "AS IS" AND ANY EXPRESS OR IMPLIED WARRANTIES,
    36                           ; INCLUDING, BUT NOT LIMITED TO, THE IMPLIED WARRANTIES OF MERCHANTABILITY AND FITNESS F
      +                          OR
    37                           ; PURPOSE ARE DISCLAIMED.  IN NO EVENT SHALL MICROCHIP BE LIABLE FOR ANY DIRECT, INDIREC
      +                          T,
    38                           ; INCIDENTAL, SPECIAL, EXEMPLARY, OR CONSEQUENTIAL DAMAGES (INCLUDING BUT NOT LIMITED TO
    39                           ; PROCUREMENT OF SUBSTITUTE GOODS OR SERVICES; LOSS OF USE, DATA OR PROFITS; OR BUSINESS
    40                           ; INTERRUPTION) HOWSOEVER CAUSED AND ON ANY THEORY OF LIABILITY, WHETHER IN CONTRACT, ST
      +                          RICT
    41                           ; LIABILITY, OR TORT (INCLUDING NEGLIGENCE OR OTHERWISE) ARISING IN ANY WAY OUT OF THE U
      +                          SE OF
    42                           ; THIS SOFTWARE, EVEN IF ADVISED OF THE POSSIBILITY OF SUCH DAMAGE.
    43                           ; 
    44                           ; 
    45                           ; Code-generator required, PIC16F628A Definitions
    46                           ; 
    47                           ; SFR Addresses
    48  0000                     	;# 
    49  0001                     	;# 
    50  0002                     	;# 
    51  0003                     	;# 
    52  0004                     	;# 
    53  0005                     	;# 
    54  0006                     	;# 
    55  000A                     	;# 
    56  000B                     	;# 
    57  000C                     	;# 
    58  000E                     	;# 
    59  000E                     	;# 
    60  000F                     	;# 
    61  0010                     	;# 
    62  0011                     	;# 
    63  0012                     	;# 
    64  0015                     	;# 
    65  0015                     	;# 
    66  0016                     	;# 
    67  0017                     	;# 
    68  0018                     	;# 
    69  0019                     	;# 
    70  001A                     	;# 
    71  001F                     	;# 
    72  0081                     	;# 
    73  0085                     	;# 
    74  0086                     	;# 
    75  008C                     	;# 
    76  008E                     	;# 
    77  0092                     	;# 
    78  0098                     	;# 
    79  0099                     	;# 
    80  009A                     	;# 
    81  009B                     	;# 
    82  009C                     	;# 
    83  009D                     	;# 
    84  009F                     	;# 
    85  0000                     	;# 
    86  0001                     	;# 
    87  0002                     	;# 
    88  0003                     	;# 
    89  0004                     	;# 
    90  0005                     	;# 
    91  0006                     	;# 
    92  000A                     	;# 
    93  000B                     	;# 
    94  000C                     	;# 
    95  000E                     	;# 
    96  000E                     	;# 
    97  000F                     	;# 
    98  0010                     	;# 
    99  0011                     	;# 
   100  0012                     	;# 
   101  0015                     	;# 
   102  0015                     	;# 
   103  0016                     	;# 
   104  0017                     	;# 
   105  0018                     	;# 
   106  0019                     	;# 
   107  001A                     	;# 
   108  001F                     	;# 
   109  0081                     	;# 
   110  0085                     	;# 
   111  0086                     	;# 
   112  008C                     	;# 
   113  008E                     	;# 
   114  0092                     	;# 
   115  0098                     	;# 
   116  0099                     	;# 
   117  009A                     	;# 
   118  009B                     	;# 
   119  009C                     	;# 
   120  009D                     	;# 
   121  009F                     	;# 
   122                           
   123                           	psect	idataCOMMON
   124  005C                     __pidataCOMMON:
   125                           
   126                           ;initializer for _counter
   127  005C  3401               	retlw	1
   128  000B                     _INTCONbits	set	11
   129  0001                     _TMR0	set	1
   130  0006                     _PORTB	set	6
   131  005A                     _T0IF	set	90
   132  0030                     _RB0	set	48
   133  0081                     _OPTION_REG	set	129
   134  0086                     _TRISB	set	134
   135                           
   136                           	psect	cinit
   137  000B                     start_initialization:	
   138                           ; #config settings
   139                           
   140  000B                     __initialization:
   141                           
   142                           ; Initialize objects allocated to COMMON
   143  000B  205C               	fcall	__pidataCOMMON	;fetch initializer
   144  000C  00F6               	movwf	__pdataCOMMON& (0+127)
   145  000D                     end_of_initialization:	
   146                           ;End of C runtime variable initialization code
   147                           
   148  000D                     __end_of__initialization:
   149  000D  0183               	clrf	3
   150  000E  280F               	ljmp	_main	;jump to C main() function
   151                           
   152                           	psect	dataCOMMON
   153  0076                     __pdataCOMMON:
   154  0076                     _counter:
   155  0076                     	ds	1
   156                           
   157                           	psect	cstackCOMMON
   158  0070                     __pcstackCOMMON:
   159  0070                     ?_main:
   160  0070                     ?_myInterruptHnadler:	
   161                           ; 1 bytes @ 0x0
   162                           
   163  0070                     ??_myInterruptHnadler:	
   164                           ; 1 bytes @ 0x0
   165                           
   166                           
   167                           ; 1 bytes @ 0x0
   168  0070                     	ds	3
   169  0073                     ??_main:
   170                           
   171                           ; 1 bytes @ 0x3
   172  0073                     	ds	3
   173                           
   174                           	psect	maintext
   175  000F                     __pmaintext:	
   176 ;;
   177 ;;Main: autosize = 0, tempsize = 3, incstack = 0, save=0
   178 ;;
   179 ;; *************** function _main *****************
   180 ;; Defined at:
   181 ;;		line 61 in file "main.c"
   182 ;; Parameters:    Size  Location     Type
   183 ;;		None
   184 ;; Auto vars:     Size  Location     Type
   185 ;;		None
   186 ;; Return value:  Size  Location     Type
   187 ;;                  1    wreg      void 
   188 ;; Registers used:
   189 ;;		wreg, status,2, status,0
   190 ;; Tracked objects:
   191 ;;		On entry : B00/0
   192 ;;		On exit  : 0/0
   193 ;;		Unchanged: 0/0
   194 ;; Data sizes:     COMMON   BANK0   BANK1   BANK2
   195 ;;      Params:         0       0       0       0
   196 ;;      Locals:         0       0       0       0
   197 ;;      Temps:          3       0       0       0
   198 ;;      Totals:         3       0       0       0
   199 ;;Total ram usage:        3 bytes
   200 ;; Hardware stack levels required when called:    1
   201 ;; This function calls:
   202 ;;		Nothing
   203 ;; This function is called by:
   204 ;;		Startup code after reset
   205 ;; This function uses a non-reentrant model
   206 ;;
   207                           
   208                           
   209                           ;psect for function _main
   210  000F                     _main:
   211  000F                     l625:	
   212                           ;incstack = 0
   213                           ; Regs used in _main: [wreg+status,2+status,0]
   214                           
   215                           
   216                           ;main.c: 63:     PORTB = 0;
   217  000F  1283               	bcf	3,5	;RP0=0, select bank0
   218  0010  1303               	bcf	3,6	;RP1=0, select bank0
   219  0011  0186               	clrf	6	;volatile
   220                           
   221                           ;main.c: 64:     TRISB = 0;
   222  0012  1683               	bsf	3,5	;RP0=1, select bank1
   223  0013  1303               	bcf	3,6	;RP1=0, select bank1
   224  0014  0186               	clrf	6	;volatile
   225                           
   226                           ;main.c: 65:     TMR0 = 0x00;
   227  0015  1283               	bcf	3,5	;RP0=0, select bank0
   228  0016  1303               	bcf	3,6	;RP1=0, select bank0
   229  0017  0181               	clrf	1	;volatile
   230  0018                     l627:
   231                           
   232                           ;main.c: 66:     OPTION_REG = 0b00000111;
   233  0018  3007               	movlw	7
   234  0019  1683               	bsf	3,5	;RP0=1, select bank1
   235  001A  1303               	bcf	3,6	;RP1=0, select bank1
   236  001B  0081               	movwf	1	;volatile
   237  001C                     l629:
   238                           
   239                           ;main.c: 67:     INTCONbits.GIE = 1;
   240  001C  178B               	bsf	11,7	;volatile
   241  001D                     l631:
   242                           
   243                           ;main.c: 68:     INTCONbits.T0IE = 1;
   244  001D  168B               	bsf	11,5	;volatile
   245  001E                     l633:
   246                           
   247                           ;main.c: 71:     {;main.c: 72:          PORTB ^= (1 << RB0);
   248  001E  3001               	movlw	1
   249  001F  00F3               	movwf	??_main
   250  0020  3000               	movlw	0
   251  0021  1283               	bcf	3,5	;RP0=0, select bank0
   252  0022  1303               	bcf	3,6	;RP1=0, select bank0
   253  0023  1806               	btfsc	6,0	;volatile
   254  0024  3001               	movlw	1
   255  0025  3E01               	addlw	1
   256  0026  2829               	goto	u14
   257  0027                     u15:
   258  0027  1003               	clrc
   259  0028  0DF3               	rlf	??_main,f
   260  0029                     u14:
   261  0029  3EFF               	addlw	-1
   262  002A  1D03               	skipz
   263  002B  2827               	goto	u15
   264  002C  0873               	movf	??_main,w
   265  002D  00F4               	movwf	??_main+1
   266  002E  0874               	movf	??_main+1,w
   267  002F  0686               	xorwf	6,f	;volatile
   268  0030                     l635:
   269                           
   270                           ;main.c: 73:         _delay((unsigned long)((2000)*(4000000/4000.0)));
   271  0030  300B               	movlw	11
   272  0031  00F5               	movwf	??_main+2
   273  0032  3026               	movlw	38
   274  0033  00F4               	movwf	??_main+1
   275  0034  305D               	movlw	93
   276  0035  00F3               	movwf	??_main
   277  0036                     u47:
   278  0036  0BF3               	decfsz	??_main,f
   279  0037  2836               	goto	u47
   280  0038  0BF4               	decfsz	??_main+1,f
   281  0039  2836               	goto	u47
   282  003A  0BF5               	decfsz	??_main+2,f
   283  003B  2836               	goto	u47
   284  003C  283D               	nop2
   285  003D  281E               	goto	l633
   286  003E  280A               	ljmp	start
   287  003F                     __end_of_main:
   288                           
   289                           	psect	text1
   290  003F                     __ptext1:	
   291 ;; *************** function _myInterruptHnadler *****************
   292 ;; Defined at:
   293 ;;		line 81 in file "main.c"
   294 ;; Parameters:    Size  Location     Type
   295 ;;		None
   296 ;; Auto vars:     Size  Location     Type
   297 ;;		None
   298 ;; Return value:  Size  Location     Type
   299 ;;                  1    wreg      void 
   300 ;; Registers used:
   301 ;;		wreg, status,2, status,0
   302 ;; Tracked objects:
   303 ;;		On entry : 0/0
   304 ;;		On exit  : 0/0
   305 ;;		Unchanged: 0/0
   306 ;; Data sizes:     COMMON   BANK0   BANK1   BANK2
   307 ;;      Params:         0       0       0       0
   308 ;;      Locals:         0       0       0       0
   309 ;;      Temps:          3       0       0       0
   310 ;;      Totals:         3       0       0       0
   311 ;;Total ram usage:        3 bytes
   312 ;; Hardware stack levels used:    1
   313 ;; This function calls:
   314 ;;		Nothing
   315 ;; This function is called by:
   316 ;;		Interrupt level 1
   317 ;; This function uses a non-reentrant model
   318 ;;
   319                           
   320                           
   321                           ;psect for function _myInterruptHnadler
   322  003F                     _myInterruptHnadler:
   323  003F                     i1l637:
   324                           
   325                           ;main.c: 83:     if (T0IF)
   326  003F  1D0B               	btfss	11,2	;volatile
   327  0040  2842               	goto	u2_21
   328  0041  2843               	goto	u2_20
   329  0042                     u2_21:
   330  0042  2855               	goto	i1l33
   331  0043                     u2_20:
   332  0043                     i1l639:
   333                           
   334                           ;main.c: 84:     {;main.c: 86:         counter++;
   335  0043  3001               	movlw	1
   336  0044  00F0               	movwf	??_myInterruptHnadler
   337  0045  0870               	movf	??_myInterruptHnadler,w
   338  0046  07F6               	addwf	_counter,f
   339  0047                     i1l641:
   340                           
   341                           ;main.c: 88:         INTCONbits.T0IF = 0;
   342  0047  110B               	bcf	11,2	;volatile
   343                           
   344                           ;main.c: 90:         if (counter == 16)
   345  0048  3010               	movlw	16
   346  0049  0676               	xorwf	_counter,w
   347  004A  1D03               	btfss	3,2
   348  004B  284D               	goto	u3_21
   349  004C  284E               	goto	u3_20
   350  004D                     u3_21:
   351  004D  2855               	goto	i1l33
   352  004E                     u3_20:
   353  004E                     i1l643:
   354                           
   355                           ;main.c: 91:         {;main.c: 92:             PORTB ^= 0b00001000;
   356  004E  3008               	movlw	8
   357  004F  00F0               	movwf	??_myInterruptHnadler
   358  0050  0870               	movf	??_myInterruptHnadler,w
   359  0051  1283               	bcf	3,5	;RP0=0, select bank0
   360  0052  1303               	bcf	3,6	;RP1=0, select bank0
   361  0053  0686               	xorwf	6,f	;volatile
   362  0054                     i1l645:
   363                           
   364                           ;main.c: 94:             counter = 0;
   365  0054  01F6               	clrf	_counter
   366  0055                     i1l33:
   367  0055  0872               	movf	??_myInterruptHnadler+2,w
   368  0056  008A               	movwf	10
   369  0057  0E71               	swapf	(??_myInterruptHnadler+1)^(0+4294967168),w
   370  0058  0083               	movwf	3
   371  0059  0EFE               	swapf	btemp,f
   372  005A  0E7E               	swapf	btemp,w
   373  005B  0009               	retfie
   374  005C                     __end_of_myInterruptHnadler:
   375  007E                     btemp	set	126	;btemp
   376  007E                     wtemp0	set	126
   377                           
   378                           	psect	intentry
   379  0004                     __pintentry:	
   380                           ;incstack = 0
   381                           ; Regs used in _myInterruptHnadler: [wreg+status,2+status,0]
   382                           
   383  0004                     interrupt_function:
   384  007E                     saved_w	set	btemp
   385  0004  00FE               	movwf	btemp
   386  0005  0E03               	swapf	3,w
   387  0006  00F1               	movwf	??_myInterruptHnadler+1
   388  0007  080A               	movf	10,w
   389  0008  00F2               	movwf	??_myInterruptHnadler+2
   390  0009  283F               	ljmp	_myInterruptHnadler
   391                           
   392                           	psect	config
   393                           
   394                           ;Config register CONFIG @ 0x2007
   395                           ;	Oscillator Selection bits
   396                           ;	FOSC = EXTRCIO, RC oscillator: I/O function on RA6/OSC2/CLKOUT pin, Resistor and Capac
      +                          itor on RA7/OSC1/CLKIN
   397                           ;	Watchdog Timer Enable bit
   398                           ;	WDTE = OFF, WDT disabled
   399                           ;	Power-up Timer Enable bit
   400                           ;	PWRTE = OFF, PWRT disabled
   401                           ;	RA5/MCLR/VPP Pin Function Select bit
   402                           ;	MCLRE = ON, RA5/MCLR/VPP pin function is MCLR
   403                           ;	Brown-out Detect Enable bit
   404                           ;	BOREN = OFF, BOD disabled
   405                           ;	Low-Voltage Programming Enable bit
   406                           ;	LVP = OFF, RB4/PGM pin has digital I/O function, HV on MCLR must be used for programmi
      +                          ng
   407                           ;	Data EE Memory Code Protection bit
   408                           ;	CPD = OFF, Data memory code protection off
   409                           ;	Flash Program Memory Code Protection bit
   410                           ;	CP = OFF, Code protection off
   411  2007                     	org	8199
   412  2007  3F3A               	dw	16186

Data Sizes:
    Strings     0
    Constant    0
    Data        1
    BSS         0
    Persistent  0
    Stack       0

Auto Spaces:
    Space          Size  Autos    Used
    COMMON           14      6       7
    BANK0            80      0       0
    BANK1            80      0       0
    BANK2            48      0       0

Pointer List with Targets:

    None.

Critical Paths under _main in COMMON

    None.

Critical Paths under _myInterruptHnadler in COMMON

    None.

Critical Paths under _main in BANK0

    None.

Critical Paths under _myInterruptHnadler in BANK0

    None.

Critical Paths under _main in BANK1

    None.

Critical Paths under _myInterruptHnadler in BANK1

    None.

Critical Paths under _main in BANK2

    None.

Critical Paths under _myInterruptHnadler in BANK2

    None.

Call Graph Tables:

 ---------------------------------------------------------------------------------
 (Depth) Function   	        Calls       Base Space   Used Autos Params    Refs
 ---------------------------------------------------------------------------------
 (0) _main                                                 3     3      0       0
                                              3 COMMON     3     3      0
 ---------------------------------------------------------------------------------
 Estimated maximum stack depth 0
 ---------------------------------------------------------------------------------
 (Depth) Function   	        Calls       Base Space   Used Autos Params    Refs
 ---------------------------------------------------------------------------------
 (1) _myInterruptHnadler                                   3     3      0       0
                                              0 COMMON     3     3      0
 ---------------------------------------------------------------------------------
 Estimated maximum stack depth 1
 ---------------------------------------------------------------------------------

 Call Graph Graphs:

 _main (ROOT)

 _myInterruptHnadler (ROOT)

 Address spaces:
Name               Size   Autos  Total    Cost      Usage
SFR3                 0      0       0       4        0.0%
BITSFR3              0      0       0       4        0.0%
BANK2               30      0       0       9        0.0%
BITBANK2            30      0       0       8        0.0%
SFR2                 0      0       0       5        0.0%
BITSFR2              0      0       0       5        0.0%
BANK1               50      0       0       7        0.0%
BITBANK1            50      0       0       6        0.0%
SFR1                 0      0       0       2        0.0%
BITSFR1              0      0       0       2        0.0%
BANK0               50      0       0       3        0.0%
BITBANK0            50      0       0       5        0.0%
SFR0                 0      0       0       1        0.0%
BITSFR0              0      0       0       1        0.0%
COMMON               E      6       7       1       50.0%
BITCOMMON            E      0       0       0        0.0%
CODE                 0      0       0       0        0.0%
DATA                 0      0       7      10        0.0%
ABS                  0      0       7       4        0.0%
NULL                 0      0       0       0        0.0%
STACK                0      0       0       2        0.0%
EEDATA              80      0       0       0        0.0%


Microchip Technology PIC Macro Assembler V2.20 build 20200408173844 
Symbol Table                                                                                   Thu Nov 19 12:33:14 2020

                         u14 0029                           u15 0027                           u47 0036  
                        l631 001D                          l633 001E                          l625 000F  
                        l635 0030                          l627 0018                          l629 001C  
                        _RB0 0030                         _T0IF 005A                         i1l33 0055  
                       _TMR0 0001                         u2_20 0043                         u2_21 0042  
                       u3_20 004E                         u3_21 004D                         _main 000F  
                       btemp 007E                         start 000A                        ?_main 0070  
                      i1l641 0047                        i1l643 004E                        i1l645 0054  
                      i1l637 003F                        i1l639 0043                        _PORTB 0006  
                      _TRISB 0086                        pclath 000A                        status 0003  
                      wtemp0 007E              __initialization 000B                 __end_of_main 003F  
                     ??_main 0073   __end_of_myInterruptHnadler 005C                 __pdataCOMMON 0076  
                     saved_w 007E      __end_of__initialization 000D               __pcstackCOMMON 0070  
                 __pmaintext 000F                   __pintentry 0004                      __ptext1 003F  
                    _counter 0076         end_of_initialization 000D           _myInterruptHnadler 003F  
        ?_myInterruptHnadler 0070                __pidataCOMMON 005C         ??_myInterruptHnadler 0070  
        start_initialization 000B                    ___latbits 0000            interrupt_function 0004  
              __size_of_main 0030  __size_of_myInterruptHnadler 001D                   _INTCONbits 000B  
                   intlevel1 0000                   _OPTION_REG 0081  
